2023-04-17 13:40:36 - Please select pcap!
2023-04-17 13:40:56 - Please select output folder!
2023-04-17 13:40:59 - You select: 1.pcap
2023-04-17 13:40:59 - Out folder: .
2023-04-17 13:41:00 - CICFlowMeter received 1 pcap file
2023-04-17 13:41:26 - You select: 1.pcap
2023-04-17 13:41:26 - Out folder: ./
2023-04-17 13:41:27 - CICFlowMeter received 1 pcap file
2023-04-17 13:41:32 - You select: 1.pcap
2023-04-17 13:41:32 - Out folder: .
2023-04-17 13:41:33 - CICFlowMeter received 1 pcap file
2023-04-17 13:41:40 - You select: 1.pcap
2023-04-17 13:41:40 - Out folder: output
2023-04-17 13:41:41 - CICFlowMeter received 1 pcap file
2023-04-17 13:41:50 - You select: 1.pcap
2023-04-17 13:41:50 - Out folder: ./output
2023-04-17 13:41:51 - CICFlowMeter received 1 pcap file
2023-04-17 13:44:58 - You select: 1.pcap
2023-04-17 13:44:58 - Out folder: ./output
2023-04-17 13:44:59 - CICFlowMeter received 1 pcap file
2023-04-17 13:50:58 - The pcap file or folder does not exist! -> -Djava.library.path=/home/yunmo/Documents/gwangjin_ninja/CICFlowMeter-4.0/lib
2023-04-17 13:51:25 - You select: 1.pcap
2023-04-17 13:51:25 - Out folder: ./output
2023-04-17 13:51:26 - CICFlowMeter received 1 pcap file
