26/5/2023 -- 18:22:10 - <Notice> - This is Suricata version 6.0.4 RELEASE running in SYSTEM mode
26/5/2023 -- 18:22:10 - <Info> - CPUs/cores online: 16
26/5/2023 -- 18:22:10 - <Info> - NFQ running in route mode with next queue 1
26/5/2023 -- 18:22:10 - <Info> - fast output device (regular) initialized: fast.log
26/5/2023 -- 18:22:10 - <Info> - eve-log output device (regular) initialized: eve.json
26/5/2023 -- 18:22:10 - <Info> - stats output device (regular) initialized: stats.log
26/5/2023 -- 18:22:10 - <Info> - Running in live mode, activating unix socket
26/5/2023 -- 18:22:10 - <Info> - 1 rule files processed. 1 rules successfully loaded, 0 rules failed
26/5/2023 -- 18:22:10 - <Info> - Threshold config parsed: 0 rule(s) found
26/5/2023 -- 18:22:10 - <Info> - 1 signatures processed. 1 are IP-only rules, 0 are inspecting packet payload, 0 inspect application layer, 0 are decoder event only
26/5/2023 -- 18:22:10 - <Info> - binding this thread 0 to queue '0'
26/5/2023 -- 18:22:10 - <Info> - setting queue length to 4096
26/5/2023 -- 18:22:10 - <Info> - setting nfnl bufsize to 6144000
26/5/2023 -- 18:22:10 - <Info> - Running in live mode, activating unix socket
26/5/2023 -- 18:22:10 - <Info> - Using unix socket file '/var/suricata-command.socket'
26/5/2023 -- 18:22:10 - <Notice> - all 18 packet processing threads, 4 management threads initialized, engine started.
26/5/2023 -- 19:00:08 - <Notice> - Signal Received.  Stopping engine.
26/5/2023 -- 19:00:08 - <Info> - time elapsed 2278.461s
26/5/2023 -- 19:00:08 - <Notice> - (RX-NFQ#0) Treated: Pkts 60480, Bytes 3480133, Errors 0
26/5/2023 -- 19:00:08 - <Notice> - (RX-NFQ#0) Verdict: Accepted 59894, Dropped 586, Replaced 0
26/5/2023 -- 19:00:09 - <Info> - Alerts: 0
26/5/2023 -- 19:00:10 - <Info> - cleaning up signature grouping structure... complete
