2023-05-19 01:39:15 INFO  cic.cs.unb.ca.ifm.Cmd    You select: /home/yunmo/Documents/gwangjin_ninja/1.pcap
2023-05-19 01:39:15 INFO  cic.cs.unb.ca.ifm.Cmd    Out folder: ../../
2023-05-19 01:39:17 INFO  cic.cs.unb.ca.ifm.Cmd    You select: /home/yunmo/Documents/gwangjin_ninja/1.pcap
2023-05-19 01:39:17 INFO  cic.cs.unb.ca.ifm.Cmd    Out folder: ../../
2023-05-19 01:39:17 INFO  cic.cs.unb.ca.ifm.Cmd    CICFlowMeter received 1 pcap file
2023-05-19 01:39:20 INFO  cic.cs.unb.ca.ifm.Cmd    CICFlowMeter received 1 pcap file
2023-05-19 01:39:22 DEBUG cic.cs.unb.ca.jnetpcap.PacketReader    Read All packets on /home/yunmo/Documents/gwangjin_ninja/1.pcap
2023-05-19 01:39:22 INFO  cic.cs.unb.ca.ifm.Cmd    You select: /home/yunmo/Documents/gwangjin_ninja/1.pcap
2023-05-19 01:39:23 INFO  cic.cs.unb.ca.ifm.Cmd    Out folder: ../../
2023-05-19 01:39:23 DEBUG cic.cs.unb.ca.jnetpcap.PacketReader    Read All packets on /home/yunmo/Documents/gwangjin_ninja/1.pcap
2023-05-19 01:39:25 INFO  cic.cs.unb.ca.ifm.Cmd    CICFlowMeter received 1 pcap file
2023-05-19 01:39:28 INFO  cic.cs.unb.ca.ifm.Cmd    You select: /home/yunmo/Documents/gwangjin_ninja/1.pcap
2023-05-19 01:39:28 INFO  cic.cs.unb.ca.ifm.Cmd    Out folder: ../../
2023-05-19 01:39:28 DEBUG cic.cs.unb.ca.jnetpcap.PacketReader    Read All packets on /home/yunmo/Documents/gwangjin_ninja/1.pcap
2023-05-19 01:39:31 INFO  cic.cs.unb.ca.ifm.Cmd    CICFlowMeter received 1 pcap file
2023-05-19 01:39:38 DEBUG cic.cs.unb.ca.jnetpcap.PacketReader    Read All packets on /home/yunmo/Documents/gwangjin_ninja/1.pcap
2023-05-19 01:39:39 INFO  cic.cs.unb.ca.ifm.Cmd    You select: /home/yunmo/Documents/gwangjin_ninja/1.pcap
2023-05-19 01:39:39 INFO  cic.cs.unb.ca.ifm.Cmd    Out folder: ../../
2023-05-19 01:39:43 INFO  cic.cs.unb.ca.ifm.Cmd    CICFlowMeter received 1 pcap file
2023-05-19 01:39:43 INFO  cic.cs.unb.ca.ifm.Cmd    You select: /home/yunmo/Documents/gwangjin_ninja/1.pcap
2023-05-19 01:39:43 INFO  cic.cs.unb.ca.ifm.Cmd    Out folder: ../../
2023-05-19 01:39:48 INFO  cic.cs.unb.ca.ifm.Cmd    CICFlowMeter received 1 pcap file
2023-05-19 01:39:51 DEBUG cic.cs.unb.ca.jnetpcap.PacketReader    Read All packets on /home/yunmo/Documents/gwangjin_ninja/1.pcap
2023-05-19 01:39:51 INFO  cic.cs.unb.ca.ifm.Cmd    You select: /home/yunmo/Documents/gwangjin_ninja/1.pcap
2023-05-19 01:39:51 INFO  cic.cs.unb.ca.ifm.Cmd    Out folder: ../../
2023-05-19 01:39:55 DEBUG cic.cs.unb.ca.jnetpcap.PacketReader    Read All packets on /home/yunmo/Documents/gwangjin_ninja/1.pcap
2023-05-19 01:39:57 INFO  cic.cs.unb.ca.ifm.Cmd    CICFlowMeter received 1 pcap file
2023-05-19 01:39:58 INFO  cic.cs.unb.ca.ifm.Cmd    You select: /home/yunmo/Documents/gwangjin_ninja/1.pcap
2023-05-19 01:39:58 INFO  cic.cs.unb.ca.ifm.Cmd    Out folder: ../../
2023-05-19 01:40:03 INFO  cic.cs.unb.ca.ifm.Cmd    You select: /home/yunmo/Documents/gwangjin_ninja/1.pcap
2023-05-19 01:40:03 INFO  cic.cs.unb.ca.ifm.Cmd    Out folder: ../../
2023-05-19 01:40:04 INFO  cic.cs.unb.ca.ifm.Cmd    CICFlowMeter received 1 pcap file
2023-05-19 01:40:04 DEBUG cic.cs.unb.ca.jnetpcap.PacketReader    Read All packets on /home/yunmo/Documents/gwangjin_ninja/1.pcap
2023-05-19 01:40:09 INFO  cic.cs.unb.ca.ifm.Cmd    CICFlowMeter received 1 pcap file
2023-05-19 01:40:12 INFO  cic.cs.unb.ca.ifm.Cmd    You select: /home/yunmo/Documents/gwangjin_ninja/1.pcap
2023-05-19 01:40:12 INFO  cic.cs.unb.ca.ifm.Cmd    Out folder: ../../
2023-05-19 01:40:13 DEBUG cic.cs.unb.ca.jnetpcap.PacketReader    Read All packets on /home/yunmo/Documents/gwangjin_ninja/1.pcap
2023-05-19 01:40:17 INFO  cic.cs.unb.ca.ifm.Cmd    You select: /home/yunmo/Documents/gwangjin_ninja/1.pcap
2023-05-19 01:40:17 INFO  cic.cs.unb.ca.ifm.Cmd    Out folder: ../../
2023-05-19 01:40:18 INFO  cic.cs.unb.ca.ifm.Cmd    CICFlowMeter received 1 pcap file
2023-05-19 01:40:18 DEBUG cic.cs.unb.ca.jnetpcap.PacketReader    Read All packets on /home/yunmo/Documents/gwangjin_ninja/1.pcap
2023-05-19 01:40:19 DEBUG swing.common.SwingUtils    ../../1.pcap_Flow.csv (No such file or directory)
2023-05-19 01:40:23 INFO  cic.cs.unb.ca.ifm.Cmd    CICFlowMeter received 1 pcap file
2023-05-19 01:40:23 INFO  cic.cs.unb.ca.ifm.Cmd    You select: /home/yunmo/Documents/gwangjin_ninja/1.pcap
2023-05-19 01:40:23 INFO  cic.cs.unb.ca.ifm.Cmd    Out folder: ../../
2023-05-19 01:40:29 DEBUG cic.cs.unb.ca.jnetpcap.PacketReader    Read All packets on /home/yunmo/Documents/gwangjin_ninja/1.pcap
2023-05-19 01:40:31 INFO  cic.cs.unb.ca.ifm.Cmd    CICFlowMeter received 1 pcap file
2023-05-19 01:40:32 INFO  cic.cs.unb.ca.ifm.Cmd    You select: /home/yunmo/Documents/gwangjin_ninja/1.pcap
2023-05-19 01:40:32 INFO  cic.cs.unb.ca.ifm.Cmd    Out folder: ../../
2023-05-19 01:40:33 DEBUG cic.cs.unb.ca.jnetpcap.PacketReader    Read All packets on /home/yunmo/Documents/gwangjin_ninja/1.pcap
2023-05-19 01:40:41 INFO  cic.cs.unb.ca.ifm.Cmd    You select: /home/yunmo/Documents/gwangjin_ninja/1.pcap
2023-05-19 01:40:41 INFO  cic.cs.unb.ca.ifm.Cmd    Out folder: ../../
2023-05-19 01:40:42 INFO  cic.cs.unb.ca.ifm.Cmd    CICFlowMeter received 1 pcap file
2023-05-19 01:40:42 DEBUG cic.cs.unb.ca.jnetpcap.PacketReader    Read All packets on /home/yunmo/Documents/gwangjin_ninja/1.pcap
2023-05-19 01:40:46 INFO  cic.cs.unb.ca.ifm.Cmd    You select: /home/yunmo/Documents/gwangjin_ninja/1.pcap
2023-05-19 01:40:46 INFO  cic.cs.unb.ca.ifm.Cmd    Out folder: ../../
2023-05-19 01:40:47 INFO  cic.cs.unb.ca.ifm.Cmd    CICFlowMeter received 1 pcap file
2023-05-19 01:40:49 INFO  cic.cs.unb.ca.ifm.Cmd    You select: /home/yunmo/Documents/gwangjin_ninja/1.pcap
2023-05-19 01:40:49 INFO  cic.cs.unb.ca.ifm.Cmd    Out folder: ../../
2023-05-19 01:40:55 DEBUG cic.cs.unb.ca.jnetpcap.PacketReader    Read All packets on /home/yunmo/Documents/gwangjin_ninja/1.pcap
2023-05-19 01:40:56 INFO  cic.cs.unb.ca.ifm.Cmd    CICFlowMeter received 1 pcap file
2023-05-19 01:40:57 INFO  cic.cs.unb.ca.ifm.Cmd    You select: /home/yunmo/Documents/gwangjin_ninja/1.pcap
2023-05-19 01:40:57 INFO  cic.cs.unb.ca.ifm.Cmd    Out folder: ../../
2023-05-19 01:40:58 INFO  cic.cs.unb.ca.ifm.Cmd    CICFlowMeter received 1 pcap file
2023-05-19 01:41:01 DEBUG cic.cs.unb.ca.jnetpcap.PacketReader    Read All packets on /home/yunmo/Documents/gwangjin_ninja/1.pcap
2023-05-19 01:41:03 INFO  cic.cs.unb.ca.ifm.Cmd    You select: /home/yunmo/Documents/gwangjin_ninja/1.pcap
2023-05-19 01:41:03 INFO  cic.cs.unb.ca.ifm.Cmd    Out folder: ../../
2023-05-19 01:41:03 INFO  cic.cs.unb.ca.ifm.Cmd    CICFlowMeter received 1 pcap file
2023-05-19 01:41:06 INFO  cic.cs.unb.ca.ifm.Cmd    You select: /home/yunmo/Documents/gwangjin_ninja/1.pcap
2023-05-19 01:41:06 INFO  cic.cs.unb.ca.ifm.Cmd    Out folder: ../../
2023-05-19 01:41:07 DEBUG cic.cs.unb.ca.jnetpcap.PacketReader    Read All packets on /home/yunmo/Documents/gwangjin_ninja/1.pcap
2023-05-19 01:41:10 DEBUG cic.cs.unb.ca.jnetpcap.PacketReader    Read All packets on /home/yunmo/Documents/gwangjin_ninja/1.pcap
2023-05-19 01:41:13 INFO  cic.cs.unb.ca.ifm.Cmd    CICFlowMeter received 1 pcap file
2023-05-19 01:41:13 INFO  cic.cs.unb.ca.ifm.Cmd    CICFlowMeter received 1 pcap file
2023-05-19 01:41:14 DEBUG cic.cs.unb.ca.jnetpcap.PacketReader    Read All packets on /home/yunmo/Documents/gwangjin_ninja/1.pcap
2023-05-19 01:41:14 INFO  cic.cs.unb.ca.ifm.Cmd    You select: /home/yunmo/Documents/gwangjin_ninja/1.pcap
2023-05-19 01:41:14 INFO  cic.cs.unb.ca.ifm.Cmd    Out folder: ../../
2023-05-19 01:41:21 INFO  cic.cs.unb.ca.ifm.Cmd    You select: /home/yunmo/Documents/gwangjin_ninja/1.pcap
2023-05-19 01:41:21 INFO  cic.cs.unb.ca.ifm.Cmd    Out folder: ../../
2023-05-19 01:41:22 DEBUG cic.cs.unb.ca.jnetpcap.PacketReader    Read All packets on /home/yunmo/Documents/gwangjin_ninja/1.pcap
2023-05-19 01:41:22 INFO  cic.cs.unb.ca.ifm.Cmd    CICFlowMeter received 1 pcap file
2023-05-19 01:41:23 DEBUG swing.common.SwingUtils    ../../1.pcap_Flow.csv (No such file or directory)
2023-05-19 01:41:23 DEBUG cic.cs.unb.ca.jnetpcap.PacketReader    Read All packets on /home/yunmo/Documents/gwangjin_ninja/1.pcap
2023-05-19 01:41:25 INFO  cic.cs.unb.ca.ifm.Cmd    You select: /home/yunmo/Documents/gwangjin_ninja/1.pcap
2023-05-19 01:41:25 INFO  cic.cs.unb.ca.ifm.Cmd    Out folder: ../../
2023-05-19 01:41:26 INFO  cic.cs.unb.ca.ifm.Cmd    CICFlowMeter received 1 pcap file
2023-05-19 01:41:29 INFO  cic.cs.unb.ca.ifm.Cmd    You select: /home/yunmo/Documents/gwangjin_ninja/1.pcap
2023-05-19 01:41:29 INFO  cic.cs.unb.ca.ifm.Cmd    Out folder: ../../
2023-05-19 01:41:30 DEBUG cic.cs.unb.ca.jnetpcap.PacketReader    Read All packets on /home/yunmo/Documents/gwangjin_ninja/1.pcap
2023-05-19 01:41:32 INFO  cic.cs.unb.ca.ifm.Cmd    CICFlowMeter received 1 pcap file
2023-05-19 01:41:33 ERROR cic.cs.unb.ca.jnetpcap.PacketReader    Error while opening file for capture: truncated dump file; tried to read 4 file header bytes, only got 0
2023-05-19 01:41:34 INFO  cic.cs.unb.ca.ifm.Cmd    CICFlowMeter received 1 pcap file
2023-05-19 01:41:34 DEBUG cic.cs.unb.ca.jnetpcap.PacketReader    Read All packets on /home/yunmo/Documents/gwangjin_ninja/1.pcap
2023-05-19 01:41:35 INFO  cic.cs.unb.ca.ifm.Cmd    You select: /home/yunmo/Documents/gwangjin_ninja/1.pcap
2023-05-19 01:41:35 INFO  cic.cs.unb.ca.ifm.Cmd    Out folder: ../../
2023-05-19 01:41:38 INFO  cic.cs.unb.ca.ifm.Cmd    CICFlowMeter received 1 pcap file
2023-05-19 01:41:39 DEBUG cic.cs.unb.ca.jnetpcap.PacketReader    Read All packets on /home/yunmo/Documents/gwangjin_ninja/1.pcap
2023-05-19 01:41:40 INFO  cic.cs.unb.ca.ifm.Cmd    You select: /home/yunmo/Documents/gwangjin_ninja/1.pcap
2023-05-19 01:41:40 INFO  cic.cs.unb.ca.ifm.Cmd    Out folder: ../../
2023-05-19 01:41:43 INFO  cic.cs.unb.ca.ifm.Cmd    CICFlowMeter received 1 pcap file
2023-05-19 01:41:43 DEBUG cic.cs.unb.ca.jnetpcap.PacketReader    Read All packets on /home/yunmo/Documents/gwangjin_ninja/1.pcap
2023-05-19 01:41:44 INFO  cic.cs.unb.ca.ifm.Cmd    You select: /home/yunmo/Documents/gwangjin_ninja/1.pcap
2023-05-19 01:41:44 INFO  cic.cs.unb.ca.ifm.Cmd    Out folder: ../../
2023-05-19 01:41:47 INFO  cic.cs.unb.ca.ifm.Cmd    CICFlowMeter received 1 pcap file
2023-05-19 01:41:48 DEBUG cic.cs.unb.ca.jnetpcap.PacketReader    Read All packets on /home/yunmo/Documents/gwangjin_ninja/1.pcap
2023-05-19 01:41:50 INFO  cic.cs.unb.ca.ifm.Cmd    You select: /home/yunmo/Documents/gwangjin_ninja/1.pcap
2023-05-19 01:41:50 INFO  cic.cs.unb.ca.ifm.Cmd    Out folder: ../../
2023-05-19 01:41:51 DEBUG cic.cs.unb.ca.jnetpcap.PacketReader    Read All packets on /home/yunmo/Documents/gwangjin_ninja/1.pcap
2023-05-19 01:41:53 INFO  cic.cs.unb.ca.ifm.Cmd    CICFlowMeter received 1 pcap file
2023-05-19 01:41:54 INFO  cic.cs.unb.ca.ifm.Cmd    You select: /home/yunmo/Documents/gwangjin_ninja/1.pcap
2023-05-19 01:41:54 INFO  cic.cs.unb.ca.ifm.Cmd    Out folder: ../../
2023-05-19 01:41:56 DEBUG cic.cs.unb.ca.jnetpcap.PacketReader    Read All packets on /home/yunmo/Documents/gwangjin_ninja/1.pcap
2023-05-19 01:41:57 INFO  cic.cs.unb.ca.ifm.Cmd    CICFlowMeter received 1 pcap file
2023-05-19 01:42:01 INFO  cic.cs.unb.ca.ifm.Cmd    You select: /home/yunmo/Documents/gwangjin_ninja/1.pcap
2023-05-19 01:42:01 INFO  cic.cs.unb.ca.ifm.Cmd    Out folder: ../../
2023-05-19 01:42:02 DEBUG cic.cs.unb.ca.jnetpcap.PacketReader    Read All packets on /home/yunmo/Documents/gwangjin_ninja/1.pcap
2023-05-19 01:42:03 INFO  cic.cs.unb.ca.ifm.Cmd    CICFlowMeter received 1 pcap file
2023-05-19 01:42:07 INFO  cic.cs.unb.ca.ifm.Cmd    You select: /home/yunmo/Documents/gwangjin_ninja/1.pcap
2023-05-19 01:42:07 INFO  cic.cs.unb.ca.ifm.Cmd    Out folder: ../../
2023-05-19 01:42:08 DEBUG cic.cs.unb.ca.jnetpcap.PacketReader    Read All packets on /home/yunmo/Documents/gwangjin_ninja/1.pcap
2023-05-19 01:42:10 INFO  cic.cs.unb.ca.ifm.Cmd    CICFlowMeter received 1 pcap file
2023-05-19 01:42:12 INFO  cic.cs.unb.ca.ifm.Cmd    You select: /home/yunmo/Documents/gwangjin_ninja/1.pcap
2023-05-19 01:42:12 INFO  cic.cs.unb.ca.ifm.Cmd    Out folder: ../../
2023-05-19 01:42:13 DEBUG cic.cs.unb.ca.jnetpcap.PacketReader    Read All packets on /home/yunmo/Documents/gwangjin_ninja/1.pcap
2023-05-19 01:42:14 INFO  cic.cs.unb.ca.ifm.Cmd    CICFlowMeter received 1 pcap file
2023-05-19 01:42:17 INFO  cic.cs.unb.ca.ifm.Cmd    You select: /home/yunmo/Documents/gwangjin_ninja/1.pcap
2023-05-19 01:42:17 INFO  cic.cs.unb.ca.ifm.Cmd    Out folder: ../../
2023-05-19 01:42:17 DEBUG cic.cs.unb.ca.jnetpcap.PacketReader    Read All packets on /home/yunmo/Documents/gwangjin_ninja/1.pcap
2023-05-19 01:42:19 INFO  cic.cs.unb.ca.ifm.Cmd    CICFlowMeter received 1 pcap file
2023-05-19 01:42:23 DEBUG cic.cs.unb.ca.jnetpcap.PacketReader    Read All packets on /home/yunmo/Documents/gwangjin_ninja/1.pcap
2023-05-19 01:42:23 INFO  cic.cs.unb.ca.ifm.Cmd    You select: /home/yunmo/Documents/gwangjin_ninja/1.pcap
2023-05-19 01:42:23 INFO  cic.cs.unb.ca.ifm.Cmd    Out folder: ../../
2023-05-19 01:42:26 INFO  cic.cs.unb.ca.ifm.Cmd    CICFlowMeter received 1 pcap file
2023-05-19 01:42:29 DEBUG cic.cs.unb.ca.jnetpcap.PacketReader    Read All packets on /home/yunmo/Documents/gwangjin_ninja/1.pcap
2023-05-19 01:42:29 INFO  cic.cs.unb.ca.ifm.Cmd    You select: /home/yunmo/Documents/gwangjin_ninja/1.pcap
2023-05-19 01:42:29 INFO  cic.cs.unb.ca.ifm.Cmd    Out folder: ../../
2023-05-19 01:42:32 INFO  cic.cs.unb.ca.ifm.Cmd    CICFlowMeter received 1 pcap file
2023-05-19 01:42:34 DEBUG cic.cs.unb.ca.jnetpcap.PacketReader    Read All packets on /home/yunmo/Documents/gwangjin_ninja/1.pcap
2023-05-19 01:42:35 INFO  cic.cs.unb.ca.ifm.Cmd    You select: /home/yunmo/Documents/gwangjin_ninja/1.pcap
2023-05-19 01:42:35 INFO  cic.cs.unb.ca.ifm.Cmd    Out folder: ../../
2023-05-19 01:42:37 INFO  cic.cs.unb.ca.ifm.Cmd    CICFlowMeter received 1 pcap file
2023-05-19 01:42:39 DEBUG cic.cs.unb.ca.jnetpcap.PacketReader    Read All packets on /home/yunmo/Documents/gwangjin_ninja/1.pcap
2023-05-19 01:42:41 INFO  cic.cs.unb.ca.ifm.Cmd    You select: /home/yunmo/Documents/gwangjin_ninja/1.pcap
2023-05-19 01:42:41 INFO  cic.cs.unb.ca.ifm.Cmd    Out folder: ../../
2023-05-19 01:42:43 INFO  cic.cs.unb.ca.ifm.Cmd    CICFlowMeter received 1 pcap file
2023-05-19 01:42:46 DEBUG cic.cs.unb.ca.jnetpcap.PacketReader    Read All packets on /home/yunmo/Documents/gwangjin_ninja/1.pcap
2023-05-19 01:42:46 INFO  cic.cs.unb.ca.ifm.Cmd    You select: /home/yunmo/Documents/gwangjin_ninja/1.pcap
2023-05-19 01:42:46 INFO  cic.cs.unb.ca.ifm.Cmd    Out folder: ../../
2023-05-19 01:42:48 INFO  cic.cs.unb.ca.ifm.Cmd    CICFlowMeter received 1 pcap file
2023-05-19 01:42:50 DEBUG cic.cs.unb.ca.jnetpcap.PacketReader    Read All packets on /home/yunmo/Documents/gwangjin_ninja/1.pcap
2023-05-19 01:42:51 INFO  cic.cs.unb.ca.ifm.Cmd    You select: /home/yunmo/Documents/gwangjin_ninja/1.pcap
2023-05-19 01:42:51 INFO  cic.cs.unb.ca.ifm.Cmd    Out folder: ../../
2023-05-19 01:42:51 INFO  cic.cs.unb.ca.ifm.Cmd    CICFlowMeter received 1 pcap file
2023-05-19 01:42:52 DEBUG cic.cs.unb.ca.jnetpcap.PacketReader    Read All packets on /home/yunmo/Documents/gwangjin_ninja/1.pcap
2023-05-19 01:42:56 INFO  cic.cs.unb.ca.ifm.Cmd    You select: /home/yunmo/Documents/gwangjin_ninja/1.pcap
2023-05-19 01:42:56 INFO  cic.cs.unb.ca.ifm.Cmd    Out folder: ../../
2023-05-19 01:42:57 INFO  cic.cs.unb.ca.ifm.Cmd    CICFlowMeter received 1 pcap file
2023-05-19 01:42:57 DEBUG cic.cs.unb.ca.jnetpcap.PacketReader    Read All packets on /home/yunmo/Documents/gwangjin_ninja/1.pcap
2023-05-19 01:45:04 INFO  cic.cs.unb.ca.ifm.Cmd    You select: /home/yunmo/Documents/gwangjin_ninja/1.pcap
2023-05-19 01:45:04 INFO  cic.cs.unb.ca.ifm.Cmd    Out folder: ../../
2023-05-19 01:45:04 INFO  cic.cs.unb.ca.ifm.Cmd    CICFlowMeter received 1 pcap file
2023-05-19 01:45:05 DEBUG cic.cs.unb.ca.jnetpcap.FlowGenerator    FlagFIN current has 1 flow
2023-05-19 01:45:05 DEBUG cic.cs.unb.ca.jnetpcap.FlowGenerator    FlagFIN current has 1 flow
2023-05-19 01:45:05 DEBUG cic.cs.unb.ca.jnetpcap.PacketReader    Read All packets on /home/yunmo/Documents/gwangjin_ninja/1.pcap
2023-05-19 01:45:33 INFO  cic.cs.unb.ca.ifm.Cmd    You select: /home/yunmo/Documents/gwangjin_ninja/1.pcap
2023-05-19 01:45:33 INFO  cic.cs.unb.ca.ifm.Cmd    Out folder: ../../
2023-05-19 01:45:34 INFO  cic.cs.unb.ca.ifm.Cmd    CICFlowMeter received 1 pcap file
2023-05-19 01:45:34 DEBUG cic.cs.unb.ca.jnetpcap.FlowGenerator    FlagFIN current has 2 flow
2023-05-19 01:45:34 DEBUG cic.cs.unb.ca.jnetpcap.FlowGenerator    FlagFIN current has 1 flow
2023-05-19 01:45:34 DEBUG cic.cs.unb.ca.jnetpcap.FlowGenerator    FlagFIN current has 2 flow
2023-05-19 01:45:34 DEBUG cic.cs.unb.ca.jnetpcap.FlowGenerator    FlagFIN current has 1 flow
2023-05-19 01:45:34 DEBUG cic.cs.unb.ca.jnetpcap.FlowGenerator    FlagFIN current has 3 flow
2023-05-19 01:45:34 DEBUG cic.cs.unb.ca.jnetpcap.FlowGenerator    FlagFIN current has 2 flow
2023-05-19 01:45:34 DEBUG cic.cs.unb.ca.jnetpcap.PacketReader    Read All packets on /home/yunmo/Documents/gwangjin_ninja/1.pcap
2023-05-19 02:11:56 INFO  cic.cs.unb.ca.ifm.Cmd    You select: /home/yunmo/Documents/gwangjin_ninja/1.pcap
2023-05-19 02:11:56 INFO  cic.cs.unb.ca.ifm.Cmd    Out folder: ../../
2023-05-19 02:11:56 INFO  cic.cs.unb.ca.ifm.Cmd    CICFlowMeter received 1 pcap file
2023-05-19 02:11:56 ERROR cic.cs.unb.ca.jnetpcap.PacketReader    Error while opening file for capture: truncated dump file; tried to read 4 file header bytes, only got 0
2023-05-19 02:12:02 INFO  cic.cs.unb.ca.ifm.Cmd    You select: /home/yunmo/Documents/gwangjin_ninja/1.pcap
2023-05-19 02:12:02 INFO  cic.cs.unb.ca.ifm.Cmd    Out folder: ../../
2023-05-19 02:12:02 INFO  cic.cs.unb.ca.ifm.Cmd    CICFlowMeter received 1 pcap file
2023-05-19 02:12:04 DEBUG cic.cs.unb.ca.jnetpcap.PacketReader    Read All packets on /home/yunmo/Documents/gwangjin_ninja/1.pcap
2023-05-19 02:19:02 INFO  cic.cs.unb.ca.ifm.Cmd    You select: /home/yunmo/Documents/gwangjin_ninja/1.pcap
2023-05-19 02:19:02 INFO  cic.cs.unb.ca.ifm.Cmd    Out folder: ../../
2023-05-19 02:19:03 INFO  cic.cs.unb.ca.ifm.Cmd    CICFlowMeter received 1 pcap file
2023-05-19 02:19:04 DEBUG cic.cs.unb.ca.jnetpcap.PacketReader    Read All packets on /home/yunmo/Documents/gwangjin_ninja/1.pcap
2023-05-19 02:20:56 INFO  cic.cs.unb.ca.ifm.Cmd    You select: /home/yunmo/Documents/gwangjin_ninja/1.pcap
2023-05-19 02:20:56 INFO  cic.cs.unb.ca.ifm.Cmd    Out folder: ../../
2023-05-19 02:20:57 INFO  cic.cs.unb.ca.ifm.Cmd    CICFlowMeter received 1 pcap file
2023-05-19 02:20:57 ERROR cic.cs.unb.ca.jnetpcap.PacketReader    Error while opening file for capture: truncated dump file; tried to read 4 file header bytes, only got 0
2023-05-19 02:21:02 INFO  cic.cs.unb.ca.ifm.Cmd    You select: /home/yunmo/Documents/gwangjin_ninja/1.pcap
2023-05-19 02:21:02 INFO  cic.cs.unb.ca.ifm.Cmd    Out folder: ../../
2023-05-19 02:21:02 INFO  cic.cs.unb.ca.ifm.Cmd    CICFlowMeter received 1 pcap file
2023-05-19 02:21:03 ERROR cic.cs.unb.ca.jnetpcap.PacketReader    Error while opening file for capture: truncated dump file; tried to read 4 file header bytes, only got 0
2023-05-19 02:21:08 INFO  cic.cs.unb.ca.ifm.Cmd    You select: /home/yunmo/Documents/gwangjin_ninja/1.pcap
2023-05-19 02:21:08 INFO  cic.cs.unb.ca.ifm.Cmd    Out folder: ../../
2023-05-19 02:21:09 INFO  cic.cs.unb.ca.ifm.Cmd    CICFlowMeter received 1 pcap file
2023-05-19 02:21:11 DEBUG cic.cs.unb.ca.jnetpcap.PacketReader    Read All packets on /home/yunmo/Documents/gwangjin_ninja/1.pcap
2023-05-19 02:21:15 INFO  cic.cs.unb.ca.ifm.Cmd    You select: /home/yunmo/Documents/gwangjin_ninja/1.pcap
2023-05-19 02:21:15 INFO  cic.cs.unb.ca.ifm.Cmd    Out folder: ../../
2023-05-19 02:21:17 INFO  cic.cs.unb.ca.ifm.Cmd    CICFlowMeter received 1 pcap file
2023-05-19 02:21:20 DEBUG cic.cs.unb.ca.jnetpcap.PacketReader    Read All packets on /home/yunmo/Documents/gwangjin_ninja/1.pcap
2023-05-19 02:26:09 INFO  cic.cs.unb.ca.ifm.Cmd    You select: /home/yunmo/Documents/gwangjin_ninja/1.pcap
2023-05-19 02:26:09 INFO  cic.cs.unb.ca.ifm.Cmd    Out folder: ../../
2023-05-19 02:26:10 INFO  cic.cs.unb.ca.ifm.Cmd    CICFlowMeter received 1 pcap file
2023-05-19 02:26:11 DEBUG cic.cs.unb.ca.jnetpcap.PacketReader    Read All packets on /home/yunmo/Documents/gwangjin_ninja/1.pcap
2023-05-19 02:36:28 INFO  cic.cs.unb.ca.ifm.Cmd    You select: /home/yunmo/Documents/gwangjin_ninja/1.pcap
2023-05-19 02:36:28 INFO  cic.cs.unb.ca.ifm.Cmd    Out folder: ../../
2023-05-19 02:36:29 INFO  cic.cs.unb.ca.ifm.Cmd    CICFlowMeter received 1 pcap file
2023-05-19 02:36:31 DEBUG cic.cs.unb.ca.jnetpcap.PacketReader    Read All packets on /home/yunmo/Documents/gwangjin_ninja/1.pcap
2023-05-19 02:41:40 INFO  cic.cs.unb.ca.ifm.Cmd    You select: /home/yunmo/Documents/gwangjin_ninja/1.pcap
2023-05-19 02:41:40 INFO  cic.cs.unb.ca.ifm.Cmd    Out folder: ../../
2023-05-19 02:41:40 INFO  cic.cs.unb.ca.ifm.Cmd    CICFlowMeter received 1 pcap file
2023-05-19 02:41:41 ERROR cic.cs.unb.ca.jnetpcap.PacketReader    Error while opening file for capture: truncated dump file; tried to read 4 file header bytes, only got 0
2023-05-19 02:41:46 INFO  cic.cs.unb.ca.ifm.Cmd    You select: /home/yunmo/Documents/gwangjin_ninja/1.pcap
2023-05-19 02:41:46 INFO  cic.cs.unb.ca.ifm.Cmd    Out folder: ../../
2023-05-19 02:41:46 INFO  cic.cs.unb.ca.ifm.Cmd    CICFlowMeter received 1 pcap file
2023-05-19 02:41:47 DEBUG cic.cs.unb.ca.jnetpcap.PacketReader    Read All packets on /home/yunmo/Documents/gwangjin_ninja/1.pcap
2023-05-19 02:45:20 INFO  cic.cs.unb.ca.ifm.Cmd    You select: /home/yunmo/Documents/gwangjin_ninja/1.pcap
2023-05-19 02:45:20 INFO  cic.cs.unb.ca.ifm.Cmd    Out folder: ../../
2023-05-19 02:45:20 INFO  cic.cs.unb.ca.ifm.Cmd    CICFlowMeter received 1 pcap file
2023-05-19 02:45:21 DEBUG cic.cs.unb.ca.jnetpcap.PacketReader    Read All packets on /home/yunmo/Documents/gwangjin_ninja/1.pcap
2023-05-19 02:46:08 INFO  cic.cs.unb.ca.ifm.Cmd    You select: /home/yunmo/Documents/gwangjin_ninja/1.pcap
2023-05-19 02:46:08 INFO  cic.cs.unb.ca.ifm.Cmd    Out folder: ../../
2023-05-19 02:46:10 INFO  cic.cs.unb.ca.ifm.Cmd    CICFlowMeter received 1 pcap file
2023-05-19 02:46:12 DEBUG cic.cs.unb.ca.jnetpcap.PacketReader    Read All packets on /home/yunmo/Documents/gwangjin_ninja/1.pcap
2023-05-19 02:46:16 INFO  cic.cs.unb.ca.ifm.Cmd    You select: /home/yunmo/Documents/gwangjin_ninja/1.pcap
2023-05-19 02:46:16 INFO  cic.cs.unb.ca.ifm.Cmd    Out folder: ../../
2023-05-19 02:46:17 INFO  cic.cs.unb.ca.ifm.Cmd    CICFlowMeter received 1 pcap file
2023-05-19 02:46:18 DEBUG cic.cs.unb.ca.jnetpcap.PacketReader    Read All packets on /home/yunmo/Documents/gwangjin_ninja/1.pcap
2023-05-19 02:47:12 INFO  cic.cs.unb.ca.ifm.Cmd    You select: /home/yunmo/Documents/gwangjin_ninja/1.pcap
2023-05-19 02:47:12 INFO  cic.cs.unb.ca.ifm.Cmd    Out folder: ../../
2023-05-19 02:47:13 INFO  cic.cs.unb.ca.ifm.Cmd    CICFlowMeter received 1 pcap file
2023-05-19 02:47:14 ERROR cic.cs.unb.ca.jnetpcap.PacketReader    Error while opening file for capture: truncated dump file; tried to read 4 file header bytes, only got 0
2023-05-19 02:47:18 INFO  cic.cs.unb.ca.ifm.Cmd    You select: /home/yunmo/Documents/gwangjin_ninja/1.pcap
2023-05-19 02:47:18 INFO  cic.cs.unb.ca.ifm.Cmd    Out folder: ../../
2023-05-19 02:47:19 INFO  cic.cs.unb.ca.ifm.Cmd    CICFlowMeter received 1 pcap file
2023-05-19 02:47:20 DEBUG cic.cs.unb.ca.jnetpcap.PacketReader    Read All packets on /home/yunmo/Documents/gwangjin_ninja/1.pcap
2023-05-19 03:04:48 INFO  cic.cs.unb.ca.ifm.Cmd    You select: /home/yunmo/Documents/gwangjin_ninja/1.pcap
2023-05-19 03:04:48 INFO  cic.cs.unb.ca.ifm.Cmd    Out folder: ../../
2023-05-19 03:04:51 INFO  cic.cs.unb.ca.ifm.Cmd    CICFlowMeter received 1 pcap file
2023-05-19 03:04:52 ERROR cic.cs.unb.ca.jnetpcap.PacketReader    Error while opening file for capture: truncated dump file; tried to read 4 file header bytes, only got 0
2023-05-19 03:04:56 INFO  cic.cs.unb.ca.ifm.Cmd    You select: /home/yunmo/Documents/gwangjin_ninja/1.pcap
2023-05-19 03:04:56 INFO  cic.cs.unb.ca.ifm.Cmd    Out folder: ../../
2023-05-19 03:05:00 INFO  cic.cs.unb.ca.ifm.Cmd    CICFlowMeter received 1 pcap file
2023-05-19 03:05:03 INFO  cic.cs.unb.ca.ifm.Cmd    You select: /home/yunmo/Documents/gwangjin_ninja/1.pcap
2023-05-19 03:05:03 INFO  cic.cs.unb.ca.ifm.Cmd    Out folder: ../../
2023-05-19 03:05:06 DEBUG cic.cs.unb.ca.jnetpcap.PacketReader    Read All packets on /home/yunmo/Documents/gwangjin_ninja/1.pcap
2023-05-19 03:05:07 INFO  cic.cs.unb.ca.ifm.Cmd    CICFlowMeter received 1 pcap file
2023-05-19 03:05:09 INFO  cic.cs.unb.ca.ifm.Cmd    You select: /home/yunmo/Documents/gwangjin_ninja/1.pcap
2023-05-19 03:05:09 INFO  cic.cs.unb.ca.ifm.Cmd    Out folder: ../../
2023-05-19 03:05:12 DEBUG cic.cs.unb.ca.jnetpcap.PacketReader    Read All packets on /home/yunmo/Documents/gwangjin_ninja/1.pcap
2023-05-19 03:05:12 INFO  cic.cs.unb.ca.ifm.Cmd    CICFlowMeter received 1 pcap file
2023-05-19 03:05:16 DEBUG cic.cs.unb.ca.jnetpcap.PacketReader    Read All packets on /home/yunmo/Documents/gwangjin_ninja/1.pcap
2023-05-19 03:06:34 INFO  cic.cs.unb.ca.ifm.Cmd    You select: /home/yunmo/Documents/gwangjin_ninja/1.pcap
2023-05-19 03:06:34 INFO  cic.cs.unb.ca.ifm.Cmd    Out folder: ../../
2023-05-19 03:06:35 INFO  cic.cs.unb.ca.ifm.Cmd    CICFlowMeter received 1 pcap file
2023-05-19 03:06:36 ERROR cic.cs.unb.ca.jnetpcap.PacketReader    Error while opening file for capture: truncated dump file; tried to read 4 file header bytes, only got 0
2023-05-19 03:06:40 INFO  cic.cs.unb.ca.ifm.Cmd    You select: /home/yunmo/Documents/gwangjin_ninja/1.pcap
2023-05-19 03:06:40 INFO  cic.cs.unb.ca.ifm.Cmd    Out folder: ../../
2023-05-19 03:06:41 INFO  cic.cs.unb.ca.ifm.Cmd    CICFlowMeter received 1 pcap file
2023-05-19 03:06:43 DEBUG cic.cs.unb.ca.jnetpcap.PacketReader    Read All packets on /home/yunmo/Documents/gwangjin_ninja/1.pcap
2023-05-19 03:10:20 INFO  cic.cs.unb.ca.ifm.Cmd    You select: /home/yunmo/Documents/gwangjin_ninja/1.pcap
2023-05-19 03:10:20 INFO  cic.cs.unb.ca.ifm.Cmd    Out folder: ../../
2023-05-19 03:10:21 INFO  cic.cs.unb.ca.ifm.Cmd    CICFlowMeter received 1 pcap file
2023-05-19 03:10:23 DEBUG cic.cs.unb.ca.jnetpcap.PacketReader    Read All packets on /home/yunmo/Documents/gwangjin_ninja/1.pcap
2023-05-19 03:12:02 INFO  cic.cs.unb.ca.ifm.Cmd    You select: /home/yunmo/Documents/gwangjin_ninja/1.pcap
2023-05-19 03:12:02 INFO  cic.cs.unb.ca.ifm.Cmd    Out folder: ../../
2023-05-19 03:12:03 INFO  cic.cs.unb.ca.ifm.Cmd    CICFlowMeter received 1 pcap file
2023-05-19 03:12:03 ERROR cic.cs.unb.ca.jnetpcap.PacketReader    Error while opening file for capture: truncated dump file; tried to read 4 file header bytes, only got 0
2023-05-19 03:12:09 INFO  cic.cs.unb.ca.ifm.Cmd    You select: /home/yunmo/Documents/gwangjin_ninja/1.pcap
2023-05-19 03:12:09 INFO  cic.cs.unb.ca.ifm.Cmd    Out folder: ../../
2023-05-19 03:12:09 INFO  cic.cs.unb.ca.ifm.Cmd    CICFlowMeter received 1 pcap file
2023-05-19 03:12:11 DEBUG cic.cs.unb.ca.jnetpcap.PacketReader    Read All packets on /home/yunmo/Documents/gwangjin_ninja/1.pcap
2023-05-19 03:23:12 INFO  cic.cs.unb.ca.ifm.Cmd    You select: /home/yunmo/Documents/gwangjin_ninja/1.pcap
2023-05-19 03:23:12 INFO  cic.cs.unb.ca.ifm.Cmd    Out folder: ../../
2023-05-19 03:23:12 INFO  cic.cs.unb.ca.ifm.Cmd    CICFlowMeter received 1 pcap file
2023-05-19 03:23:12 ERROR cic.cs.unb.ca.jnetpcap.PacketReader    Error while opening file for capture: truncated dump file; tried to read 4 file header bytes, only got 0
2023-05-19 03:23:21 INFO  cic.cs.unb.ca.ifm.Cmd    You select: /home/yunmo/Documents/gwangjin_ninja/1.pcap
2023-05-19 03:23:21 INFO  cic.cs.unb.ca.ifm.Cmd    Out folder: ../../
2023-05-19 03:23:25 INFO  cic.cs.unb.ca.ifm.Cmd    CICFlowMeter received 1 pcap file
2023-05-19 03:23:31 INFO  cic.cs.unb.ca.ifm.Cmd    You select: /home/yunmo/Documents/gwangjin_ninja/1.pcap
2023-05-19 03:23:31 INFO  cic.cs.unb.ca.ifm.Cmd    Out folder: ../../
2023-05-19 03:23:31 DEBUG cic.cs.unb.ca.jnetpcap.PacketReader    Read All packets on /home/yunmo/Documents/gwangjin_ninja/1.pcap
2023-05-19 03:23:36 INFO  cic.cs.unb.ca.ifm.Cmd    You select: /home/yunmo/Documents/gwangjin_ninja/1.pcap
2023-05-19 03:23:36 INFO  cic.cs.unb.ca.ifm.Cmd    Out folder: ../../
2023-05-19 03:23:36 INFO  cic.cs.unb.ca.ifm.Cmd    CICFlowMeter received 1 pcap file
2023-05-19 03:23:41 INFO  cic.cs.unb.ca.ifm.Cmd    CICFlowMeter received 1 pcap file
2023-05-19 03:23:43 INFO  cic.cs.unb.ca.ifm.Cmd    You select: /home/yunmo/Documents/gwangjin_ninja/1.pcap
2023-05-19 03:23:43 INFO  cic.cs.unb.ca.ifm.Cmd    Out folder: ../../
2023-05-19 03:23:43 DEBUG cic.cs.unb.ca.jnetpcap.PacketReader    Read All packets on /home/yunmo/Documents/gwangjin_ninja/1.pcap
2023-05-19 03:23:46 DEBUG cic.cs.unb.ca.jnetpcap.PacketReader    Read All packets on /home/yunmo/Documents/gwangjin_ninja/1.pcap
2023-05-19 03:23:47 INFO  cic.cs.unb.ca.ifm.Cmd    CICFlowMeter received 1 pcap file
2023-05-19 03:23:50 DEBUG cic.cs.unb.ca.jnetpcap.PacketReader    Read All packets on /home/yunmo/Documents/gwangjin_ninja/1.pcap
2023-05-19 03:24:27 INFO  cic.cs.unb.ca.ifm.Cmd    You select: /home/yunmo/Documents/gwangjin_ninja/1.pcap
2023-05-19 03:24:27 INFO  cic.cs.unb.ca.ifm.Cmd    Out folder: ../../
2023-05-19 03:24:27 INFO  cic.cs.unb.ca.ifm.Cmd    CICFlowMeter received 1 pcap file
2023-05-19 03:24:33 DEBUG cic.cs.unb.ca.jnetpcap.PacketReader    Read All packets on /home/yunmo/Documents/gwangjin_ninja/1.pcap
2023-05-19 03:24:36 INFO  cic.cs.unb.ca.ifm.Cmd    You select: /home/yunmo/Documents/gwangjin_ninja/1.pcap
2023-05-19 03:24:36 INFO  cic.cs.unb.ca.ifm.Cmd    Out folder: ../../
2023-05-19 03:24:38 INFO  cic.cs.unb.ca.ifm.Cmd    CICFlowMeter received 1 pcap file
2023-05-19 03:24:42 DEBUG cic.cs.unb.ca.jnetpcap.PacketReader    Read All packets on /home/yunmo/Documents/gwangjin_ninja/1.pcap
2023-05-19 03:25:44 INFO  cic.cs.unb.ca.ifm.Cmd    You select: /home/yunmo/Documents/gwangjin_ninja/1.pcap
2023-05-19 03:25:44 INFO  cic.cs.unb.ca.ifm.Cmd    Out folder: ../../
2023-05-19 03:25:46 INFO  cic.cs.unb.ca.ifm.Cmd    CICFlowMeter received 1 pcap file
2023-05-19 03:25:49 DEBUG cic.cs.unb.ca.jnetpcap.PacketReader    Read All packets on /home/yunmo/Documents/gwangjin_ninja/1.pcap
2023-05-19 03:25:54 INFO  cic.cs.unb.ca.ifm.Cmd    You select: /home/yunmo/Documents/gwangjin_ninja/1.pcap
2023-05-19 03:25:54 INFO  cic.cs.unb.ca.ifm.Cmd    Out folder: ../../
2023-05-19 03:25:57 INFO  cic.cs.unb.ca.ifm.Cmd    CICFlowMeter received 1 pcap file
2023-05-19 03:26:00 DEBUG cic.cs.unb.ca.jnetpcap.PacketReader    Read All packets on /home/yunmo/Documents/gwangjin_ninja/1.pcap
2023-05-19 03:26:42 INFO  cic.cs.unb.ca.ifm.Cmd    You select: /home/yunmo/Documents/gwangjin_ninja/1.pcap
2023-05-19 03:26:42 INFO  cic.cs.unb.ca.ifm.Cmd    Out folder: ../../
2023-05-19 03:26:43 INFO  cic.cs.unb.ca.ifm.Cmd    CICFlowMeter received 1 pcap file
2023-05-19 03:26:44 DEBUG cic.cs.unb.ca.jnetpcap.PacketReader    Read All packets on /home/yunmo/Documents/gwangjin_ninja/1.pcap
2023-05-19 03:26:48 INFO  cic.cs.unb.ca.ifm.Cmd    You select: /home/yunmo/Documents/gwangjin_ninja/1.pcap
2023-05-19 03:26:48 INFO  cic.cs.unb.ca.ifm.Cmd    Out folder: ../../
2023-05-19 03:26:49 INFO  cic.cs.unb.ca.ifm.Cmd    CICFlowMeter received 1 pcap file
2023-05-19 03:26:50 ERROR cic.cs.unb.ca.jnetpcap.PacketReader    Error while opening file for capture: truncated dump file; tried to read 4 file header bytes, only got 0
2023-05-19 03:26:54 INFO  cic.cs.unb.ca.ifm.Cmd    You select: /home/yunmo/Documents/gwangjin_ninja/1.pcap
2023-05-19 03:26:54 INFO  cic.cs.unb.ca.ifm.Cmd    Out folder: ../../
2023-05-19 03:26:55 INFO  cic.cs.unb.ca.ifm.Cmd    CICFlowMeter received 1 pcap file
2023-05-19 03:26:56 DEBUG cic.cs.unb.ca.jnetpcap.PacketReader    Read All packets on /home/yunmo/Documents/gwangjin_ninja/1.pcap
2023-05-19 03:27:00 INFO  cic.cs.unb.ca.ifm.Cmd    You select: /home/yunmo/Documents/gwangjin_ninja/1.pcap
2023-05-19 03:27:00 INFO  cic.cs.unb.ca.ifm.Cmd    Out folder: ../../
2023-05-19 03:27:01 INFO  cic.cs.unb.ca.ifm.Cmd    CICFlowMeter received 1 pcap file
2023-05-19 03:27:02 DEBUG cic.cs.unb.ca.jnetpcap.PacketReader    Read All packets on /home/yunmo/Documents/gwangjin_ninja/1.pcap
2023-05-19 03:27:06 INFO  cic.cs.unb.ca.ifm.Cmd    You select: /home/yunmo/Documents/gwangjin_ninja/1.pcap
2023-05-19 03:27:06 INFO  cic.cs.unb.ca.ifm.Cmd    Out folder: ../../
2023-05-19 03:27:07 INFO  cic.cs.unb.ca.ifm.Cmd    CICFlowMeter received 1 pcap file
2023-05-19 03:27:08 DEBUG cic.cs.unb.ca.jnetpcap.PacketReader    Read All packets on /home/yunmo/Documents/gwangjin_ninja/1.pcap
2023-05-19 03:27:12 INFO  cic.cs.unb.ca.ifm.Cmd    You select: /home/yunmo/Documents/gwangjin_ninja/1.pcap
2023-05-19 03:27:12 INFO  cic.cs.unb.ca.ifm.Cmd    Out folder: ../../
2023-05-19 03:27:13 INFO  cic.cs.unb.ca.ifm.Cmd    CICFlowMeter received 1 pcap file
2023-05-19 03:27:14 ERROR cic.cs.unb.ca.jnetpcap.PacketReader    Error while opening file for capture: truncated dump file; tried to read 4 file header bytes, only got 0
2023-05-19 03:27:18 INFO  cic.cs.unb.ca.ifm.Cmd    You select: /home/yunmo/Documents/gwangjin_ninja/1.pcap
2023-05-19 03:27:18 INFO  cic.cs.unb.ca.ifm.Cmd    Out folder: ../../
2023-05-19 03:27:20 INFO  cic.cs.unb.ca.ifm.Cmd    CICFlowMeter received 1 pcap file
2023-05-19 03:27:21 ERROR cic.cs.unb.ca.jnetpcap.PacketReader    Error while opening file for capture: truncated dump file; tried to read 4 file header bytes, only got 0
2023-05-19 03:27:24 INFO  cic.cs.unb.ca.ifm.Cmd    You select: /home/yunmo/Documents/gwangjin_ninja/1.pcap
2023-05-19 03:27:24 INFO  cic.cs.unb.ca.ifm.Cmd    Out folder: ../../
2023-05-19 03:27:25 INFO  cic.cs.unb.ca.ifm.Cmd    CICFlowMeter received 1 pcap file
2023-05-19 03:27:26 ERROR cic.cs.unb.ca.jnetpcap.PacketReader    Error while opening file for capture: truncated dump file; tried to read 4 file header bytes, only got 0
2023-05-19 03:27:30 INFO  cic.cs.unb.ca.ifm.Cmd    You select: /home/yunmo/Documents/gwangjin_ninja/1.pcap
2023-05-19 03:27:30 INFO  cic.cs.unb.ca.ifm.Cmd    Out folder: ../../
2023-05-19 03:27:31 INFO  cic.cs.unb.ca.ifm.Cmd    CICFlowMeter received 1 pcap file
2023-05-19 03:27:32 ERROR cic.cs.unb.ca.jnetpcap.PacketReader    Error while opening file for capture: truncated dump file; tried to read 4 file header bytes, only got 0
2023-05-19 03:27:37 INFO  cic.cs.unb.ca.ifm.Cmd    You select: /home/yunmo/Documents/gwangjin_ninja/1.pcap
2023-05-19 03:27:37 INFO  cic.cs.unb.ca.ifm.Cmd    Out folder: ../../
2023-05-19 03:27:38 INFO  cic.cs.unb.ca.ifm.Cmd    CICFlowMeter received 1 pcap file
2023-05-19 03:27:52 INFO  cic.cs.unb.ca.ifm.Cmd    You select: /home/yunmo/Documents/gwangjin_ninja/1.pcap
2023-05-19 03:27:52 INFO  cic.cs.unb.ca.ifm.Cmd    Out folder: ../../
2023-05-19 03:27:53 INFO  cic.cs.unb.ca.ifm.Cmd    CICFlowMeter received 1 pcap file
2023-05-19 03:27:54 ERROR cic.cs.unb.ca.jnetpcap.PacketReader    Error while opening file for capture: truncated dump file; tried to read 4 file header bytes, only got 0
2023-05-19 03:27:58 INFO  cic.cs.unb.ca.ifm.Cmd    You select: /home/yunmo/Documents/gwangjin_ninja/1.pcap
2023-05-19 03:27:58 INFO  cic.cs.unb.ca.ifm.Cmd    Out folder: ../../
2023-05-19 03:27:59 INFO  cic.cs.unb.ca.ifm.Cmd    CICFlowMeter received 1 pcap file
2023-05-19 03:28:01 DEBUG cic.cs.unb.ca.jnetpcap.PacketReader    Read All packets on /home/yunmo/Documents/gwangjin_ninja/1.pcap
2023-05-19 10:53:54 INFO  cic.cs.unb.ca.ifm.Cmd    You select: /home/yunmo/Documents/gwangjin_ninja/1.pcap
2023-05-19 10:53:54 INFO  cic.cs.unb.ca.ifm.Cmd    Out folder: ../../
2023-05-19 10:53:55 INFO  cic.cs.unb.ca.ifm.Cmd    CICFlowMeter received 1 pcap file
2023-05-19 10:53:56 DEBUG cic.cs.unb.ca.jnetpcap.PacketReader    Read All packets on /home/yunmo/Documents/gwangjin_ninja/1.pcap
2023-05-19 10:56:11 INFO  cic.cs.unb.ca.ifm.Cmd    You select: /home/yunmo/Documents/gwangjin_ninja/1.pcap
2023-05-19 10:56:11 INFO  cic.cs.unb.ca.ifm.Cmd    Out folder: ../../
2023-05-19 10:56:11 INFO  cic.cs.unb.ca.ifm.Cmd    CICFlowMeter received 1 pcap file
2023-05-19 10:56:12 DEBUG cic.cs.unb.ca.jnetpcap.PacketReader    Read All packets on /home/yunmo/Documents/gwangjin_ninja/1.pcap
2023-05-19 10:58:15 INFO  cic.cs.unb.ca.ifm.Cmd    You select: /home/yunmo/Documents/gwangjin_ninja/1.pcap
2023-05-19 10:58:15 INFO  cic.cs.unb.ca.ifm.Cmd    Out folder: ../../
2023-05-19 10:58:15 INFO  cic.cs.unb.ca.ifm.Cmd    CICFlowMeter received 1 pcap file
2023-05-19 10:58:16 DEBUG cic.cs.unb.ca.jnetpcap.PacketReader    Read All packets on /home/yunmo/Documents/gwangjin_ninja/1.pcap
2023-05-19 11:07:28 INFO  cic.cs.unb.ca.ifm.Cmd    You select: /home/yunmo/Documents/gwangjin_ninja/1.pcap
2023-05-19 11:07:28 INFO  cic.cs.unb.ca.ifm.Cmd    Out folder: ../../
2023-05-19 11:07:28 INFO  cic.cs.unb.ca.ifm.Cmd    CICFlowMeter received 1 pcap file
2023-05-19 11:07:29 DEBUG cic.cs.unb.ca.jnetpcap.PacketReader    Read All packets on /home/yunmo/Documents/gwangjin_ninja/1.pcap
2023-05-19 11:07:34 INFO  cic.cs.unb.ca.ifm.Cmd    You select: /home/yunmo/Documents/gwangjin_ninja/1.pcap
2023-05-19 11:07:34 INFO  cic.cs.unb.ca.ifm.Cmd    Out folder: ../../
2023-05-19 11:07:34 INFO  cic.cs.unb.ca.ifm.Cmd    CICFlowMeter received 1 pcap file
2023-05-19 11:07:35 DEBUG cic.cs.unb.ca.jnetpcap.PacketReader    Read All packets on /home/yunmo/Documents/gwangjin_ninja/1.pcap
2023-05-19 11:08:44 INFO  cic.cs.unb.ca.ifm.Cmd    You select: /home/yunmo/Documents/gwangjin_ninja/1.pcap
2023-05-19 11:08:44 INFO  cic.cs.unb.ca.ifm.Cmd    Out folder: ../../
2023-05-19 11:08:44 INFO  cic.cs.unb.ca.ifm.Cmd    CICFlowMeter received 1 pcap file
2023-05-19 11:08:45 DEBUG cic.cs.unb.ca.jnetpcap.PacketReader    Read All packets on /home/yunmo/Documents/gwangjin_ninja/1.pcap
2023-05-19 11:12:48 INFO  cic.cs.unb.ca.ifm.Cmd    You select: /home/yunmo/Documents/gwangjin_ninja/1.pcap
2023-05-19 11:12:48 INFO  cic.cs.unb.ca.ifm.Cmd    Out folder: ../../
2023-05-19 11:12:48 INFO  cic.cs.unb.ca.ifm.Cmd    CICFlowMeter received 1 pcap file
2023-05-19 11:12:49 DEBUG cic.cs.unb.ca.jnetpcap.PacketReader    Read All packets on /home/yunmo/Documents/gwangjin_ninja/1.pcap
2023-05-19 11:12:54 INFO  cic.cs.unb.ca.ifm.Cmd    You select: /home/yunmo/Documents/gwangjin_ninja/1.pcap
2023-05-19 11:12:54 INFO  cic.cs.unb.ca.ifm.Cmd    Out folder: ../../
2023-05-19 11:12:54 INFO  cic.cs.unb.ca.ifm.Cmd    CICFlowMeter received 1 pcap file
2023-05-19 11:12:55 DEBUG cic.cs.unb.ca.jnetpcap.PacketReader    Read All packets on /home/yunmo/Documents/gwangjin_ninja/1.pcap
2023-05-19 11:15:53 INFO  cic.cs.unb.ca.ifm.Cmd    You select: /home/yunmo/Documents/gwangjin_ninja/1.pcap
2023-05-19 11:15:53 INFO  cic.cs.unb.ca.ifm.Cmd    Out folder: ../../
2023-05-19 11:15:53 INFO  cic.cs.unb.ca.ifm.Cmd    CICFlowMeter received 1 pcap file
2023-05-19 11:15:54 DEBUG cic.cs.unb.ca.jnetpcap.PacketReader    Read All packets on /home/yunmo/Documents/gwangjin_ninja/1.pcap
2023-05-19 11:17:19 INFO  cic.cs.unb.ca.ifm.Cmd    You select: /home/yunmo/Documents/gwangjin_ninja/1.pcap
2023-05-19 11:17:19 INFO  cic.cs.unb.ca.ifm.Cmd    Out folder: ../../
2023-05-19 11:17:19 INFO  cic.cs.unb.ca.ifm.Cmd    CICFlowMeter received 1 pcap file
2023-05-19 11:17:19 DEBUG cic.cs.unb.ca.jnetpcap.PacketReader    Read All packets on /home/yunmo/Documents/gwangjin_ninja/1.pcap
2023-05-19 11:17:25 INFO  cic.cs.unb.ca.ifm.Cmd    You select: /home/yunmo/Documents/gwangjin_ninja/1.pcap
2023-05-19 11:17:25 INFO  cic.cs.unb.ca.ifm.Cmd    Out folder: ../../
2023-05-19 11:17:25 INFO  cic.cs.unb.ca.ifm.Cmd    CICFlowMeter received 1 pcap file
2023-05-19 11:17:25 DEBUG cic.cs.unb.ca.jnetpcap.PacketReader    Read All packets on /home/yunmo/Documents/gwangjin_ninja/1.pcap
2023-05-19 11:17:31 INFO  cic.cs.unb.ca.ifm.Cmd    You select: /home/yunmo/Documents/gwangjin_ninja/1.pcap
2023-05-19 11:17:31 INFO  cic.cs.unb.ca.ifm.Cmd    Out folder: ../../
2023-05-19 11:17:31 INFO  cic.cs.unb.ca.ifm.Cmd    CICFlowMeter received 1 pcap file
2023-05-19 11:17:32 DEBUG cic.cs.unb.ca.jnetpcap.PacketReader    Read All packets on /home/yunmo/Documents/gwangjin_ninja/1.pcap
2023-05-19 11:17:37 INFO  cic.cs.unb.ca.ifm.Cmd    You select: /home/yunmo/Documents/gwangjin_ninja/1.pcap
2023-05-19 11:17:37 INFO  cic.cs.unb.ca.ifm.Cmd    Out folder: ../../
2023-05-19 11:17:37 INFO  cic.cs.unb.ca.ifm.Cmd    CICFlowMeter received 1 pcap file
2023-05-19 11:17:38 DEBUG cic.cs.unb.ca.jnetpcap.PacketReader    Read All packets on /home/yunmo/Documents/gwangjin_ninja/1.pcap
2023-05-19 11:17:43 INFO  cic.cs.unb.ca.ifm.Cmd    You select: /home/yunmo/Documents/gwangjin_ninja/1.pcap
2023-05-19 11:17:43 INFO  cic.cs.unb.ca.ifm.Cmd    Out folder: ../../
2023-05-19 11:17:43 INFO  cic.cs.unb.ca.ifm.Cmd    CICFlowMeter received 1 pcap file
2023-05-19 11:17:44 DEBUG cic.cs.unb.ca.jnetpcap.PacketReader    Read All packets on /home/yunmo/Documents/gwangjin_ninja/1.pcap
2023-05-19 11:17:49 INFO  cic.cs.unb.ca.ifm.Cmd    You select: /home/yunmo/Documents/gwangjin_ninja/1.pcap
2023-05-19 11:17:49 INFO  cic.cs.unb.ca.ifm.Cmd    Out folder: ../../
2023-05-19 11:17:49 INFO  cic.cs.unb.ca.ifm.Cmd    CICFlowMeter received 1 pcap file
2023-05-19 11:17:50 DEBUG cic.cs.unb.ca.jnetpcap.PacketReader    Read All packets on /home/yunmo/Documents/gwangjin_ninja/1.pcap
2023-05-19 11:17:55 INFO  cic.cs.unb.ca.ifm.Cmd    You select: /home/yunmo/Documents/gwangjin_ninja/1.pcap
2023-05-19 11:17:55 INFO  cic.cs.unb.ca.ifm.Cmd    Out folder: ../../
2023-05-19 11:17:55 INFO  cic.cs.unb.ca.ifm.Cmd    CICFlowMeter received 1 pcap file
2023-05-19 11:17:56 DEBUG cic.cs.unb.ca.jnetpcap.PacketReader    Read All packets on /home/yunmo/Documents/gwangjin_ninja/1.pcap
