2023-04-26 18:32:43 INFO  cic.cs.unb.ca.ifm.Cmd    The pcap file or folder does not exist! -> /home/yunmo/Documents/gwangjin_ninja/1.pcap
2023-04-26 18:32:48 INFO  cic.cs.unb.ca.ifm.Cmd    The pcap file or folder does not exist! -> /home/yunmo/Documents/gwangjin_ninja/2.pcap
2023-04-26 18:32:53 INFO  cic.cs.unb.ca.ifm.Cmd    The pcap file or folder does not exist! -> /home/yunmo/Documents/gwangjin_ninja/3.pcap
2023-04-26 18:32:58 INFO  cic.cs.unb.ca.ifm.Cmd    The pcap file or folder does not exist! -> /home/yunmo/Documents/gwangjin_ninja/4.pcap
2023-04-26 18:33:03 INFO  cic.cs.unb.ca.ifm.Cmd    The pcap file or folder does not exist! -> /home/yunmo/Documents/gwangjin_ninja/5.pcap
2023-04-26 18:33:28 INFO  cic.cs.unb.ca.ifm.Cmd    You select: /home/yunmo/Documents/gwangjin_ninja/1.pcap
2023-04-26 18:33:28 INFO  cic.cs.unb.ca.ifm.Cmd    Out folder: ../../
2023-04-26 18:33:28 INFO  cic.cs.unb.ca.ifm.Cmd    CICFlowMeter received 1 pcap file
2023-04-26 18:33:30 DEBUG cic.cs.unb.ca.jnetpcap.FlowGenerator    FlagFIN current has 11 flow
2023-04-26 18:33:30 DEBUG cic.cs.unb.ca.jnetpcap.PacketReader    Read All packets on /home/yunmo/Documents/gwangjin_ninja/1.pcap
2023-04-26 18:33:34 INFO  cic.cs.unb.ca.ifm.Cmd    You select: /home/yunmo/Documents/gwangjin_ninja/2.pcap
2023-04-26 18:33:34 INFO  cic.cs.unb.ca.ifm.Cmd    Out folder: ../../
2023-04-26 18:33:36 INFO  cic.cs.unb.ca.ifm.Cmd    CICFlowMeter received 1 pcap file
2023-04-26 18:33:39 DEBUG cic.cs.unb.ca.jnetpcap.FlowGenerator    FlagFIN current has 18 flow
2023-04-26 18:33:40 DEBUG cic.cs.unb.ca.jnetpcap.PacketReader    Read All packets on /home/yunmo/Documents/gwangjin_ninja/2.pcap
2023-04-26 18:33:41 INFO  cic.cs.unb.ca.ifm.Cmd    You select: /home/yunmo/Documents/gwangjin_ninja/3.pcap
2023-04-26 18:33:41 INFO  cic.cs.unb.ca.ifm.Cmd    Out folder: ../../
2023-04-26 18:33:43 INFO  cic.cs.unb.ca.ifm.Cmd    CICFlowMeter received 1 pcap file
2023-04-26 18:33:49 DEBUG cic.cs.unb.ca.jnetpcap.FlowGenerator    FlagFIN current has 10 flow
2023-04-26 18:33:49 INFO  cic.cs.unb.ca.ifm.Cmd    You select: /home/yunmo/Documents/gwangjin_ninja/4.pcap
2023-04-26 18:33:49 INFO  cic.cs.unb.ca.ifm.Cmd    Out folder: ../../
2023-04-26 18:33:50 DEBUG cic.cs.unb.ca.jnetpcap.FlowGenerator    FlagFIN current has 11 flow
2023-04-26 18:33:50 DEBUG cic.cs.unb.ca.jnetpcap.FlowGenerator    FlagFIN current has 13 flow
2023-04-26 18:33:50 DEBUG cic.cs.unb.ca.jnetpcap.PacketReader    Read All packets on /home/yunmo/Documents/gwangjin_ninja/3.pcap
2023-04-26 18:33:54 INFO  cic.cs.unb.ca.ifm.Cmd    CICFlowMeter received 1 pcap file
2023-04-26 18:33:54 INFO  cic.cs.unb.ca.ifm.Cmd    You select: /home/yunmo/Documents/gwangjin_ninja/5.pcap
2023-04-26 18:33:54 INFO  cic.cs.unb.ca.ifm.Cmd    Out folder: ../../
2023-04-26 18:33:57 INFO  cic.cs.unb.ca.ifm.Cmd    CICFlowMeter received 1 pcap file
2023-04-26 18:33:58 INFO  cic.cs.unb.ca.ifm.Cmd    You select: /home/yunmo/Documents/gwangjin_ninja/6.pcap
2023-04-26 18:33:58 INFO  cic.cs.unb.ca.ifm.Cmd    Out folder: ../../
2023-04-26 18:33:58 DEBUG cic.cs.unb.ca.jnetpcap.PacketReader    Read All packets on /home/yunmo/Documents/gwangjin_ninja/4.pcap
2023-04-26 18:34:01 INFO  cic.cs.unb.ca.ifm.Cmd    CICFlowMeter received 1 pcap file
2023-04-26 18:34:02 DEBUG cic.cs.unb.ca.jnetpcap.FlowGenerator    FlagFIN current has 13 flow
2023-04-26 18:34:02 DEBUG cic.cs.unb.ca.jnetpcap.PacketReader    Read All packets on /home/yunmo/Documents/gwangjin_ninja/5.pcap
2023-04-26 18:34:03 INFO  cic.cs.unb.ca.ifm.Cmd    You select: /home/yunmo/Documents/gwangjin_ninja/7.pcap
2023-04-26 18:34:03 INFO  cic.cs.unb.ca.ifm.Cmd    Out folder: ../../
2023-04-26 18:34:03 DEBUG cic.cs.unb.ca.jnetpcap.PacketReader    Read All packets on /home/yunmo/Documents/gwangjin_ninja/6.pcap
2023-04-26 18:34:04 INFO  cic.cs.unb.ca.ifm.Cmd    CICFlowMeter received 1 pcap file
2023-04-26 18:34:08 DEBUG cic.cs.unb.ca.jnetpcap.PacketReader    Read All packets on /home/yunmo/Documents/gwangjin_ninja/7.pcap
2023-04-26 18:34:09 INFO  cic.cs.unb.ca.ifm.Cmd    You select: /home/yunmo/Documents/gwangjin_ninja/8.pcap
2023-04-26 18:34:09 INFO  cic.cs.unb.ca.ifm.Cmd    Out folder: ../../
2023-04-26 18:34:12 INFO  cic.cs.unb.ca.ifm.Cmd    CICFlowMeter received 1 pcap file
2023-04-26 18:34:14 INFO  cic.cs.unb.ca.ifm.Cmd    You select: /home/yunmo/Documents/gwangjin_ninja/9.pcap
2023-04-26 18:34:14 INFO  cic.cs.unb.ca.ifm.Cmd    Out folder: ../../
2023-04-26 18:34:16 DEBUG cic.cs.unb.ca.jnetpcap.PacketReader    Read All packets on /home/yunmo/Documents/gwangjin_ninja/8.pcap
2023-04-26 18:34:18 INFO  cic.cs.unb.ca.ifm.Cmd    CICFlowMeter received 1 pcap file
2023-04-26 18:34:22 INFO  cic.cs.unb.ca.ifm.Cmd    You select: /home/yunmo/Documents/gwangjin_ninja/10.pcap
2023-04-26 18:34:22 INFO  cic.cs.unb.ca.ifm.Cmd    Out folder: ../../
2023-04-26 18:34:22 DEBUG cic.cs.unb.ca.jnetpcap.PacketReader    Read All packets on /home/yunmo/Documents/gwangjin_ninja/9.pcap
2023-04-26 18:34:23 INFO  cic.cs.unb.ca.ifm.Cmd    CICFlowMeter received 1 pcap file
2023-04-26 18:34:24 INFO  cic.cs.unb.ca.ifm.Cmd    You select: /home/yunmo/Documents/gwangjin_ninja/11.pcap
2023-04-26 18:34:24 INFO  cic.cs.unb.ca.ifm.Cmd    Out folder: ../../
2023-04-26 18:34:26 INFO  cic.cs.unb.ca.ifm.Cmd    CICFlowMeter received 1 pcap file
2023-04-26 18:34:26 DEBUG cic.cs.unb.ca.jnetpcap.PacketReader    Read All packets on /home/yunmo/Documents/gwangjin_ninja/10.pcap
2023-04-26 18:34:28 INFO  cic.cs.unb.ca.ifm.Cmd    You select: /home/yunmo/Documents/gwangjin_ninja/12.pcap
2023-04-26 18:34:28 INFO  cic.cs.unb.ca.ifm.Cmd    Out folder: ../../
2023-04-26 18:34:28 DEBUG cic.cs.unb.ca.jnetpcap.PacketReader    Read All packets on /home/yunmo/Documents/gwangjin_ninja/11.pcap
2023-04-26 18:34:28 INFO  cic.cs.unb.ca.ifm.Cmd    CICFlowMeter received 1 pcap file
2023-04-26 18:34:29 DEBUG cic.cs.unb.ca.jnetpcap.PacketReader    Read All packets on /home/yunmo/Documents/gwangjin_ninja/12.pcap
2023-04-26 18:34:31 INFO  cic.cs.unb.ca.ifm.Cmd    You select: /home/yunmo/Documents/gwangjin_ninja/13.pcap
2023-04-26 18:34:31 INFO  cic.cs.unb.ca.ifm.Cmd    Out folder: ../../
2023-04-26 18:34:31 INFO  cic.cs.unb.ca.ifm.Cmd    CICFlowMeter received 1 pcap file
2023-04-26 18:34:33 DEBUG cic.cs.unb.ca.jnetpcap.PacketReader    Read All packets on /home/yunmo/Documents/gwangjin_ninja/13.pcap
2023-04-26 18:34:36 INFO  cic.cs.unb.ca.ifm.Cmd    You select: /home/yunmo/Documents/gwangjin_ninja/14.pcap
2023-04-26 18:34:36 INFO  cic.cs.unb.ca.ifm.Cmd    Out folder: ../../
2023-04-26 18:34:37 INFO  cic.cs.unb.ca.ifm.Cmd    CICFlowMeter received 1 pcap file
2023-04-26 18:34:39 DEBUG cic.cs.unb.ca.jnetpcap.PacketReader    Read All packets on /home/yunmo/Documents/gwangjin_ninja/14.pcap
2023-04-26 18:34:43 INFO  cic.cs.unb.ca.ifm.Cmd    You select: /home/yunmo/Documents/gwangjin_ninja/15.pcap
2023-04-26 18:34:43 INFO  cic.cs.unb.ca.ifm.Cmd    Out folder: ../../
2023-04-26 18:34:45 INFO  cic.cs.unb.ca.ifm.Cmd    CICFlowMeter received 1 pcap file
2023-04-26 18:34:46 DEBUG cic.cs.unb.ca.jnetpcap.PacketReader    Read All packets on /home/yunmo/Documents/gwangjin_ninja/15.pcap
2023-04-26 18:34:46 INFO  cic.cs.unb.ca.ifm.Cmd    You select: /home/yunmo/Documents/gwangjin_ninja/16.pcap
2023-04-26 18:34:46 INFO  cic.cs.unb.ca.ifm.Cmd    Out folder: ../../
2023-04-26 18:34:46 INFO  cic.cs.unb.ca.ifm.Cmd    CICFlowMeter received 1 pcap file
2023-04-26 18:34:47 DEBUG cic.cs.unb.ca.jnetpcap.PacketReader    Read All packets on /home/yunmo/Documents/gwangjin_ninja/16.pcap
2023-04-26 18:34:54 INFO  cic.cs.unb.ca.ifm.Cmd    You select: /home/yunmo/Documents/gwangjin_ninja/17.pcap
2023-04-26 18:34:54 INFO  cic.cs.unb.ca.ifm.Cmd    Out folder: ../../
2023-04-26 18:34:54 INFO  cic.cs.unb.ca.ifm.Cmd    CICFlowMeter received 1 pcap file
2023-04-26 18:34:56 DEBUG cic.cs.unb.ca.jnetpcap.FlowGenerator    FlagFIN current has 23 flow
2023-04-26 18:34:56 DEBUG cic.cs.unb.ca.jnetpcap.FlowGenerator    FlagFIN current has 23 flow
2023-04-26 18:34:56 DEBUG cic.cs.unb.ca.jnetpcap.FlowGenerator    FlagFIN current has 24 flow
2023-04-26 18:34:56 DEBUG cic.cs.unb.ca.jnetpcap.FlowGenerator    FlagFIN current has 24 flow
2023-04-26 18:34:56 DEBUG cic.cs.unb.ca.jnetpcap.PacketReader    Read All packets on /home/yunmo/Documents/gwangjin_ninja/17.pcap
2023-04-26 18:34:57 INFO  cic.cs.unb.ca.ifm.Cmd    You select: /home/yunmo/Documents/gwangjin_ninja/18.pcap
2023-04-26 18:34:57 INFO  cic.cs.unb.ca.ifm.Cmd    Out folder: ../../
2023-04-26 18:35:00 INFO  cic.cs.unb.ca.ifm.Cmd    CICFlowMeter received 1 pcap file
2023-04-26 18:35:03 DEBUG cic.cs.unb.ca.jnetpcap.FlowGenerator    FlagFIN current has 11 flow
2023-04-26 18:35:03 DEBUG cic.cs.unb.ca.jnetpcap.FlowGenerator    FlagFIN current has 10 flow
2023-04-26 18:35:03 DEBUG cic.cs.unb.ca.jnetpcap.FlowGenerator    FlagFIN current has 13 flow
2023-04-26 18:35:03 DEBUG cic.cs.unb.ca.jnetpcap.PacketReader    Read All packets on /home/yunmo/Documents/gwangjin_ninja/18.pcap
2023-04-26 18:35:04 INFO  cic.cs.unb.ca.ifm.Cmd    You select: /home/yunmo/Documents/gwangjin_ninja/19.pcap
2023-04-26 18:35:04 INFO  cic.cs.unb.ca.ifm.Cmd    Out folder: ../../
2023-04-26 18:35:05 INFO  cic.cs.unb.ca.ifm.Cmd    CICFlowMeter received 1 pcap file
2023-04-26 18:35:08 DEBUG cic.cs.unb.ca.jnetpcap.PacketReader    Read All packets on /home/yunmo/Documents/gwangjin_ninja/19.pcap
2023-04-26 18:35:09 INFO  cic.cs.unb.ca.ifm.Cmd    You select: /home/yunmo/Documents/gwangjin_ninja/20.pcap
2023-04-26 18:35:09 INFO  cic.cs.unb.ca.ifm.Cmd    Out folder: ../../
2023-04-26 18:35:11 INFO  cic.cs.unb.ca.ifm.Cmd    CICFlowMeter received 1 pcap file
2023-04-26 18:35:13 DEBUG cic.cs.unb.ca.jnetpcap.PacketReader    Read All packets on /home/yunmo/Documents/gwangjin_ninja/20.pcap
2023-04-26 18:35:13 INFO  cic.cs.unb.ca.ifm.Cmd    You select: /home/yunmo/Documents/gwangjin_ninja/21.pcap
2023-04-26 18:35:13 INFO  cic.cs.unb.ca.ifm.Cmd    Out folder: ../../
2023-04-26 18:35:14 INFO  cic.cs.unb.ca.ifm.Cmd    CICFlowMeter received 1 pcap file
2023-04-26 18:42:36 INFO  cic.cs.unb.ca.ifm.Cmd    You select: /home/yunmo/Documents/gwangjin_ninja/1.pcap
2023-04-26 18:42:36 INFO  cic.cs.unb.ca.ifm.Cmd    Out folder: ../../
2023-04-26 18:42:36 INFO  cic.cs.unb.ca.ifm.Cmd    CICFlowMeter received 1 pcap file
2023-04-26 18:42:36 DEBUG cic.cs.unb.ca.jnetpcap.FlowGenerator    FlagFIN current has 9 flow
2023-04-26 18:42:36 DEBUG cic.cs.unb.ca.jnetpcap.FlowGenerator    FlagFIN current has 30 flow
2023-04-26 18:42:36 DEBUG cic.cs.unb.ca.jnetpcap.PacketReader    Read All packets on /home/yunmo/Documents/gwangjin_ninja/1.pcap
2023-04-26 18:42:40 INFO  cic.cs.unb.ca.ifm.Cmd    You select: /home/yunmo/Documents/gwangjin_ninja/2.pcap
2023-04-26 18:42:40 INFO  cic.cs.unb.ca.ifm.Cmd    Out folder: ../../
2023-04-26 18:42:41 INFO  cic.cs.unb.ca.ifm.Cmd    CICFlowMeter received 1 pcap file
2023-04-26 18:42:41 DEBUG cic.cs.unb.ca.jnetpcap.FlowGenerator    FlagFIN current has 21 flow
2023-04-26 18:42:41 DEBUG cic.cs.unb.ca.jnetpcap.PacketReader    Read All packets on /home/yunmo/Documents/gwangjin_ninja/2.pcap
2023-04-26 18:42:45 INFO  cic.cs.unb.ca.ifm.Cmd    You select: /home/yunmo/Documents/gwangjin_ninja/3.pcap
2023-04-26 18:42:45 INFO  cic.cs.unb.ca.ifm.Cmd    Out folder: ../../
2023-04-26 18:42:45 INFO  cic.cs.unb.ca.ifm.Cmd    CICFlowMeter received 1 pcap file
2023-04-26 18:42:46 DEBUG cic.cs.unb.ca.jnetpcap.FlowGenerator    FlagFIN current has 10 flow
2023-04-26 18:42:46 DEBUG cic.cs.unb.ca.jnetpcap.FlowGenerator    FlagFIN current has 12 flow
2023-04-26 18:42:46 DEBUG cic.cs.unb.ca.jnetpcap.FlowGenerator    FlagFIN current has 13 flow
2023-04-26 18:42:46 DEBUG cic.cs.unb.ca.jnetpcap.FlowGenerator    FlagFIN current has 14 flow
2023-04-26 18:42:46 DEBUG cic.cs.unb.ca.jnetpcap.PacketReader    Read All packets on /home/yunmo/Documents/gwangjin_ninja/3.pcap
2023-04-26 18:42:54 INFO  cic.cs.unb.ca.ifm.Cmd    You select: /home/yunmo/Documents/gwangjin_ninja/4.pcap
2023-04-26 18:42:54 INFO  cic.cs.unb.ca.ifm.Cmd    Out folder: ../../
2023-04-26 18:42:55 INFO  cic.cs.unb.ca.ifm.Cmd    CICFlowMeter received 1 pcap file
2023-04-26 18:42:56 DEBUG cic.cs.unb.ca.jnetpcap.PacketReader    Read All packets on /home/yunmo/Documents/gwangjin_ninja/4.pcap
2023-04-26 18:42:57 INFO  cic.cs.unb.ca.ifm.Cmd    You select: /home/yunmo/Documents/gwangjin_ninja/5.pcap
2023-04-26 18:42:57 INFO  cic.cs.unb.ca.ifm.Cmd    Out folder: ../../
2023-04-26 18:43:00 INFO  cic.cs.unb.ca.ifm.Cmd    CICFlowMeter received 1 pcap file
2023-04-26 18:43:01 DEBUG cic.cs.unb.ca.jnetpcap.PacketReader    Read All packets on /home/yunmo/Documents/gwangjin_ninja/5.pcap
2023-04-26 18:43:02 INFO  cic.cs.unb.ca.ifm.Cmd    You select: /home/yunmo/Documents/gwangjin_ninja/6.pcap
2023-04-26 18:43:02 INFO  cic.cs.unb.ca.ifm.Cmd    Out folder: ../../
2023-04-26 18:43:02 INFO  cic.cs.unb.ca.ifm.Cmd    CICFlowMeter received 1 pcap file
2023-04-26 18:43:04 DEBUG cic.cs.unb.ca.jnetpcap.FlowGenerator    FlagFIN current has 12 flow
2023-04-26 18:43:05 DEBUG cic.cs.unb.ca.jnetpcap.FlowGenerator    FlagFIN current has 20 flow
2023-04-26 18:43:05 DEBUG cic.cs.unb.ca.jnetpcap.FlowGenerator    FlagFIN current has 19 flow
2023-04-26 18:43:05 DEBUG cic.cs.unb.ca.jnetpcap.PacketReader    Read All packets on /home/yunmo/Documents/gwangjin_ninja/6.pcap
2023-04-26 18:43:08 INFO  cic.cs.unb.ca.ifm.Cmd    You select: /home/yunmo/Documents/gwangjin_ninja/7.pcap
2023-04-26 18:43:08 INFO  cic.cs.unb.ca.ifm.Cmd    Out folder: ../../
2023-04-26 18:43:10 INFO  cic.cs.unb.ca.ifm.Cmd    CICFlowMeter received 1 pcap file
2023-04-26 18:43:13 DEBUG cic.cs.unb.ca.jnetpcap.PacketReader    Read All packets on /home/yunmo/Documents/gwangjin_ninja/7.pcap
2023-04-26 18:43:15 INFO  cic.cs.unb.ca.ifm.Cmd    You select: /home/yunmo/Documents/gwangjin_ninja/8.pcap
2023-04-26 18:43:15 INFO  cic.cs.unb.ca.ifm.Cmd    Out folder: ../../
2023-04-26 18:43:17 INFO  cic.cs.unb.ca.ifm.Cmd    CICFlowMeter received 1 pcap file
2023-04-26 18:43:20 INFO  cic.cs.unb.ca.ifm.Cmd    You select: /home/yunmo/Documents/gwangjin_ninja/9.pcap
2023-04-26 18:43:20 INFO  cic.cs.unb.ca.ifm.Cmd    Out folder: ../../
2023-04-26 18:43:22 DEBUG cic.cs.unb.ca.jnetpcap.FlowGenerator    FlagFIN current has 9 flow
2023-04-26 18:43:22 DEBUG cic.cs.unb.ca.jnetpcap.FlowGenerator    FlagFIN current has 21 flow
2023-04-26 18:43:23 DEBUG cic.cs.unb.ca.jnetpcap.PacketReader    Read All packets on /home/yunmo/Documents/gwangjin_ninja/8.pcap
2023-04-26 18:43:23 INFO  cic.cs.unb.ca.ifm.Cmd    CICFlowMeter received 1 pcap file
2023-04-26 18:43:25 INFO  cic.cs.unb.ca.ifm.Cmd    You select: /home/yunmo/Documents/gwangjin_ninja/10.pcap
2023-04-26 18:43:25 INFO  cic.cs.unb.ca.ifm.Cmd    Out folder: ../../
2023-04-26 18:43:28 INFO  cic.cs.unb.ca.ifm.Cmd    CICFlowMeter received 1 pcap file
2023-04-26 18:43:29 DEBUG cic.cs.unb.ca.jnetpcap.PacketReader    Read All packets on /home/yunmo/Documents/gwangjin_ninja/9.pcap
2023-04-26 18:43:32 INFO  cic.cs.unb.ca.ifm.Cmd    You select: /home/yunmo/Documents/gwangjin_ninja/11.pcap
2023-04-26 18:43:32 INFO  cic.cs.unb.ca.ifm.Cmd    Out folder: ../../
2023-04-26 18:43:32 DEBUG cic.cs.unb.ca.jnetpcap.FlowGenerator    FlagFIN current has 5 flow
2023-04-26 18:43:32 DEBUG cic.cs.unb.ca.jnetpcap.FlowGenerator    FlagFIN current has 4 flow
2023-04-26 18:43:32 DEBUG cic.cs.unb.ca.jnetpcap.PacketReader    Read All packets on /home/yunmo/Documents/gwangjin_ninja/10.pcap
2023-04-26 18:43:35 INFO  cic.cs.unb.ca.ifm.Cmd    CICFlowMeter received 1 pcap file
2023-04-26 18:43:36 ERROR cic.cs.unb.ca.jnetpcap.PacketReader    Error while opening file for capture: truncated dump file; tried to read 4 file header bytes, only got 0
2023-04-26 18:43:37 INFO  cic.cs.unb.ca.ifm.Cmd    You select: /home/yunmo/Documents/gwangjin_ninja/12.pcap
2023-04-26 18:43:37 INFO  cic.cs.unb.ca.ifm.Cmd    Out folder: ../../
2023-04-26 18:43:41 INFO  cic.cs.unb.ca.ifm.Cmd    CICFlowMeter received 1 pcap file
2023-04-26 18:43:43 INFO  cic.cs.unb.ca.ifm.Cmd    You select: /home/yunmo/Documents/gwangjin_ninja/13.pcap
2023-04-26 18:43:43 INFO  cic.cs.unb.ca.ifm.Cmd    Out folder: ../../
2023-04-26 18:43:49 INFO  cic.cs.unb.ca.ifm.Cmd    CICFlowMeter received 1 pcap file
2023-04-26 18:43:52 DEBUG cic.cs.unb.ca.jnetpcap.FlowGenerator    FlagFIN current has 21 flow
2023-04-26 18:43:52 INFO  cic.cs.unb.ca.ifm.Cmd    You select: /home/yunmo/Documents/gwangjin_ninja/14.pcap
2023-04-26 18:43:52 INFO  cic.cs.unb.ca.ifm.Cmd    Out folder: ../../
2023-04-26 18:43:53 DEBUG cic.cs.unb.ca.jnetpcap.FlowGenerator    FlagFIN current has 23 flow
2023-04-26 18:43:53 DEBUG cic.cs.unb.ca.jnetpcap.PacketReader    Read All packets on /home/yunmo/Documents/gwangjin_ninja/12.pcap
2023-04-26 18:43:54 INFO  cic.cs.unb.ca.ifm.Cmd    You select: /home/yunmo/Documents/gwangjin_ninja/15.pcap
2023-04-26 18:43:54 INFO  cic.cs.unb.ca.ifm.Cmd    Out folder: ../../
2023-04-26 18:43:56 INFO  cic.cs.unb.ca.ifm.Cmd    CICFlowMeter received 1 pcap file
2023-04-26 18:43:56 DEBUG cic.cs.unb.ca.jnetpcap.FlowGenerator    FlagFIN current has 13 flow
2023-04-26 18:43:58 DEBUG cic.cs.unb.ca.jnetpcap.PacketReader    Read All packets on /home/yunmo/Documents/gwangjin_ninja/13.pcap
2023-04-26 18:43:58 INFO  cic.cs.unb.ca.ifm.Cmd    CICFlowMeter received 1 pcap file
2023-04-26 18:43:59 ERROR cic.cs.unb.ca.jnetpcap.PacketReader    Error while opening file for capture: truncated dump file; tried to read 4 file header bytes, only got 0
2023-04-26 18:43:59 INFO  cic.cs.unb.ca.ifm.Cmd    You select: /home/yunmo/Documents/gwangjin_ninja/16.pcap
2023-04-26 18:43:59 INFO  cic.cs.unb.ca.ifm.Cmd    Out folder: ../../
2023-04-26 18:44:02 DEBUG cic.cs.unb.ca.jnetpcap.FlowGenerator    FlagFIN current has 15 flow
2023-04-26 18:44:03 DEBUG cic.cs.unb.ca.jnetpcap.FlowGenerator    FlagFIN current has 16 flow
2023-04-26 18:44:03 DEBUG cic.cs.unb.ca.jnetpcap.PacketReader    Read All packets on /home/yunmo/Documents/gwangjin_ninja/14.pcap
2023-04-26 18:44:04 INFO  cic.cs.unb.ca.ifm.Cmd    CICFlowMeter received 1 pcap file
2023-04-26 18:44:04 INFO  cic.cs.unb.ca.ifm.Cmd    You select: /home/yunmo/Documents/gwangjin_ninja/17.pcap
2023-04-26 18:44:04 INFO  cic.cs.unb.ca.ifm.Cmd    Out folder: ../../
2023-04-26 18:44:08 DEBUG cic.cs.unb.ca.jnetpcap.PacketReader    Read All packets on /home/yunmo/Documents/gwangjin_ninja/16.pcap
2023-04-26 18:44:08 INFO  cic.cs.unb.ca.ifm.Cmd    CICFlowMeter received 1 pcap file
2023-04-26 18:44:10 INFO  cic.cs.unb.ca.ifm.Cmd    You select: /home/yunmo/Documents/gwangjin_ninja/18.pcap
2023-04-26 18:44:10 INFO  cic.cs.unb.ca.ifm.Cmd    Out folder: ../../
2023-04-26 18:44:14 INFO  cic.cs.unb.ca.ifm.Cmd    CICFlowMeter received 1 pcap file
2023-04-26 18:44:14 INFO  cic.cs.unb.ca.ifm.Cmd    You select: /home/yunmo/Documents/gwangjin_ninja/19.pcap
2023-04-26 18:44:14 INFO  cic.cs.unb.ca.ifm.Cmd    Out folder: ../../
2023-04-26 18:44:16 DEBUG cic.cs.unb.ca.jnetpcap.PacketReader    Read All packets on /home/yunmo/Documents/gwangjin_ninja/17.pcap
2023-04-26 18:44:19 INFO  cic.cs.unb.ca.ifm.Cmd    CICFlowMeter received 1 pcap file
2023-04-26 18:44:22 DEBUG cic.cs.unb.ca.jnetpcap.PacketReader    Read All packets on /home/yunmo/Documents/gwangjin_ninja/18.pcap
2023-04-26 18:44:24 INFO  cic.cs.unb.ca.ifm.Cmd    You select: /home/yunmo/Documents/gwangjin_ninja/20.pcap
2023-04-26 18:44:24 INFO  cic.cs.unb.ca.ifm.Cmd    Out folder: ../../
2023-04-26 18:44:24 DEBUG cic.cs.unb.ca.jnetpcap.PacketReader    Read All packets on /home/yunmo/Documents/gwangjin_ninja/19.pcap
2023-04-26 18:44:26 INFO  cic.cs.unb.ca.ifm.Cmd    CICFlowMeter received 1 pcap file
2023-04-26 18:44:27 INFO  cic.cs.unb.ca.ifm.Cmd    You select: /home/yunmo/Documents/gwangjin_ninja/21.pcap
2023-04-26 18:44:27 INFO  cic.cs.unb.ca.ifm.Cmd    Out folder: ../../
2023-04-26 18:44:30 INFO  cic.cs.unb.ca.ifm.Cmd    You select: /home/yunmo/Documents/gwangjin_ninja/22.pcap
2023-04-26 18:44:30 INFO  cic.cs.unb.ca.ifm.Cmd    Out folder: ../../
2023-04-26 18:44:30 INFO  cic.cs.unb.ca.ifm.Cmd    CICFlowMeter received 1 pcap file
2023-04-26 18:44:31 DEBUG cic.cs.unb.ca.jnetpcap.PacketReader    Read All packets on /home/yunmo/Documents/gwangjin_ninja/20.pcap
2023-04-26 18:44:35 INFO  cic.cs.unb.ca.ifm.Cmd    CICFlowMeter received 1 pcap file
2023-04-26 18:44:35 DEBUG cic.cs.unb.ca.jnetpcap.PacketReader    Read All packets on /home/yunmo/Documents/gwangjin_ninja/21.pcap
2023-04-26 18:44:35 INFO  cic.cs.unb.ca.ifm.Cmd    You select: /home/yunmo/Documents/gwangjin_ninja/23.pcap
2023-04-26 18:44:35 INFO  cic.cs.unb.ca.ifm.Cmd    Out folder: ../../
2023-04-26 18:44:37 DEBUG cic.cs.unb.ca.jnetpcap.PacketReader    Read All packets on /home/yunmo/Documents/gwangjin_ninja/22.pcap
2023-04-26 18:44:38 INFO  cic.cs.unb.ca.ifm.Cmd    CICFlowMeter received 1 pcap file
2023-04-26 18:44:40 INFO  cic.cs.unb.ca.ifm.Cmd    You select: /home/yunmo/Documents/gwangjin_ninja/24.pcap
2023-04-26 18:44:40 INFO  cic.cs.unb.ca.ifm.Cmd    Out folder: ../../
2023-04-26 18:44:41 DEBUG cic.cs.unb.ca.jnetpcap.PacketReader    Read All packets on /home/yunmo/Documents/gwangjin_ninja/23.pcap
2023-04-26 18:44:42 INFO  cic.cs.unb.ca.ifm.Cmd    CICFlowMeter received 1 pcap file
2023-04-26 18:44:44 INFO  cic.cs.unb.ca.ifm.Cmd    You select: /home/yunmo/Documents/gwangjin_ninja/25.pcap
2023-04-26 18:44:44 INFO  cic.cs.unb.ca.ifm.Cmd    Out folder: ../../
2023-04-26 18:44:45 DEBUG cic.cs.unb.ca.jnetpcap.FlowGenerator    FlagFIN current has 23 flow
2023-04-26 18:44:46 DEBUG cic.cs.unb.ca.jnetpcap.FlowGenerator    FlagFIN current has 22 flow
2023-04-26 18:44:46 DEBUG cic.cs.unb.ca.jnetpcap.FlowGenerator    FlagFIN current has 31 flow
2023-04-26 18:44:46 DEBUG cic.cs.unb.ca.jnetpcap.PacketReader    Read All packets on /home/yunmo/Documents/gwangjin_ninja/24.pcap
2023-04-26 18:44:47 INFO  cic.cs.unb.ca.ifm.Cmd    CICFlowMeter received 1 pcap file
2023-04-26 18:44:50 INFO  cic.cs.unb.ca.ifm.Cmd    You select: /home/yunmo/Documents/gwangjin_ninja/26.pcap
2023-04-26 18:44:50 INFO  cic.cs.unb.ca.ifm.Cmd    Out folder: ../../
2023-04-26 18:44:51 DEBUG cic.cs.unb.ca.jnetpcap.PacketReader    Read All packets on /home/yunmo/Documents/gwangjin_ninja/25.pcap
2023-04-26 18:44:52 INFO  cic.cs.unb.ca.ifm.Cmd    CICFlowMeter received 1 pcap file
2023-04-26 18:44:54 INFO  cic.cs.unb.ca.ifm.Cmd    You select: /home/yunmo/Documents/gwangjin_ninja/27.pcap
2023-04-26 18:44:54 INFO  cic.cs.unb.ca.ifm.Cmd    Out folder: ../../
2023-04-26 18:44:56 DEBUG cic.cs.unb.ca.jnetpcap.PacketReader    Read All packets on /home/yunmo/Documents/gwangjin_ninja/26.pcap
2023-04-26 18:44:56 INFO  cic.cs.unb.ca.ifm.Cmd    CICFlowMeter received 1 pcap file
2023-04-26 18:44:59 INFO  cic.cs.unb.ca.ifm.Cmd    You select: /home/yunmo/Documents/gwangjin_ninja/28.pcap
2023-04-26 18:44:59 INFO  cic.cs.unb.ca.ifm.Cmd    Out folder: ../../
2023-04-26 18:45:00 DEBUG cic.cs.unb.ca.jnetpcap.PacketReader    Read All packets on /home/yunmo/Documents/gwangjin_ninja/27.pcap
2023-04-26 18:45:03 INFO  cic.cs.unb.ca.ifm.Cmd    CICFlowMeter received 1 pcap file
2023-04-26 18:45:04 ERROR cic.cs.unb.ca.jnetpcap.PacketReader    Error while opening file for capture: truncated dump file; tried to read 4 file header bytes, only got 0
2023-04-26 18:45:06 INFO  cic.cs.unb.ca.ifm.Cmd    You select: /home/yunmo/Documents/gwangjin_ninja/29.pcap
2023-04-26 18:45:06 INFO  cic.cs.unb.ca.ifm.Cmd    Out folder: ../../
2023-04-26 18:45:09 INFO  cic.cs.unb.ca.ifm.Cmd    You select: /home/yunmo/Documents/gwangjin_ninja/30.pcap
2023-04-26 18:45:09 INFO  cic.cs.unb.ca.ifm.Cmd    Out folder: ../../
2023-04-26 18:45:10 INFO  cic.cs.unb.ca.ifm.Cmd    CICFlowMeter received 1 pcap file
2023-04-26 18:45:12 INFO  cic.cs.unb.ca.ifm.Cmd    CICFlowMeter received 1 pcap file
2023-04-26 18:45:14 ERROR cic.cs.unb.ca.jnetpcap.PacketReader    Error while opening file for capture: truncated dump file; tried to read 4 file header bytes, only got 0
2023-04-26 18:45:16 DEBUG cic.cs.unb.ca.jnetpcap.PacketReader    Read All packets on /home/yunmo/Documents/gwangjin_ninja/29.pcap
2023-04-26 18:45:16 INFO  cic.cs.unb.ca.ifm.Cmd    You select: /home/yunmo/Documents/gwangjin_ninja/31.pcap
2023-04-26 18:45:16 INFO  cic.cs.unb.ca.ifm.Cmd    Out folder: ../../
2023-04-26 18:45:17 INFO  cic.cs.unb.ca.ifm.Cmd    CICFlowMeter received 1 pcap file
2023-04-26 18:45:17 INFO  cic.cs.unb.ca.ifm.Cmd    You select: /home/yunmo/Documents/gwangjin_ninja/32.pcap
2023-04-26 18:45:17 INFO  cic.cs.unb.ca.ifm.Cmd    Out folder: ../../
2023-04-26 18:45:17 DEBUG cic.cs.unb.ca.jnetpcap.FlowGenerator    FlagFIN current has 11 flow
2023-04-26 18:45:18 DEBUG cic.cs.unb.ca.jnetpcap.FlowGenerator    FlagFIN current has 21 flow
2023-04-26 18:45:18 DEBUG cic.cs.unb.ca.jnetpcap.FlowGenerator    FlagFIN current has 22 flow
2023-04-26 18:45:18 DEBUG cic.cs.unb.ca.jnetpcap.PacketReader    Read All packets on /home/yunmo/Documents/gwangjin_ninja/31.pcap
2023-04-26 18:45:18 INFO  cic.cs.unb.ca.ifm.Cmd    CICFlowMeter received 1 pcap file
2023-04-26 18:45:19 DEBUG cic.cs.unb.ca.jnetpcap.PacketReader    Read All packets on /home/yunmo/Documents/gwangjin_ninja/32.pcap
2023-04-26 18:45:22 INFO  cic.cs.unb.ca.ifm.Cmd    You select: /home/yunmo/Documents/gwangjin_ninja/33.pcap
2023-04-26 18:45:22 INFO  cic.cs.unb.ca.ifm.Cmd    Out folder: ../../
2023-04-26 18:45:22 INFO  cic.cs.unb.ca.ifm.Cmd    CICFlowMeter received 1 pcap file
2023-04-26 18:45:25 DEBUG cic.cs.unb.ca.jnetpcap.PacketReader    Read All packets on /home/yunmo/Documents/gwangjin_ninja/33.pcap
2023-04-26 18:45:30 INFO  cic.cs.unb.ca.ifm.Cmd    You select: /home/yunmo/Documents/gwangjin_ninja/34.pcap
2023-04-26 18:45:30 INFO  cic.cs.unb.ca.ifm.Cmd    Out folder: ../../
2023-04-26 18:45:33 INFO  cic.cs.unb.ca.ifm.Cmd    CICFlowMeter received 1 pcap file
2023-04-26 18:45:34 INFO  cic.cs.unb.ca.ifm.Cmd    You select: /home/yunmo/Documents/gwangjin_ninja/35.pcap
2023-04-26 18:45:34 INFO  cic.cs.unb.ca.ifm.Cmd    Out folder: ../../
2023-04-26 18:45:34 DEBUG cic.cs.unb.ca.jnetpcap.PacketReader    Read All packets on /home/yunmo/Documents/gwangjin_ninja/34.pcap
2023-04-26 18:45:34 INFO  cic.cs.unb.ca.ifm.Cmd    CICFlowMeter received 1 pcap file
2023-04-26 18:45:35 DEBUG cic.cs.unb.ca.jnetpcap.FlowGenerator    FlagFIN current has 13 flow
2023-04-26 18:45:35 DEBUG cic.cs.unb.ca.jnetpcap.FlowGenerator    FlagFIN current has 12 flow
2023-04-26 18:45:35 DEBUG cic.cs.unb.ca.jnetpcap.FlowGenerator    FlagFIN current has 11 flow
2023-04-26 18:45:35 DEBUG cic.cs.unb.ca.jnetpcap.PacketReader    Read All packets on /home/yunmo/Documents/gwangjin_ninja/35.pcap
2023-04-26 18:45:38 INFO  cic.cs.unb.ca.ifm.Cmd    You select: /home/yunmo/Documents/gwangjin_ninja/36.pcap
2023-04-26 18:45:38 INFO  cic.cs.unb.ca.ifm.Cmd    Out folder: ../../
2023-04-26 18:45:39 INFO  cic.cs.unb.ca.ifm.Cmd    CICFlowMeter received 1 pcap file
2023-04-26 18:45:44 DEBUG cic.cs.unb.ca.jnetpcap.PacketReader    Read All packets on /home/yunmo/Documents/gwangjin_ninja/36.pcap
2023-04-26 18:45:47 INFO  cic.cs.unb.ca.ifm.Cmd    You select: /home/yunmo/Documents/gwangjin_ninja/37.pcap
2023-04-26 18:45:47 INFO  cic.cs.unb.ca.ifm.Cmd    Out folder: ../../
2023-04-26 18:45:51 INFO  cic.cs.unb.ca.ifm.Cmd    CICFlowMeter received 1 pcap file
2023-04-26 18:45:55 INFO  cic.cs.unb.ca.ifm.Cmd    You select: /home/yunmo/Documents/gwangjin_ninja/38.pcap
2023-04-26 18:45:55 INFO  cic.cs.unb.ca.ifm.Cmd    Out folder: ../../
2023-04-26 18:45:57 DEBUG cic.cs.unb.ca.jnetpcap.PacketReader    Read All packets on /home/yunmo/Documents/gwangjin_ninja/37.pcap
2023-04-26 18:45:57 INFO  cic.cs.unb.ca.ifm.Cmd    You select: /home/yunmo/Documents/gwangjin_ninja/39.pcap
2023-04-26 18:45:57 INFO  cic.cs.unb.ca.ifm.Cmd    Out folder: ../../
2023-04-26 18:46:01 INFO  cic.cs.unb.ca.ifm.Cmd    CICFlowMeter received 1 pcap file
2023-04-26 18:46:03 INFO  cic.cs.unb.ca.ifm.Cmd    CICFlowMeter received 1 pcap file
2023-04-26 18:46:04 ERROR cic.cs.unb.ca.jnetpcap.PacketReader    Error while opening file for capture: truncated dump file; tried to read 4 file header bytes, only got 0
2023-04-26 18:46:05 INFO  cic.cs.unb.ca.ifm.Cmd    You select: /home/yunmo/Documents/gwangjin_ninja/40.pcap
2023-04-26 18:46:05 INFO  cic.cs.unb.ca.ifm.Cmd    Out folder: ../../
2023-04-26 18:46:08 INFO  cic.cs.unb.ca.ifm.Cmd    You select: /home/yunmo/Documents/gwangjin_ninja/41.pcap
2023-04-26 18:46:08 INFO  cic.cs.unb.ca.ifm.Cmd    Out folder: ../../
2023-04-26 18:46:09 DEBUG cic.cs.unb.ca.jnetpcap.PacketReader    Read All packets on /home/yunmo/Documents/gwangjin_ninja/38.pcap
