2023-05-16 21:39:07 INFO  cic.cs.unb.ca.ifm.Cmd    You select: /home/yunmo/Documents/gwangjin_ninja/1.pcap
2023-05-16 21:39:07 INFO  cic.cs.unb.ca.ifm.Cmd    Out folder: ../../
2023-05-16 21:39:09 INFO  cic.cs.unb.ca.ifm.Cmd    CICFlowMeter received 1 pcap file
2023-05-16 21:39:09 ERROR cic.cs.unb.ca.jnetpcap.PacketReader    Error while opening file for capture: truncated dump file; tried to read 4 file header bytes, only got 0
2023-05-16 21:39:11 INFO  cic.cs.unb.ca.ifm.Cmd    You select: /home/yunmo/Documents/gwangjin_ninja/1.pcap
2023-05-16 21:39:11 INFO  cic.cs.unb.ca.ifm.Cmd    Out folder: ../../
2023-05-16 21:39:12 INFO  cic.cs.unb.ca.ifm.Cmd    CICFlowMeter received 1 pcap file
2023-05-16 21:39:12 ERROR cic.cs.unb.ca.jnetpcap.PacketReader    Error while opening file for capture: truncated dump file; tried to read 4 file header bytes, only got 0
2023-05-16 21:39:17 INFO  cic.cs.unb.ca.ifm.Cmd    You select: /home/yunmo/Documents/gwangjin_ninja/1.pcap
2023-05-16 21:39:17 INFO  cic.cs.unb.ca.ifm.Cmd    Out folder: ../../
2023-05-16 21:39:18 INFO  cic.cs.unb.ca.ifm.Cmd    CICFlowMeter received 1 pcap file
2023-05-16 21:39:19 ERROR cic.cs.unb.ca.jnetpcap.PacketReader    Error while opening file for capture: truncated dump file; tried to read 4 file header bytes, only got 0
2023-05-16 21:39:24 INFO  cic.cs.unb.ca.ifm.Cmd    You select: /home/yunmo/Documents/gwangjin_ninja/1.pcap
2023-05-16 21:39:24 INFO  cic.cs.unb.ca.ifm.Cmd    Out folder: ../../
2023-05-16 21:39:25 INFO  cic.cs.unb.ca.ifm.Cmd    CICFlowMeter received 1 pcap file
2023-05-16 21:39:26 ERROR cic.cs.unb.ca.jnetpcap.PacketReader    Error while opening file for capture: truncated dump file; tried to read 4 file header bytes, only got 0
2023-05-16 21:39:30 INFO  cic.cs.unb.ca.ifm.Cmd    You select: /home/yunmo/Documents/gwangjin_ninja/1.pcap
2023-05-16 21:39:30 INFO  cic.cs.unb.ca.ifm.Cmd    Out folder: ../../
2023-05-16 21:39:31 INFO  cic.cs.unb.ca.ifm.Cmd    CICFlowMeter received 1 pcap file
2023-05-16 21:39:32 ERROR cic.cs.unb.ca.jnetpcap.PacketReader    Error while opening file for capture: truncated dump file; tried to read 4 file header bytes, only got 0
2023-05-16 21:39:35 INFO  cic.cs.unb.ca.ifm.Cmd    You select: /home/yunmo/Documents/gwangjin_ninja/1.pcap
2023-05-16 21:39:35 INFO  cic.cs.unb.ca.ifm.Cmd    Out folder: ../../
2023-05-16 21:39:36 INFO  cic.cs.unb.ca.ifm.Cmd    CICFlowMeter received 1 pcap file
2023-05-16 21:39:37 ERROR cic.cs.unb.ca.jnetpcap.PacketReader    Error while opening file for capture: truncated dump file; tried to read 4 file header bytes, only got 0
2023-05-16 21:39:42 INFO  cic.cs.unb.ca.ifm.Cmd    You select: /home/yunmo/Documents/gwangjin_ninja/1.pcap
2023-05-16 21:39:42 INFO  cic.cs.unb.ca.ifm.Cmd    Out folder: ../../
2023-05-16 21:39:44 INFO  cic.cs.unb.ca.ifm.Cmd    CICFlowMeter received 1 pcap file
2023-05-16 21:39:44 ERROR cic.cs.unb.ca.jnetpcap.PacketReader    Error while opening file for capture: truncated dump file; tried to read 4 file header bytes, only got 0
2023-05-16 21:39:48 INFO  cic.cs.unb.ca.ifm.Cmd    You select: /home/yunmo/Documents/gwangjin_ninja/1.pcap
2023-05-16 21:39:48 INFO  cic.cs.unb.ca.ifm.Cmd    Out folder: ../../
2023-05-16 21:39:49 INFO  cic.cs.unb.ca.ifm.Cmd    CICFlowMeter received 1 pcap file
2023-05-16 21:39:50 ERROR cic.cs.unb.ca.jnetpcap.PacketReader    Error while opening file for capture: truncated dump file; tried to read 4 file header bytes, only got 0
2023-05-16 21:39:55 INFO  cic.cs.unb.ca.ifm.Cmd    You select: /home/yunmo/Documents/gwangjin_ninja/1.pcap
2023-05-16 21:39:55 INFO  cic.cs.unb.ca.ifm.Cmd    Out folder: ../../
2023-05-16 21:39:56 INFO  cic.cs.unb.ca.ifm.Cmd    CICFlowMeter received 1 pcap file
2023-05-16 21:39:57 ERROR cic.cs.unb.ca.jnetpcap.PacketReader    Error while opening file for capture: truncated dump file; tried to read 4 file header bytes, only got 0
2023-05-16 21:40:00 INFO  cic.cs.unb.ca.ifm.Cmd    You select: /home/yunmo/Documents/gwangjin_ninja/1.pcap
2023-05-16 21:40:00 INFO  cic.cs.unb.ca.ifm.Cmd    Out folder: ../../
2023-05-16 21:40:01 INFO  cic.cs.unb.ca.ifm.Cmd    CICFlowMeter received 1 pcap file
2023-05-16 21:40:02 ERROR cic.cs.unb.ca.jnetpcap.PacketReader    Error while opening file for capture: truncated dump file; tried to read 4 file header bytes, only got 0
2023-05-16 21:40:06 INFO  cic.cs.unb.ca.ifm.Cmd    You select: /home/yunmo/Documents/gwangjin_ninja/1.pcap
2023-05-16 21:40:06 INFO  cic.cs.unb.ca.ifm.Cmd    Out folder: ../../
2023-05-16 21:40:07 INFO  cic.cs.unb.ca.ifm.Cmd    CICFlowMeter received 1 pcap file
2023-05-16 21:40:08 ERROR cic.cs.unb.ca.jnetpcap.PacketReader    Error while opening file for capture: truncated dump file; tried to read 4 file header bytes, only got 0
2023-05-16 21:40:13 INFO  cic.cs.unb.ca.ifm.Cmd    You select: /home/yunmo/Documents/gwangjin_ninja/1.pcap
2023-05-16 21:40:13 INFO  cic.cs.unb.ca.ifm.Cmd    Out folder: ../../
2023-05-16 21:40:15 INFO  cic.cs.unb.ca.ifm.Cmd    CICFlowMeter received 1 pcap file
2023-05-16 21:40:15 ERROR cic.cs.unb.ca.jnetpcap.PacketReader    Error while opening file for capture: truncated dump file; tried to read 4 file header bytes, only got 0
2023-05-16 21:40:19 INFO  cic.cs.unb.ca.ifm.Cmd    You select: /home/yunmo/Documents/gwangjin_ninja/1.pcap
2023-05-16 21:40:19 INFO  cic.cs.unb.ca.ifm.Cmd    Out folder: ../../
2023-05-16 21:40:21 INFO  cic.cs.unb.ca.ifm.Cmd    CICFlowMeter received 1 pcap file
2023-05-16 21:40:21 ERROR cic.cs.unb.ca.jnetpcap.PacketReader    Error while opening file for capture: truncated dump file; tried to read 4 file header bytes, only got 0
2023-05-16 21:40:24 INFO  cic.cs.unb.ca.ifm.Cmd    You select: /home/yunmo/Documents/gwangjin_ninja/1.pcap
2023-05-16 21:40:24 INFO  cic.cs.unb.ca.ifm.Cmd    Out folder: ../../
2023-05-16 21:40:25 INFO  cic.cs.unb.ca.ifm.Cmd    CICFlowMeter received 1 pcap file
2023-05-16 21:40:28 DEBUG cic.cs.unb.ca.jnetpcap.PacketReader    Read All packets on /home/yunmo/Documents/gwangjin_ninja/1.pcap
2023-05-16 21:40:30 INFO  cic.cs.unb.ca.ifm.Cmd    You select: /home/yunmo/Documents/gwangjin_ninja/1.pcap
2023-05-16 21:40:30 INFO  cic.cs.unb.ca.ifm.Cmd    Out folder: ../../
2023-05-16 21:40:32 INFO  cic.cs.unb.ca.ifm.Cmd    CICFlowMeter received 1 pcap file
2023-05-16 21:40:34 DEBUG cic.cs.unb.ca.jnetpcap.FlowGenerator    FlagFIN current has 25 flow
2023-05-16 21:40:34 DEBUG cic.cs.unb.ca.jnetpcap.FlowGenerator    FlagFIN current has 24 flow
2023-05-16 21:40:34 DEBUG cic.cs.unb.ca.jnetpcap.FlowGenerator    FlagFIN current has 23 flow
2023-05-16 21:40:34 DEBUG cic.cs.unb.ca.jnetpcap.FlowGenerator    FlagFIN current has 22 flow
2023-05-16 21:40:34 DEBUG cic.cs.unb.ca.jnetpcap.FlowGenerator    FlagFIN current has 21 flow
2023-05-16 21:40:34 DEBUG cic.cs.unb.ca.jnetpcap.FlowGenerator    FlagFIN current has 20 flow
2023-05-16 21:40:34 DEBUG cic.cs.unb.ca.jnetpcap.FlowGenerator    FlagFIN current has 19 flow
2023-05-16 21:40:34 DEBUG cic.cs.unb.ca.jnetpcap.FlowGenerator    FlagFIN current has 18 flow
2023-05-16 21:40:34 DEBUG cic.cs.unb.ca.jnetpcap.FlowGenerator    FlagFIN current has 17 flow
2023-05-16 21:40:34 DEBUG cic.cs.unb.ca.jnetpcap.FlowGenerator    FlagFIN current has 16 flow
2023-05-16 21:40:34 DEBUG cic.cs.unb.ca.jnetpcap.FlowGenerator    FlagFIN current has 15 flow
2023-05-16 21:40:34 DEBUG cic.cs.unb.ca.jnetpcap.FlowGenerator    FlagFIN current has 14 flow
2023-05-16 21:40:34 DEBUG cic.cs.unb.ca.jnetpcap.FlowGenerator    FlagFIN current has 13 flow
2023-05-16 21:40:34 DEBUG cic.cs.unb.ca.jnetpcap.FlowGenerator    FlagFIN current has 12 flow
2023-05-16 21:40:34 DEBUG cic.cs.unb.ca.jnetpcap.FlowGenerator    FlagFIN current has 27 flow
2023-05-16 21:40:34 DEBUG cic.cs.unb.ca.jnetpcap.FlowGenerator    FlagFIN current has 26 flow
2023-05-16 21:40:34 DEBUG cic.cs.unb.ca.jnetpcap.FlowGenerator    FlagFIN current has 25 flow
2023-05-16 21:40:34 DEBUG cic.cs.unb.ca.jnetpcap.FlowGenerator    FlagFIN current has 24 flow
2023-05-16 21:40:34 DEBUG cic.cs.unb.ca.jnetpcap.FlowGenerator    FlagFIN current has 23 flow
2023-05-16 21:40:34 DEBUG cic.cs.unb.ca.jnetpcap.FlowGenerator    FlagFIN current has 22 flow
2023-05-16 21:40:34 DEBUG cic.cs.unb.ca.jnetpcap.FlowGenerator    FlagFIN current has 21 flow
2023-05-16 21:40:34 DEBUG cic.cs.unb.ca.jnetpcap.FlowGenerator    FlagFIN current has 20 flow
2023-05-16 21:40:34 DEBUG cic.cs.unb.ca.jnetpcap.FlowGenerator    FlagFIN current has 19 flow
2023-05-16 21:40:34 DEBUG cic.cs.unb.ca.jnetpcap.FlowGenerator    FlagFIN current has 18 flow
2023-05-16 21:40:34 DEBUG cic.cs.unb.ca.jnetpcap.FlowGenerator    FlagFIN current has 17 flow
2023-05-16 21:40:34 DEBUG cic.cs.unb.ca.jnetpcap.FlowGenerator    FlagFIN current has 16 flow
2023-05-16 21:40:34 DEBUG cic.cs.unb.ca.jnetpcap.FlowGenerator    FlagFIN current has 15 flow
2023-05-16 21:40:34 DEBUG cic.cs.unb.ca.jnetpcap.FlowGenerator    FlagFIN current has 14 flow
2023-05-16 21:40:34 DEBUG cic.cs.unb.ca.jnetpcap.FlowGenerator    FlagFIN current has 13 flow
2023-05-16 21:40:34 DEBUG cic.cs.unb.ca.jnetpcap.FlowGenerator    FlagFIN current has 12 flow
2023-05-16 21:40:34 DEBUG cic.cs.unb.ca.jnetpcap.FlowGenerator    FlagFIN current has 12 flow
2023-05-16 21:40:34 DEBUG cic.cs.unb.ca.jnetpcap.FlowGenerator    FlagFIN current has 11 flow
2023-05-16 21:40:34 DEBUG cic.cs.unb.ca.jnetpcap.FlowGenerator    FlagFIN current has 10 flow
2023-05-16 21:40:34 DEBUG cic.cs.unb.ca.jnetpcap.FlowGenerator    FlagFIN current has 9 flow
2023-05-16 21:40:34 DEBUG cic.cs.unb.ca.jnetpcap.FlowGenerator    FlagFIN current has 8 flow
2023-05-16 21:40:34 DEBUG cic.cs.unb.ca.jnetpcap.FlowGenerator    FlagFIN current has 7 flow
2023-05-16 21:40:34 DEBUG cic.cs.unb.ca.jnetpcap.FlowGenerator    FlagFIN current has 15 flow
2023-05-16 21:40:34 DEBUG cic.cs.unb.ca.jnetpcap.FlowGenerator    FlagFIN current has 31 flow
2023-05-16 21:40:34 DEBUG cic.cs.unb.ca.jnetpcap.FlowGenerator    FlagFIN current has 30 flow
2023-05-16 21:40:34 DEBUG cic.cs.unb.ca.jnetpcap.FlowGenerator    FlagFIN current has 29 flow
2023-05-16 21:40:34 DEBUG cic.cs.unb.ca.jnetpcap.FlowGenerator    FlagFIN current has 28 flow
2023-05-16 21:40:34 DEBUG cic.cs.unb.ca.jnetpcap.FlowGenerator    FlagFIN current has 27 flow
2023-05-16 21:40:34 DEBUG cic.cs.unb.ca.jnetpcap.FlowGenerator    FlagFIN current has 26 flow
2023-05-16 21:40:34 DEBUG cic.cs.unb.ca.jnetpcap.FlowGenerator    FlagFIN current has 25 flow
2023-05-16 21:40:34 DEBUG cic.cs.unb.ca.jnetpcap.FlowGenerator    FlagFIN current has 24 flow
2023-05-16 21:40:34 DEBUG cic.cs.unb.ca.jnetpcap.FlowGenerator    FlagFIN current has 23 flow
2023-05-16 21:40:34 DEBUG cic.cs.unb.ca.jnetpcap.FlowGenerator    FlagFIN current has 22 flow
2023-05-16 21:40:34 DEBUG cic.cs.unb.ca.jnetpcap.FlowGenerator    FlagFIN current has 21 flow
2023-05-16 21:40:34 DEBUG cic.cs.unb.ca.jnetpcap.FlowGenerator    FlagFIN current has 20 flow
2023-05-16 21:40:34 DEBUG cic.cs.unb.ca.jnetpcap.FlowGenerator    FlagFIN current has 19 flow
2023-05-16 21:40:34 DEBUG cic.cs.unb.ca.jnetpcap.FlowGenerator    FlagFIN current has 18 flow
2023-05-16 21:40:34 DEBUG cic.cs.unb.ca.jnetpcap.FlowGenerator    FlagFIN current has 17 flow
2023-05-16 21:40:34 DEBUG cic.cs.unb.ca.jnetpcap.FlowGenerator    FlagFIN current has 18 flow
2023-05-16 21:40:34 DEBUG cic.cs.unb.ca.jnetpcap.FlowGenerator    FlagFIN current has 17 flow
2023-05-16 21:40:34 DEBUG cic.cs.unb.ca.jnetpcap.FlowGenerator    FlagFIN current has 16 flow
2023-05-16 21:40:34 DEBUG cic.cs.unb.ca.jnetpcap.FlowGenerator    FlagFIN current has 15 flow
2023-05-16 21:40:34 DEBUG cic.cs.unb.ca.jnetpcap.FlowGenerator    FlagFIN current has 14 flow
2023-05-16 21:40:34 DEBUG cic.cs.unb.ca.jnetpcap.FlowGenerator    FlagFIN current has 13 flow
2023-05-16 21:40:34 DEBUG cic.cs.unb.ca.jnetpcap.FlowGenerator    FlagFIN current has 12 flow
2023-05-16 21:40:34 DEBUG cic.cs.unb.ca.jnetpcap.FlowGenerator    FlagFIN current has 12 flow
2023-05-16 21:40:34 DEBUG cic.cs.unb.ca.jnetpcap.PacketReader    Read All packets on /home/yunmo/Documents/gwangjin_ninja/1.pcap
2023-05-16 21:40:36 INFO  cic.cs.unb.ca.ifm.Cmd    You select: /home/yunmo/Documents/gwangjin_ninja/1.pcap
2023-05-16 21:40:36 INFO  cic.cs.unb.ca.ifm.Cmd    Out folder: ../../
2023-05-16 21:40:37 INFO  cic.cs.unb.ca.ifm.Cmd    CICFlowMeter received 1 pcap file
2023-05-16 21:40:39 DEBUG cic.cs.unb.ca.jnetpcap.FlowGenerator    FlagFIN current has 15 flow
2023-05-16 21:40:39 DEBUG cic.cs.unb.ca.jnetpcap.FlowGenerator    FlagFIN current has 14 flow
2023-05-16 21:40:39 DEBUG cic.cs.unb.ca.jnetpcap.FlowGenerator    FlagFIN current has 13 flow
2023-05-16 21:40:39 DEBUG cic.cs.unb.ca.jnetpcap.FlowGenerator    FlagFIN current has 16 flow
2023-05-16 21:40:39 DEBUG cic.cs.unb.ca.jnetpcap.FlowGenerator    FlagFIN current has 17 flow
2023-05-16 21:40:39 DEBUG cic.cs.unb.ca.jnetpcap.FlowGenerator    FlagFIN current has 16 flow
2023-05-16 21:40:39 DEBUG cic.cs.unb.ca.jnetpcap.FlowGenerator    FlagFIN current has 15 flow
2023-05-16 21:40:39 DEBUG cic.cs.unb.ca.jnetpcap.FlowGenerator    FlagFIN current has 15 flow
2023-05-16 21:40:39 DEBUG cic.cs.unb.ca.jnetpcap.FlowGenerator    FlagFIN current has 14 flow
2023-05-16 21:40:39 DEBUG cic.cs.unb.ca.jnetpcap.FlowGenerator    FlagFIN current has 13 flow
2023-05-16 21:40:39 DEBUG cic.cs.unb.ca.jnetpcap.FlowGenerator    FlagFIN current has 12 flow
2023-05-16 21:40:39 DEBUG cic.cs.unb.ca.jnetpcap.FlowGenerator    FlagFIN current has 11 flow
2023-05-16 21:40:39 DEBUG cic.cs.unb.ca.jnetpcap.FlowGenerator    FlagFIN current has 11 flow
2023-05-16 21:40:39 DEBUG cic.cs.unb.ca.jnetpcap.FlowGenerator    FlagFIN current has 10 flow
2023-05-16 21:40:39 DEBUG cic.cs.unb.ca.jnetpcap.FlowGenerator    FlagFIN current has 9 flow
2023-05-16 21:40:39 DEBUG cic.cs.unb.ca.jnetpcap.FlowGenerator    FlagFIN current has 10 flow
2023-05-16 21:40:39 DEBUG cic.cs.unb.ca.jnetpcap.FlowGenerator    FlagFIN current has 9 flow
2023-05-16 21:40:39 DEBUG cic.cs.unb.ca.jnetpcap.FlowGenerator    FlagFIN current has 10 flow
2023-05-16 21:40:39 DEBUG cic.cs.unb.ca.jnetpcap.FlowGenerator    FlagFIN current has 12 flow
2023-05-16 21:40:39 DEBUG cic.cs.unb.ca.jnetpcap.FlowGenerator    FlagFIN current has 11 flow
2023-05-16 21:40:39 DEBUG cic.cs.unb.ca.jnetpcap.FlowGenerator    FlagFIN current has 12 flow
2023-05-16 21:40:39 DEBUG cic.cs.unb.ca.jnetpcap.FlowGenerator    FlagFIN current has 12 flow
2023-05-16 21:40:39 DEBUG cic.cs.unb.ca.jnetpcap.FlowGenerator    FlagFIN current has 13 flow
2023-05-16 21:40:39 DEBUG cic.cs.unb.ca.jnetpcap.FlowGenerator    FlagFIN current has 13 flow
2023-05-16 21:40:39 DEBUG cic.cs.unb.ca.jnetpcap.FlowGenerator    FlagFIN current has 17 flow
2023-05-16 21:40:39 DEBUG cic.cs.unb.ca.jnetpcap.FlowGenerator    FlagFIN current has 17 flow
2023-05-16 21:40:39 DEBUG cic.cs.unb.ca.jnetpcap.FlowGenerator    FlagFIN current has 21 flow
2023-05-16 21:40:39 DEBUG cic.cs.unb.ca.jnetpcap.PacketReader    Read All packets on /home/yunmo/Documents/gwangjin_ninja/1.pcap
2023-05-16 21:40:41 INFO  cic.cs.unb.ca.ifm.Cmd    You select: /home/yunmo/Documents/gwangjin_ninja/1.pcap
2023-05-16 21:40:41 INFO  cic.cs.unb.ca.ifm.Cmd    Out folder: ../../
2023-05-16 21:40:42 INFO  cic.cs.unb.ca.ifm.Cmd    CICFlowMeter received 1 pcap file
2023-05-16 21:40:43 DEBUG cic.cs.unb.ca.jnetpcap.FlowGenerator    FlagFIN current has 12 flow
2023-05-16 21:40:44 DEBUG cic.cs.unb.ca.jnetpcap.PacketReader    Read All packets on /home/yunmo/Documents/gwangjin_ninja/1.pcap
2023-05-16 21:41:44 INFO  cic.cs.unb.ca.ifm.Cmd    You select: /home/yunmo/Documents/gwangjin_ninja/1.pcap
2023-05-16 21:41:44 INFO  cic.cs.unb.ca.ifm.Cmd    Out folder: ../../
2023-05-16 21:41:45 INFO  cic.cs.unb.ca.ifm.Cmd    CICFlowMeter received 1 pcap file
2023-05-16 21:41:47 DEBUG cic.cs.unb.ca.jnetpcap.PacketReader    Read All packets on /home/yunmo/Documents/gwangjin_ninja/1.pcap
2023-05-16 21:41:50 INFO  cic.cs.unb.ca.ifm.Cmd    You select: /home/yunmo/Documents/gwangjin_ninja/1.pcap
2023-05-16 21:41:50 INFO  cic.cs.unb.ca.ifm.Cmd    Out folder: ../../
2023-05-16 21:41:51 INFO  cic.cs.unb.ca.ifm.Cmd    CICFlowMeter received 1 pcap file
2023-05-16 21:41:52 DEBUG cic.cs.unb.ca.jnetpcap.PacketReader    Read All packets on /home/yunmo/Documents/gwangjin_ninja/1.pcap
2023-05-16 21:41:56 INFO  cic.cs.unb.ca.ifm.Cmd    You select: /home/yunmo/Documents/gwangjin_ninja/1.pcap
2023-05-16 21:41:56 INFO  cic.cs.unb.ca.ifm.Cmd    Out folder: ../../
2023-05-16 21:41:57 INFO  cic.cs.unb.ca.ifm.Cmd    CICFlowMeter received 1 pcap file
2023-05-16 21:41:58 DEBUG cic.cs.unb.ca.jnetpcap.PacketReader    Read All packets on /home/yunmo/Documents/gwangjin_ninja/1.pcap
2023-05-16 21:42:01 INFO  cic.cs.unb.ca.ifm.Cmd    You select: /home/yunmo/Documents/gwangjin_ninja/1.pcap
2023-05-16 21:42:01 INFO  cic.cs.unb.ca.ifm.Cmd    Out folder: ../../
2023-05-16 21:42:02 INFO  cic.cs.unb.ca.ifm.Cmd    CICFlowMeter received 1 pcap file
2023-05-16 21:42:04 DEBUG cic.cs.unb.ca.jnetpcap.PacketReader    Read All packets on /home/yunmo/Documents/gwangjin_ninja/1.pcap
2023-05-16 21:42:07 INFO  cic.cs.unb.ca.ifm.Cmd    You select: /home/yunmo/Documents/gwangjin_ninja/1.pcap
2023-05-16 21:42:07 INFO  cic.cs.unb.ca.ifm.Cmd    Out folder: ../../
2023-05-16 21:42:08 INFO  cic.cs.unb.ca.ifm.Cmd    CICFlowMeter received 1 pcap file
2023-05-16 21:42:10 DEBUG cic.cs.unb.ca.jnetpcap.PacketReader    Read All packets on /home/yunmo/Documents/gwangjin_ninja/1.pcap
2023-05-16 21:42:14 INFO  cic.cs.unb.ca.ifm.Cmd    You select: /home/yunmo/Documents/gwangjin_ninja/1.pcap
2023-05-16 21:42:14 INFO  cic.cs.unb.ca.ifm.Cmd    Out folder: ../../
2023-05-16 21:42:15 INFO  cic.cs.unb.ca.ifm.Cmd    CICFlowMeter received 1 pcap file
2023-05-16 21:42:16 DEBUG cic.cs.unb.ca.jnetpcap.PacketReader    Read All packets on /home/yunmo/Documents/gwangjin_ninja/1.pcap
2023-05-16 21:42:19 INFO  cic.cs.unb.ca.ifm.Cmd    You select: /home/yunmo/Documents/gwangjin_ninja/1.pcap
2023-05-16 21:42:19 INFO  cic.cs.unb.ca.ifm.Cmd    Out folder: ../../
2023-05-16 21:42:21 INFO  cic.cs.unb.ca.ifm.Cmd    CICFlowMeter received 1 pcap file
2023-05-16 21:42:22 DEBUG cic.cs.unb.ca.jnetpcap.PacketReader    Read All packets on /home/yunmo/Documents/gwangjin_ninja/1.pcap
2023-05-16 21:42:25 INFO  cic.cs.unb.ca.ifm.Cmd    You select: /home/yunmo/Documents/gwangjin_ninja/1.pcap
2023-05-16 21:42:25 INFO  cic.cs.unb.ca.ifm.Cmd    Out folder: ../../
2023-05-16 21:42:26 INFO  cic.cs.unb.ca.ifm.Cmd    CICFlowMeter received 1 pcap file
2023-05-16 21:42:28 DEBUG cic.cs.unb.ca.jnetpcap.PacketReader    Read All packets on /home/yunmo/Documents/gwangjin_ninja/1.pcap
2023-05-16 21:42:32 INFO  cic.cs.unb.ca.ifm.Cmd    You select: /home/yunmo/Documents/gwangjin_ninja/1.pcap
2023-05-16 21:42:32 INFO  cic.cs.unb.ca.ifm.Cmd    Out folder: ../../
2023-05-16 21:42:34 INFO  cic.cs.unb.ca.ifm.Cmd    CICFlowMeter received 1 pcap file
2023-05-16 21:42:35 DEBUG cic.cs.unb.ca.jnetpcap.PacketReader    Read All packets on /home/yunmo/Documents/gwangjin_ninja/1.pcap
2023-05-16 21:42:38 INFO  cic.cs.unb.ca.ifm.Cmd    You select: /home/yunmo/Documents/gwangjin_ninja/1.pcap
2023-05-16 21:42:38 INFO  cic.cs.unb.ca.ifm.Cmd    Out folder: ../../
2023-05-16 21:42:39 INFO  cic.cs.unb.ca.ifm.Cmd    CICFlowMeter received 1 pcap file
2023-05-16 21:42:41 DEBUG cic.cs.unb.ca.jnetpcap.PacketReader    Read All packets on /home/yunmo/Documents/gwangjin_ninja/1.pcap
2023-05-16 21:42:44 INFO  cic.cs.unb.ca.ifm.Cmd    You select: /home/yunmo/Documents/gwangjin_ninja/1.pcap
2023-05-16 21:42:44 INFO  cic.cs.unb.ca.ifm.Cmd    Out folder: ../../
2023-05-16 21:42:45 INFO  cic.cs.unb.ca.ifm.Cmd    CICFlowMeter received 1 pcap file
2023-05-16 21:42:47 DEBUG cic.cs.unb.ca.jnetpcap.FlowGenerator    FlagFIN current has 3 flow
2023-05-16 21:42:47 DEBUG cic.cs.unb.ca.jnetpcap.FlowGenerator    FlagFIN current has 7 flow
2023-05-16 21:42:47 DEBUG cic.cs.unb.ca.jnetpcap.PacketReader    Read All packets on /home/yunmo/Documents/gwangjin_ninja/1.pcap
2023-05-16 21:42:50 INFO  cic.cs.unb.ca.ifm.Cmd    You select: /home/yunmo/Documents/gwangjin_ninja/1.pcap
2023-05-16 21:42:50 INFO  cic.cs.unb.ca.ifm.Cmd    Out folder: ../../
2023-05-16 21:42:51 INFO  cic.cs.unb.ca.ifm.Cmd    CICFlowMeter received 1 pcap file
2023-05-16 21:42:52 DEBUG cic.cs.unb.ca.jnetpcap.PacketReader    Read All packets on /home/yunmo/Documents/gwangjin_ninja/1.pcap
2023-05-16 21:42:56 INFO  cic.cs.unb.ca.ifm.Cmd    You select: /home/yunmo/Documents/gwangjin_ninja/1.pcap
2023-05-16 21:42:56 INFO  cic.cs.unb.ca.ifm.Cmd    Out folder: ../../
2023-05-16 21:42:57 INFO  cic.cs.unb.ca.ifm.Cmd    CICFlowMeter received 1 pcap file
2023-05-16 21:42:58 DEBUG cic.cs.unb.ca.jnetpcap.PacketReader    Read All packets on /home/yunmo/Documents/gwangjin_ninja/1.pcap
2023-05-16 21:43:02 INFO  cic.cs.unb.ca.ifm.Cmd    You select: /home/yunmo/Documents/gwangjin_ninja/1.pcap
2023-05-16 21:43:02 INFO  cic.cs.unb.ca.ifm.Cmd    Out folder: ../../
2023-05-16 21:43:02 INFO  cic.cs.unb.ca.ifm.Cmd    CICFlowMeter received 1 pcap file
2023-05-16 21:43:04 DEBUG cic.cs.unb.ca.jnetpcap.PacketReader    Read All packets on /home/yunmo/Documents/gwangjin_ninja/1.pcap
2023-05-16 21:43:07 INFO  cic.cs.unb.ca.ifm.Cmd    You select: /home/yunmo/Documents/gwangjin_ninja/1.pcap
2023-05-16 21:43:07 INFO  cic.cs.unb.ca.ifm.Cmd    Out folder: ../../
2023-05-16 21:43:09 INFO  cic.cs.unb.ca.ifm.Cmd    CICFlowMeter received 1 pcap file
2023-05-16 21:43:10 DEBUG cic.cs.unb.ca.jnetpcap.PacketReader    Read All packets on /home/yunmo/Documents/gwangjin_ninja/1.pcap
2023-05-16 21:43:13 INFO  cic.cs.unb.ca.ifm.Cmd    You select: /home/yunmo/Documents/gwangjin_ninja/1.pcap
2023-05-16 21:43:13 INFO  cic.cs.unb.ca.ifm.Cmd    Out folder: ../../
2023-05-16 21:43:15 INFO  cic.cs.unb.ca.ifm.Cmd    CICFlowMeter received 1 pcap file
2023-05-16 21:43:16 DEBUG cic.cs.unb.ca.jnetpcap.PacketReader    Read All packets on /home/yunmo/Documents/gwangjin_ninja/1.pcap
2023-05-16 21:43:20 INFO  cic.cs.unb.ca.ifm.Cmd    You select: /home/yunmo/Documents/gwangjin_ninja/1.pcap
2023-05-16 21:43:20 INFO  cic.cs.unb.ca.ifm.Cmd    Out folder: ../../
2023-05-16 21:43:21 INFO  cic.cs.unb.ca.ifm.Cmd    CICFlowMeter received 1 pcap file
2023-05-16 21:43:22 DEBUG cic.cs.unb.ca.jnetpcap.PacketReader    Read All packets on /home/yunmo/Documents/gwangjin_ninja/1.pcap
2023-05-16 21:43:26 INFO  cic.cs.unb.ca.ifm.Cmd    You select: /home/yunmo/Documents/gwangjin_ninja/1.pcap
2023-05-16 21:43:26 INFO  cic.cs.unb.ca.ifm.Cmd    Out folder: ../../
2023-05-16 21:43:27 INFO  cic.cs.unb.ca.ifm.Cmd    CICFlowMeter received 1 pcap file
2023-05-16 21:43:28 DEBUG cic.cs.unb.ca.jnetpcap.PacketReader    Read All packets on /home/yunmo/Documents/gwangjin_ninja/1.pcap
2023-05-16 21:43:31 INFO  cic.cs.unb.ca.ifm.Cmd    You select: /home/yunmo/Documents/gwangjin_ninja/1.pcap
2023-05-16 21:43:31 INFO  cic.cs.unb.ca.ifm.Cmd    Out folder: ../../
2023-05-16 21:43:32 INFO  cic.cs.unb.ca.ifm.Cmd    CICFlowMeter received 1 pcap file
2023-05-16 21:43:34 DEBUG cic.cs.unb.ca.jnetpcap.PacketReader    Read All packets on /home/yunmo/Documents/gwangjin_ninja/1.pcap
2023-05-16 21:43:37 INFO  cic.cs.unb.ca.ifm.Cmd    You select: /home/yunmo/Documents/gwangjin_ninja/1.pcap
2023-05-16 21:43:37 INFO  cic.cs.unb.ca.ifm.Cmd    Out folder: ../../
2023-05-16 21:43:38 INFO  cic.cs.unb.ca.ifm.Cmd    CICFlowMeter received 1 pcap file
2023-05-16 21:43:40 DEBUG cic.cs.unb.ca.jnetpcap.PacketReader    Read All packets on /home/yunmo/Documents/gwangjin_ninja/1.pcap
2023-05-16 21:43:43 INFO  cic.cs.unb.ca.ifm.Cmd    You select: /home/yunmo/Documents/gwangjin_ninja/1.pcap
2023-05-16 21:43:43 INFO  cic.cs.unb.ca.ifm.Cmd    Out folder: ../../
2023-05-16 21:43:44 INFO  cic.cs.unb.ca.ifm.Cmd    CICFlowMeter received 1 pcap file
2023-05-16 21:43:46 DEBUG cic.cs.unb.ca.jnetpcap.PacketReader    Read All packets on /home/yunmo/Documents/gwangjin_ninja/1.pcap
2023-05-16 21:45:55 INFO  cic.cs.unb.ca.ifm.Cmd    You select: /home/yunmo/Documents/gwangjin_ninja/1.pcap
2023-05-16 21:45:55 INFO  cic.cs.unb.ca.ifm.Cmd    Out folder: ../../
2023-05-16 21:45:56 INFO  cic.cs.unb.ca.ifm.Cmd    CICFlowMeter received 1 pcap file
2023-05-16 21:45:57 ERROR cic.cs.unb.ca.jnetpcap.PacketReader    Error while opening file for capture: truncated dump file; tried to read 4 file header bytes, only got 0
2023-05-16 21:46:01 INFO  cic.cs.unb.ca.ifm.Cmd    You select: /home/yunmo/Documents/gwangjin_ninja/1.pcap
2023-05-16 21:46:01 INFO  cic.cs.unb.ca.ifm.Cmd    Out folder: ../../
2023-05-16 21:46:02 INFO  cic.cs.unb.ca.ifm.Cmd    CICFlowMeter received 1 pcap file
2023-05-16 21:46:03 ERROR cic.cs.unb.ca.jnetpcap.PacketReader    Error while opening file for capture: truncated dump file; tried to read 4 file header bytes, only got 0
2023-05-16 21:46:07 INFO  cic.cs.unb.ca.ifm.Cmd    You select: /home/yunmo/Documents/gwangjin_ninja/1.pcap
2023-05-16 21:46:07 INFO  cic.cs.unb.ca.ifm.Cmd    Out folder: ../../
2023-05-16 21:46:08 INFO  cic.cs.unb.ca.ifm.Cmd    CICFlowMeter received 1 pcap file
2023-05-16 21:46:08 ERROR cic.cs.unb.ca.jnetpcap.PacketReader    Error while opening file for capture: truncated dump file; tried to read 4 file header bytes, only got 0
2023-05-16 21:46:14 INFO  cic.cs.unb.ca.ifm.Cmd    You select: /home/yunmo/Documents/gwangjin_ninja/1.pcap
2023-05-16 21:46:14 INFO  cic.cs.unb.ca.ifm.Cmd    Out folder: ../../
2023-05-16 21:46:14 INFO  cic.cs.unb.ca.ifm.Cmd    CICFlowMeter received 1 pcap file
2023-05-16 21:46:15 ERROR cic.cs.unb.ca.jnetpcap.PacketReader    Error while opening file for capture: truncated dump file; tried to read 4 file header bytes, only got 0
2023-05-16 21:46:20 INFO  cic.cs.unb.ca.ifm.Cmd    You select: /home/yunmo/Documents/gwangjin_ninja/1.pcap
2023-05-16 21:46:20 INFO  cic.cs.unb.ca.ifm.Cmd    Out folder: ../../
2023-05-16 21:46:21 INFO  cic.cs.unb.ca.ifm.Cmd    CICFlowMeter received 1 pcap file
2023-05-16 21:46:21 ERROR cic.cs.unb.ca.jnetpcap.PacketReader    Error while opening file for capture: truncated dump file; tried to read 4 file header bytes, only got 0
2023-05-16 21:46:26 INFO  cic.cs.unb.ca.ifm.Cmd    You select: /home/yunmo/Documents/gwangjin_ninja/1.pcap
2023-05-16 21:46:26 INFO  cic.cs.unb.ca.ifm.Cmd    Out folder: ../../
2023-05-16 21:46:26 INFO  cic.cs.unb.ca.ifm.Cmd    CICFlowMeter received 1 pcap file
2023-05-16 21:46:27 ERROR cic.cs.unb.ca.jnetpcap.PacketReader    Error while opening file for capture: truncated dump file; tried to read 4 file header bytes, only got 0
2023-05-16 21:46:32 INFO  cic.cs.unb.ca.ifm.Cmd    You select: /home/yunmo/Documents/gwangjin_ninja/1.pcap
2023-05-16 21:46:32 INFO  cic.cs.unb.ca.ifm.Cmd    Out folder: ../../
2023-05-16 21:46:33 INFO  cic.cs.unb.ca.ifm.Cmd    CICFlowMeter received 1 pcap file
2023-05-16 21:46:34 DEBUG cic.cs.unb.ca.jnetpcap.PacketReader    Read All packets on /home/yunmo/Documents/gwangjin_ninja/1.pcap
2023-05-16 21:46:38 INFO  cic.cs.unb.ca.ifm.Cmd    You select: /home/yunmo/Documents/gwangjin_ninja/1.pcap
2023-05-16 21:46:38 INFO  cic.cs.unb.ca.ifm.Cmd    Out folder: ../../
2023-05-16 21:46:39 INFO  cic.cs.unb.ca.ifm.Cmd    CICFlowMeter received 1 pcap file
2023-05-16 21:46:40 DEBUG cic.cs.unb.ca.jnetpcap.PacketReader    Read All packets on /home/yunmo/Documents/gwangjin_ninja/1.pcap
2023-05-16 21:46:44 INFO  cic.cs.unb.ca.ifm.Cmd    You select: /home/yunmo/Documents/gwangjin_ninja/1.pcap
2023-05-16 21:46:44 INFO  cic.cs.unb.ca.ifm.Cmd    Out folder: ../../
2023-05-16 21:46:45 INFO  cic.cs.unb.ca.ifm.Cmd    CICFlowMeter received 1 pcap file
2023-05-16 21:46:45 ERROR cic.cs.unb.ca.jnetpcap.PacketReader    Error while opening file for capture: truncated dump file; tried to read 4 file header bytes, only got 0
2023-05-16 21:46:50 INFO  cic.cs.unb.ca.ifm.Cmd    You select: /home/yunmo/Documents/gwangjin_ninja/1.pcap
2023-05-16 21:46:50 INFO  cic.cs.unb.ca.ifm.Cmd    Out folder: ../../
2023-05-16 21:46:51 INFO  cic.cs.unb.ca.ifm.Cmd    CICFlowMeter received 1 pcap file
2023-05-16 21:46:53 DEBUG cic.cs.unb.ca.jnetpcap.PacketReader    Read All packets on /home/yunmo/Documents/gwangjin_ninja/1.pcap
2023-05-16 21:46:56 INFO  cic.cs.unb.ca.ifm.Cmd    You select: /home/yunmo/Documents/gwangjin_ninja/1.pcap
2023-05-16 21:46:56 INFO  cic.cs.unb.ca.ifm.Cmd    Out folder: ../../
2023-05-16 21:46:57 INFO  cic.cs.unb.ca.ifm.Cmd    CICFlowMeter received 1 pcap file
2023-05-16 21:46:59 DEBUG cic.cs.unb.ca.jnetpcap.PacketReader    Read All packets on /home/yunmo/Documents/gwangjin_ninja/1.pcap
2023-05-16 21:47:02 INFO  cic.cs.unb.ca.ifm.Cmd    You select: /home/yunmo/Documents/gwangjin_ninja/1.pcap
2023-05-16 21:47:02 INFO  cic.cs.unb.ca.ifm.Cmd    Out folder: ../../
2023-05-16 21:47:03 INFO  cic.cs.unb.ca.ifm.Cmd    CICFlowMeter received 1 pcap file
2023-05-16 21:47:04 DEBUG cic.cs.unb.ca.jnetpcap.PacketReader    Read All packets on /home/yunmo/Documents/gwangjin_ninja/1.pcap
2023-05-16 21:47:08 INFO  cic.cs.unb.ca.ifm.Cmd    You select: /home/yunmo/Documents/gwangjin_ninja/1.pcap
2023-05-16 21:47:08 INFO  cic.cs.unb.ca.ifm.Cmd    Out folder: ../../
2023-05-16 21:47:09 INFO  cic.cs.unb.ca.ifm.Cmd    CICFlowMeter received 1 pcap file
2023-05-16 21:47:10 DEBUG cic.cs.unb.ca.jnetpcap.FlowGenerator    FlagFIN current has 7 flow
2023-05-16 21:47:10 DEBUG cic.cs.unb.ca.jnetpcap.FlowGenerator    FlagFIN current has 6 flow
2023-05-16 21:47:10 DEBUG cic.cs.unb.ca.jnetpcap.FlowGenerator    FlagFIN current has 5 flow
2023-05-16 21:47:10 DEBUG cic.cs.unb.ca.jnetpcap.FlowGenerator    FlagFIN current has 4 flow
2023-05-16 21:47:10 DEBUG cic.cs.unb.ca.jnetpcap.FlowGenerator    FlagFIN current has 3 flow
2023-05-16 21:47:10 DEBUG cic.cs.unb.ca.jnetpcap.PacketReader    Read All packets on /home/yunmo/Documents/gwangjin_ninja/1.pcap
2023-05-16 21:47:14 INFO  cic.cs.unb.ca.ifm.Cmd    You select: /home/yunmo/Documents/gwangjin_ninja/1.pcap
2023-05-16 21:47:14 INFO  cic.cs.unb.ca.ifm.Cmd    Out folder: ../../
2023-05-16 21:47:15 INFO  cic.cs.unb.ca.ifm.Cmd    CICFlowMeter received 1 pcap file
2023-05-16 21:47:16 DEBUG cic.cs.unb.ca.jnetpcap.PacketReader    Read All packets on /home/yunmo/Documents/gwangjin_ninja/1.pcap
2023-05-16 21:47:20 INFO  cic.cs.unb.ca.ifm.Cmd    You select: /home/yunmo/Documents/gwangjin_ninja/1.pcap
2023-05-16 21:47:20 INFO  cic.cs.unb.ca.ifm.Cmd    Out folder: ../../
2023-05-16 21:47:21 INFO  cic.cs.unb.ca.ifm.Cmd    CICFlowMeter received 1 pcap file
2023-05-16 21:47:22 DEBUG cic.cs.unb.ca.jnetpcap.PacketReader    Read All packets on /home/yunmo/Documents/gwangjin_ninja/1.pcap
2023-05-16 21:47:25 INFO  cic.cs.unb.ca.ifm.Cmd    You select: /home/yunmo/Documents/gwangjin_ninja/1.pcap
2023-05-16 21:47:25 INFO  cic.cs.unb.ca.ifm.Cmd    Out folder: ../../
2023-05-16 21:47:26 INFO  cic.cs.unb.ca.ifm.Cmd    CICFlowMeter received 1 pcap file
2023-05-16 21:47:28 DEBUG cic.cs.unb.ca.jnetpcap.PacketReader    Read All packets on /home/yunmo/Documents/gwangjin_ninja/1.pcap
2023-05-16 21:47:31 INFO  cic.cs.unb.ca.ifm.Cmd    You select: /home/yunmo/Documents/gwangjin_ninja/1.pcap
2023-05-16 21:47:31 INFO  cic.cs.unb.ca.ifm.Cmd    Out folder: ../../
2023-05-16 21:47:32 INFO  cic.cs.unb.ca.ifm.Cmd    CICFlowMeter received 1 pcap file
2023-05-16 21:47:34 DEBUG cic.cs.unb.ca.jnetpcap.PacketReader    Read All packets on /home/yunmo/Documents/gwangjin_ninja/1.pcap
2023-05-16 21:47:38 INFO  cic.cs.unb.ca.ifm.Cmd    You select: /home/yunmo/Documents/gwangjin_ninja/1.pcap
2023-05-16 21:47:38 INFO  cic.cs.unb.ca.ifm.Cmd    Out folder: ../../
2023-05-16 21:47:39 INFO  cic.cs.unb.ca.ifm.Cmd    CICFlowMeter received 1 pcap file
2023-05-16 21:47:40 DEBUG cic.cs.unb.ca.jnetpcap.PacketReader    Read All packets on /home/yunmo/Documents/gwangjin_ninja/1.pcap
2023-05-16 21:47:44 INFO  cic.cs.unb.ca.ifm.Cmd    You select: /home/yunmo/Documents/gwangjin_ninja/1.pcap
2023-05-16 21:47:44 INFO  cic.cs.unb.ca.ifm.Cmd    Out folder: ../../
2023-05-16 21:47:45 INFO  cic.cs.unb.ca.ifm.Cmd    CICFlowMeter received 1 pcap file
2023-05-16 21:47:46 DEBUG cic.cs.unb.ca.jnetpcap.PacketReader    Read All packets on /home/yunmo/Documents/gwangjin_ninja/1.pcap
2023-05-16 21:47:50 INFO  cic.cs.unb.ca.ifm.Cmd    You select: /home/yunmo/Documents/gwangjin_ninja/1.pcap
2023-05-16 21:47:50 INFO  cic.cs.unb.ca.ifm.Cmd    Out folder: ../../
2023-05-16 21:47:50 INFO  cic.cs.unb.ca.ifm.Cmd    CICFlowMeter received 1 pcap file
2023-05-16 21:47:51 ERROR cic.cs.unb.ca.jnetpcap.PacketReader    Error while opening file for capture: truncated dump file; tried to read 4 file header bytes, only got 0
2023-05-16 22:27:54 INFO  cic.cs.unb.ca.ifm.Cmd    You select: /home/yunmo/Documents/gwangjin_ninja/1.pcap
2023-05-16 22:27:54 INFO  cic.cs.unb.ca.ifm.Cmd    Out folder: ../../
2023-05-16 22:27:55 INFO  cic.cs.unb.ca.ifm.Cmd    CICFlowMeter received 1 pcap file
2023-05-16 22:27:55 ERROR cic.cs.unb.ca.jnetpcap.PacketReader    Error while opening file for capture: truncated dump file; tried to read 4 file header bytes, only got 0
2023-05-16 22:27:58 INFO  cic.cs.unb.ca.ifm.Cmd    You select: /home/yunmo/Documents/gwangjin_ninja/1.pcap
2023-05-16 22:27:58 INFO  cic.cs.unb.ca.ifm.Cmd    Out folder: ../../
2023-05-16 22:27:59 INFO  cic.cs.unb.ca.ifm.Cmd    CICFlowMeter received 1 pcap file
2023-05-16 22:27:59 ERROR cic.cs.unb.ca.jnetpcap.PacketReader    Error while opening file for capture: truncated dump file; tried to read 4 file header bytes, only got 0
2023-05-16 22:28:04 INFO  cic.cs.unb.ca.ifm.Cmd    You select: /home/yunmo/Documents/gwangjin_ninja/1.pcap
2023-05-16 22:28:04 INFO  cic.cs.unb.ca.ifm.Cmd    Out folder: ../../
2023-05-16 22:28:05 INFO  cic.cs.unb.ca.ifm.Cmd    CICFlowMeter received 1 pcap file
2023-05-16 22:28:05 ERROR cic.cs.unb.ca.jnetpcap.PacketReader    Error while opening file for capture: truncated dump file; tried to read 4 file header bytes, only got 0
2023-05-16 22:28:10 INFO  cic.cs.unb.ca.ifm.Cmd    You select: /home/yunmo/Documents/gwangjin_ninja/1.pcap
2023-05-16 22:28:10 INFO  cic.cs.unb.ca.ifm.Cmd    Out folder: ../../
2023-05-16 22:28:11 INFO  cic.cs.unb.ca.ifm.Cmd    CICFlowMeter received 1 pcap file
2023-05-16 22:28:13 DEBUG cic.cs.unb.ca.jnetpcap.PacketReader    Read All packets on /home/yunmo/Documents/gwangjin_ninja/1.pcap
2023-05-16 22:28:16 INFO  cic.cs.unb.ca.ifm.Cmd    You select: /home/yunmo/Documents/gwangjin_ninja/1.pcap
2023-05-16 22:28:16 INFO  cic.cs.unb.ca.ifm.Cmd    Out folder: ../../
2023-05-16 22:28:17 INFO  cic.cs.unb.ca.ifm.Cmd    CICFlowMeter received 1 pcap file
2023-05-16 22:28:19 DEBUG cic.cs.unb.ca.jnetpcap.PacketReader    Read All packets on /home/yunmo/Documents/gwangjin_ninja/1.pcap
2023-05-16 22:28:22 INFO  cic.cs.unb.ca.ifm.Cmd    You select: /home/yunmo/Documents/gwangjin_ninja/1.pcap
2023-05-16 22:28:22 INFO  cic.cs.unb.ca.ifm.Cmd    Out folder: ../../
2023-05-16 22:28:23 INFO  cic.cs.unb.ca.ifm.Cmd    CICFlowMeter received 1 pcap file
2023-05-16 22:28:25 DEBUG cic.cs.unb.ca.jnetpcap.PacketReader    Read All packets on /home/yunmo/Documents/gwangjin_ninja/1.pcap
2023-05-16 22:53:35 INFO  cic.cs.unb.ca.ifm.Cmd    You select: /home/yunmo/Documents/gwangjin_ninja/1.pcap
2023-05-16 22:53:35 INFO  cic.cs.unb.ca.ifm.Cmd    Out folder: ../../
2023-05-16 22:53:36 INFO  cic.cs.unb.ca.ifm.Cmd    CICFlowMeter received 1 pcap file
2023-05-16 22:53:36 ERROR cic.cs.unb.ca.jnetpcap.PacketReader    Error while opening file for capture: truncated dump file; tried to read 4 file header bytes, only got 0
2023-05-16 22:53:41 INFO  cic.cs.unb.ca.ifm.Cmd    You select: /home/yunmo/Documents/gwangjin_ninja/1.pcap
2023-05-16 22:53:41 INFO  cic.cs.unb.ca.ifm.Cmd    Out folder: ../../
2023-05-16 22:53:42 INFO  cic.cs.unb.ca.ifm.Cmd    CICFlowMeter received 1 pcap file
2023-05-16 22:53:42 ERROR cic.cs.unb.ca.jnetpcap.PacketReader    Error while opening file for capture: truncated dump file; tried to read 4 file header bytes, only got 0
2023-05-16 22:53:47 INFO  cic.cs.unb.ca.ifm.Cmd    You select: /home/yunmo/Documents/gwangjin_ninja/1.pcap
2023-05-16 22:53:47 INFO  cic.cs.unb.ca.ifm.Cmd    Out folder: ../../
2023-05-16 22:53:48 INFO  cic.cs.unb.ca.ifm.Cmd    CICFlowMeter received 1 pcap file
2023-05-16 22:53:50 DEBUG cic.cs.unb.ca.jnetpcap.PacketReader    Read All packets on /home/yunmo/Documents/gwangjin_ninja/1.pcap
2023-05-16 22:53:53 INFO  cic.cs.unb.ca.ifm.Cmd    You select: /home/yunmo/Documents/gwangjin_ninja/1.pcap
2023-05-16 22:53:53 INFO  cic.cs.unb.ca.ifm.Cmd    Out folder: ../../
2023-05-16 22:53:54 INFO  cic.cs.unb.ca.ifm.Cmd    CICFlowMeter received 1 pcap file
2023-05-16 22:53:55 DEBUG cic.cs.unb.ca.jnetpcap.PacketReader    Read All packets on /home/yunmo/Documents/gwangjin_ninja/1.pcap
2023-05-16 22:54:48 INFO  cic.cs.unb.ca.ifm.Cmd    You select: /home/yunmo/Documents/gwangjin_ninja/1.pcap
2023-05-16 22:54:48 INFO  cic.cs.unb.ca.ifm.Cmd    Out folder: ../../
2023-05-16 22:54:49 INFO  cic.cs.unb.ca.ifm.Cmd    CICFlowMeter received 1 pcap file
2023-05-16 22:54:49 ERROR cic.cs.unb.ca.jnetpcap.PacketReader    Error while opening file for capture: truncated dump file; tried to read 4 file header bytes, only got 0
2023-05-16 22:54:54 INFO  cic.cs.unb.ca.ifm.Cmd    You select: /home/yunmo/Documents/gwangjin_ninja/1.pcap
2023-05-16 22:54:54 INFO  cic.cs.unb.ca.ifm.Cmd    Out folder: ../../
2023-05-16 22:54:55 INFO  cic.cs.unb.ca.ifm.Cmd    CICFlowMeter received 1 pcap file
2023-05-16 22:54:55 ERROR cic.cs.unb.ca.jnetpcap.PacketReader    Error while opening file for capture: truncated dump file; tried to read 4 file header bytes, only got 0
2023-05-16 22:55:00 INFO  cic.cs.unb.ca.ifm.Cmd    You select: /home/yunmo/Documents/gwangjin_ninja/1.pcap
2023-05-16 22:55:00 INFO  cic.cs.unb.ca.ifm.Cmd    Out folder: ../../
2023-05-16 22:55:01 INFO  cic.cs.unb.ca.ifm.Cmd    CICFlowMeter received 1 pcap file
2023-05-16 22:55:01 ERROR cic.cs.unb.ca.jnetpcap.PacketReader    Error while opening file for capture: truncated dump file; tried to read 4 file header bytes, only got 0
2023-05-16 22:55:06 INFO  cic.cs.unb.ca.ifm.Cmd    You select: /home/yunmo/Documents/gwangjin_ninja/1.pcap
2023-05-16 22:55:06 INFO  cic.cs.unb.ca.ifm.Cmd    Out folder: ../../
2023-05-16 22:55:07 INFO  cic.cs.unb.ca.ifm.Cmd    CICFlowMeter received 1 pcap file
2023-05-16 22:55:07 ERROR cic.cs.unb.ca.jnetpcap.PacketReader    Error while opening file for capture: truncated dump file; tried to read 4 file header bytes, only got 0
2023-05-16 22:55:12 INFO  cic.cs.unb.ca.ifm.Cmd    You select: /home/yunmo/Documents/gwangjin_ninja/1.pcap
2023-05-16 22:55:12 INFO  cic.cs.unb.ca.ifm.Cmd    Out folder: ../../
2023-05-16 22:55:13 INFO  cic.cs.unb.ca.ifm.Cmd    CICFlowMeter received 1 pcap file
2023-05-16 22:55:16 DEBUG cic.cs.unb.ca.jnetpcap.PacketReader    Read All packets on /home/yunmo/Documents/gwangjin_ninja/1.pcap
2023-05-16 22:55:19 INFO  cic.cs.unb.ca.ifm.Cmd    You select: /home/yunmo/Documents/gwangjin_ninja/1.pcap
2023-05-16 22:55:19 INFO  cic.cs.unb.ca.ifm.Cmd    Out folder: ../../
2023-05-16 22:55:20 INFO  cic.cs.unb.ca.ifm.Cmd    CICFlowMeter received 1 pcap file
2023-05-16 22:55:22 DEBUG cic.cs.unb.ca.jnetpcap.PacketReader    Read All packets on /home/yunmo/Documents/gwangjin_ninja/1.pcap
2023-05-16 22:55:24 INFO  cic.cs.unb.ca.ifm.Cmd    You select: /home/yunmo/Documents/gwangjin_ninja/1.pcap
2023-05-16 22:55:24 INFO  cic.cs.unb.ca.ifm.Cmd    Out folder: ../../
2023-05-16 22:55:25 INFO  cic.cs.unb.ca.ifm.Cmd    CICFlowMeter received 1 pcap file
2023-05-16 22:55:27 DEBUG cic.cs.unb.ca.jnetpcap.PacketReader    Read All packets on /home/yunmo/Documents/gwangjin_ninja/1.pcap
2023-05-16 23:32:34 INFO  cic.cs.unb.ca.ifm.Cmd    You select: /home/yunmo/Documents/gwangjin_ninja/1.pcap
2023-05-16 23:32:34 INFO  cic.cs.unb.ca.ifm.Cmd    Out folder: ../../
2023-05-16 23:32:35 INFO  cic.cs.unb.ca.ifm.Cmd    CICFlowMeter received 1 pcap file
2023-05-16 23:32:35 ERROR cic.cs.unb.ca.jnetpcap.PacketReader    Error while opening file for capture: truncated dump file; tried to read 4 file header bytes, only got 0
2023-05-16 23:32:39 INFO  cic.cs.unb.ca.ifm.Cmd    You select: /home/yunmo/Documents/gwangjin_ninja/1.pcap
2023-05-16 23:32:39 INFO  cic.cs.unb.ca.ifm.Cmd    Out folder: ../../
2023-05-16 23:32:40 INFO  cic.cs.unb.ca.ifm.Cmd    CICFlowMeter received 1 pcap file
2023-05-16 23:32:40 ERROR cic.cs.unb.ca.jnetpcap.PacketReader    Error while opening file for capture: truncated dump file; tried to read 4 file header bytes, only got 0
2023-05-16 23:32:45 INFO  cic.cs.unb.ca.ifm.Cmd    You select: /home/yunmo/Documents/gwangjin_ninja/1.pcap
2023-05-16 23:32:45 INFO  cic.cs.unb.ca.ifm.Cmd    Out folder: ../../
2023-05-16 23:32:46 INFO  cic.cs.unb.ca.ifm.Cmd    CICFlowMeter received 1 pcap file
2023-05-16 23:32:46 ERROR cic.cs.unb.ca.jnetpcap.PacketReader    Error while opening file for capture: truncated dump file; tried to read 4 file header bytes, only got 0
2023-05-16 23:32:51 INFO  cic.cs.unb.ca.ifm.Cmd    You select: /home/yunmo/Documents/gwangjin_ninja/1.pcap
2023-05-16 23:32:51 INFO  cic.cs.unb.ca.ifm.Cmd    Out folder: ../../
2023-05-16 23:32:52 INFO  cic.cs.unb.ca.ifm.Cmd    CICFlowMeter received 1 pcap file
2023-05-16 23:32:52 ERROR cic.cs.unb.ca.jnetpcap.PacketReader    Error while opening file for capture: truncated dump file; tried to read 4 file header bytes, only got 0
2023-05-16 23:32:57 INFO  cic.cs.unb.ca.ifm.Cmd    You select: /home/yunmo/Documents/gwangjin_ninja/1.pcap
2023-05-16 23:32:57 INFO  cic.cs.unb.ca.ifm.Cmd    Out folder: ../../
2023-05-16 23:32:58 INFO  cic.cs.unb.ca.ifm.Cmd    CICFlowMeter received 1 pcap file
2023-05-16 23:32:58 ERROR cic.cs.unb.ca.jnetpcap.PacketReader    Error while opening file for capture: truncated dump file; tried to read 4 file header bytes, only got 0
2023-05-16 23:33:03 INFO  cic.cs.unb.ca.ifm.Cmd    You select: /home/yunmo/Documents/gwangjin_ninja/1.pcap
2023-05-16 23:33:03 INFO  cic.cs.unb.ca.ifm.Cmd    Out folder: ../../
2023-05-16 23:33:04 INFO  cic.cs.unb.ca.ifm.Cmd    CICFlowMeter received 1 pcap file
2023-05-16 23:33:04 ERROR cic.cs.unb.ca.jnetpcap.PacketReader    Error while opening file for capture: truncated dump file; tried to read 4 file header bytes, only got 0
2023-05-16 23:33:09 INFO  cic.cs.unb.ca.ifm.Cmd    You select: /home/yunmo/Documents/gwangjin_ninja/1.pcap
2023-05-16 23:33:09 INFO  cic.cs.unb.ca.ifm.Cmd    Out folder: ../../
2023-05-16 23:33:10 INFO  cic.cs.unb.ca.ifm.Cmd    CICFlowMeter received 1 pcap file
2023-05-16 23:33:10 ERROR cic.cs.unb.ca.jnetpcap.PacketReader    Error while opening file for capture: truncated dump file; tried to read 4 file header bytes, only got 0
2023-05-16 23:33:15 INFO  cic.cs.unb.ca.ifm.Cmd    You select: /home/yunmo/Documents/gwangjin_ninja/1.pcap
2023-05-16 23:33:15 INFO  cic.cs.unb.ca.ifm.Cmd    Out folder: ../../
2023-05-16 23:33:16 INFO  cic.cs.unb.ca.ifm.Cmd    CICFlowMeter received 1 pcap file
2023-05-16 23:33:16 ERROR cic.cs.unb.ca.jnetpcap.PacketReader    Error while opening file for capture: truncated dump file; tried to read 4 file header bytes, only got 0
2023-05-16 23:33:21 INFO  cic.cs.unb.ca.ifm.Cmd    You select: /home/yunmo/Documents/gwangjin_ninja/1.pcap
2023-05-16 23:33:21 INFO  cic.cs.unb.ca.ifm.Cmd    Out folder: ../../
2023-05-16 23:33:22 INFO  cic.cs.unb.ca.ifm.Cmd    CICFlowMeter received 1 pcap file
2023-05-16 23:33:22 ERROR cic.cs.unb.ca.jnetpcap.PacketReader    Error while opening file for capture: truncated dump file; tried to read 4 file header bytes, only got 0
2023-05-16 23:33:27 INFO  cic.cs.unb.ca.ifm.Cmd    You select: /home/yunmo/Documents/gwangjin_ninja/1.pcap
2023-05-16 23:33:27 INFO  cic.cs.unb.ca.ifm.Cmd    Out folder: ../../
2023-05-16 23:33:28 INFO  cic.cs.unb.ca.ifm.Cmd    CICFlowMeter received 1 pcap file
2023-05-16 23:33:28 ERROR cic.cs.unb.ca.jnetpcap.PacketReader    Error while opening file for capture: truncated dump file; tried to read 4 file header bytes, only got 0
2023-05-16 23:33:33 INFO  cic.cs.unb.ca.ifm.Cmd    You select: /home/yunmo/Documents/gwangjin_ninja/1.pcap
2023-05-16 23:33:33 INFO  cic.cs.unb.ca.ifm.Cmd    Out folder: ../../
2023-05-16 23:33:34 INFO  cic.cs.unb.ca.ifm.Cmd    CICFlowMeter received 1 pcap file
2023-05-16 23:33:35 ERROR cic.cs.unb.ca.jnetpcap.PacketReader    Error while opening file for capture: truncated dump file; tried to read 4 file header bytes, only got 0
2023-05-16 23:33:39 INFO  cic.cs.unb.ca.ifm.Cmd    You select: /home/yunmo/Documents/gwangjin_ninja/1.pcap
2023-05-16 23:33:39 INFO  cic.cs.unb.ca.ifm.Cmd    Out folder: ../../
2023-05-16 23:33:40 INFO  cic.cs.unb.ca.ifm.Cmd    CICFlowMeter received 1 pcap file
2023-05-16 23:33:42 DEBUG cic.cs.unb.ca.jnetpcap.PacketReader    Read All packets on /home/yunmo/Documents/gwangjin_ninja/1.pcap
2023-05-16 23:33:45 INFO  cic.cs.unb.ca.ifm.Cmd    You select: /home/yunmo/Documents/gwangjin_ninja/1.pcap
2023-05-16 23:33:45 INFO  cic.cs.unb.ca.ifm.Cmd    Out folder: ../../
2023-05-16 23:33:46 INFO  cic.cs.unb.ca.ifm.Cmd    CICFlowMeter received 1 pcap file
2023-05-16 23:33:48 DEBUG cic.cs.unb.ca.jnetpcap.PacketReader    Read All packets on /home/yunmo/Documents/gwangjin_ninja/1.pcap
2023-05-16 23:33:51 INFO  cic.cs.unb.ca.ifm.Cmd    You select: /home/yunmo/Documents/gwangjin_ninja/1.pcap
2023-05-16 23:33:51 INFO  cic.cs.unb.ca.ifm.Cmd    Out folder: ../../
2023-05-16 23:33:52 INFO  cic.cs.unb.ca.ifm.Cmd    CICFlowMeter received 1 pcap file
2023-05-16 23:33:53 DEBUG cic.cs.unb.ca.jnetpcap.PacketReader    Read All packets on /home/yunmo/Documents/gwangjin_ninja/1.pcap
2023-05-16 23:38:30 INFO  cic.cs.unb.ca.ifm.Cmd    You select: /home/yunmo/Documents/gwangjin_ninja/1.pcap
2023-05-16 23:38:30 INFO  cic.cs.unb.ca.ifm.Cmd    Out folder: ../../
2023-05-16 23:38:31 INFO  cic.cs.unb.ca.ifm.Cmd    CICFlowMeter received 1 pcap file
2023-05-16 23:38:31 ERROR cic.cs.unb.ca.jnetpcap.PacketReader    Error while opening file for capture: truncated dump file; tried to read 4 file header bytes, only got 0
2023-05-16 23:38:36 INFO  cic.cs.unb.ca.ifm.Cmd    You select: /home/yunmo/Documents/gwangjin_ninja/1.pcap
2023-05-16 23:38:36 INFO  cic.cs.unb.ca.ifm.Cmd    Out folder: ../../
2023-05-16 23:38:37 INFO  cic.cs.unb.ca.ifm.Cmd    CICFlowMeter received 1 pcap file
2023-05-16 23:38:38 ERROR cic.cs.unb.ca.jnetpcap.PacketReader    Error while opening file for capture: truncated dump file; tried to read 4 file header bytes, only got 0
2023-05-16 23:38:43 INFO  cic.cs.unb.ca.ifm.Cmd    You select: /home/yunmo/Documents/gwangjin_ninja/1.pcap
2023-05-16 23:38:43 INFO  cic.cs.unb.ca.ifm.Cmd    Out folder: ../../
2023-05-16 23:38:43 INFO  cic.cs.unb.ca.ifm.Cmd    CICFlowMeter received 1 pcap file
2023-05-16 23:38:44 ERROR cic.cs.unb.ca.jnetpcap.PacketReader    Error while opening file for capture: truncated dump file; tried to read 4 file header bytes, only got 0
2023-05-16 23:38:48 INFO  cic.cs.unb.ca.ifm.Cmd    You select: /home/yunmo/Documents/gwangjin_ninja/1.pcap
2023-05-16 23:38:48 INFO  cic.cs.unb.ca.ifm.Cmd    Out folder: ../../
2023-05-16 23:38:49 INFO  cic.cs.unb.ca.ifm.Cmd    CICFlowMeter received 1 pcap file
2023-05-16 23:38:50 ERROR cic.cs.unb.ca.jnetpcap.PacketReader    Error while opening file for capture: truncated dump file; tried to read 4 file header bytes, only got 0
2023-05-16 23:38:55 INFO  cic.cs.unb.ca.ifm.Cmd    You select: /home/yunmo/Documents/gwangjin_ninja/1.pcap
2023-05-16 23:38:55 INFO  cic.cs.unb.ca.ifm.Cmd    Out folder: ../../
2023-05-16 23:38:56 INFO  cic.cs.unb.ca.ifm.Cmd    CICFlowMeter received 1 pcap file
2023-05-16 23:38:58 DEBUG cic.cs.unb.ca.jnetpcap.PacketReader    Read All packets on /home/yunmo/Documents/gwangjin_ninja/1.pcap
2023-05-16 23:39:01 INFO  cic.cs.unb.ca.ifm.Cmd    You select: /home/yunmo/Documents/gwangjin_ninja/1.pcap
2023-05-16 23:39:01 INFO  cic.cs.unb.ca.ifm.Cmd    Out folder: ../../
2023-05-16 23:39:02 INFO  cic.cs.unb.ca.ifm.Cmd    CICFlowMeter received 1 pcap file
2023-05-16 23:39:03 DEBUG cic.cs.unb.ca.jnetpcap.PacketReader    Read All packets on /home/yunmo/Documents/gwangjin_ninja/1.pcap
2023-05-16 23:43:34 INFO  cic.cs.unb.ca.ifm.Cmd    You select: /home/yunmo/Documents/gwangjin_ninja/1.pcap
2023-05-16 23:43:34 INFO  cic.cs.unb.ca.ifm.Cmd    Out folder: ../../
2023-05-16 23:43:35 INFO  cic.cs.unb.ca.ifm.Cmd    CICFlowMeter received 1 pcap file
2023-05-16 23:43:35 ERROR cic.cs.unb.ca.jnetpcap.PacketReader    Error while opening file for capture: truncated dump file; tried to read 4 file header bytes, only got 0
2023-05-16 23:43:40 INFO  cic.cs.unb.ca.ifm.Cmd    You select: /home/yunmo/Documents/gwangjin_ninja/1.pcap
2023-05-16 23:43:40 INFO  cic.cs.unb.ca.ifm.Cmd    Out folder: ../../
2023-05-16 23:43:41 INFO  cic.cs.unb.ca.ifm.Cmd    CICFlowMeter received 1 pcap file
2023-05-16 23:43:41 ERROR cic.cs.unb.ca.jnetpcap.PacketReader    Error while opening file for capture: truncated dump file; tried to read 4 file header bytes, only got 0
2023-05-16 23:43:46 INFO  cic.cs.unb.ca.ifm.Cmd    You select: /home/yunmo/Documents/gwangjin_ninja/1.pcap
2023-05-16 23:43:46 INFO  cic.cs.unb.ca.ifm.Cmd    Out folder: ../../
2023-05-16 23:43:47 INFO  cic.cs.unb.ca.ifm.Cmd    CICFlowMeter received 1 pcap file
2023-05-16 23:43:47 ERROR cic.cs.unb.ca.jnetpcap.PacketReader    Error while opening file for capture: truncated dump file; tried to read 4 file header bytes, only got 0
2023-05-16 23:43:52 INFO  cic.cs.unb.ca.ifm.Cmd    You select: /home/yunmo/Documents/gwangjin_ninja/1.pcap
2023-05-16 23:43:52 INFO  cic.cs.unb.ca.ifm.Cmd    Out folder: ../../
2023-05-16 23:43:53 INFO  cic.cs.unb.ca.ifm.Cmd    CICFlowMeter received 1 pcap file
2023-05-16 23:43:53 ERROR cic.cs.unb.ca.jnetpcap.PacketReader    Error while opening file for capture: truncated dump file; tried to read 4 file header bytes, only got 0
2023-05-16 23:43:58 INFO  cic.cs.unb.ca.ifm.Cmd    You select: /home/yunmo/Documents/gwangjin_ninja/1.pcap
2023-05-16 23:43:58 INFO  cic.cs.unb.ca.ifm.Cmd    Out folder: ../../
2023-05-16 23:43:59 INFO  cic.cs.unb.ca.ifm.Cmd    CICFlowMeter received 1 pcap file
2023-05-16 23:43:59 ERROR cic.cs.unb.ca.jnetpcap.PacketReader    Error while opening file for capture: truncated dump file; tried to read 4 file header bytes, only got 0
2023-05-16 23:44:04 INFO  cic.cs.unb.ca.ifm.Cmd    You select: /home/yunmo/Documents/gwangjin_ninja/1.pcap
2023-05-16 23:44:04 INFO  cic.cs.unb.ca.ifm.Cmd    Out folder: ../../
2023-05-16 23:44:05 INFO  cic.cs.unb.ca.ifm.Cmd    CICFlowMeter received 1 pcap file
2023-05-16 23:44:05 ERROR cic.cs.unb.ca.jnetpcap.PacketReader    Error while opening file for capture: truncated dump file; tried to read 4 file header bytes, only got 0
2023-05-16 23:44:10 INFO  cic.cs.unb.ca.ifm.Cmd    You select: /home/yunmo/Documents/gwangjin_ninja/1.pcap
2023-05-16 23:44:10 INFO  cic.cs.unb.ca.ifm.Cmd    Out folder: ../../
2023-05-16 23:44:11 INFO  cic.cs.unb.ca.ifm.Cmd    CICFlowMeter received 1 pcap file
2023-05-16 23:44:11 ERROR cic.cs.unb.ca.jnetpcap.PacketReader    Error while opening file for capture: truncated dump file; tried to read 4 file header bytes, only got 0
2023-05-16 23:44:16 INFO  cic.cs.unb.ca.ifm.Cmd    You select: /home/yunmo/Documents/gwangjin_ninja/1.pcap
2023-05-16 23:44:16 INFO  cic.cs.unb.ca.ifm.Cmd    Out folder: ../../
2023-05-16 23:44:17 INFO  cic.cs.unb.ca.ifm.Cmd    CICFlowMeter received 1 pcap file
2023-05-16 23:44:19 DEBUG cic.cs.unb.ca.jnetpcap.PacketReader    Read All packets on /home/yunmo/Documents/gwangjin_ninja/1.pcap
2023-05-16 23:44:23 INFO  cic.cs.unb.ca.ifm.Cmd    You select: /home/yunmo/Documents/gwangjin_ninja/1.pcap
2023-05-16 23:44:23 INFO  cic.cs.unb.ca.ifm.Cmd    Out folder: ../../
2023-05-16 23:44:23 INFO  cic.cs.unb.ca.ifm.Cmd    CICFlowMeter received 1 pcap file
2023-05-16 23:44:25 DEBUG cic.cs.unb.ca.jnetpcap.PacketReader    Read All packets on /home/yunmo/Documents/gwangjin_ninja/1.pcap
2023-05-16 23:57:14 INFO  cic.cs.unb.ca.ifm.Cmd    You select: /home/yunmo/Documents/gwangjin_ninja/1.pcap
2023-05-16 23:57:14 INFO  cic.cs.unb.ca.ifm.Cmd    Out folder: ../../
2023-05-16 23:57:15 INFO  cic.cs.unb.ca.ifm.Cmd    CICFlowMeter received 1 pcap file
2023-05-16 23:57:17 DEBUG cic.cs.unb.ca.jnetpcap.PacketReader    Read All packets on /home/yunmo/Documents/gwangjin_ninja/1.pcap
2023-05-16 23:57:20 INFO  cic.cs.unb.ca.ifm.Cmd    You select: /home/yunmo/Documents/gwangjin_ninja/1.pcap
2023-05-16 23:57:20 INFO  cic.cs.unb.ca.ifm.Cmd    Out folder: ../../
2023-05-16 23:57:21 INFO  cic.cs.unb.ca.ifm.Cmd    CICFlowMeter received 1 pcap file
2023-05-16 23:57:23 DEBUG cic.cs.unb.ca.jnetpcap.PacketReader    Read All packets on /home/yunmo/Documents/gwangjin_ninja/1.pcap
2023-05-16 23:58:08 INFO  cic.cs.unb.ca.ifm.Cmd    You select: /home/yunmo/Documents/gwangjin_ninja/1.pcap
2023-05-16 23:58:08 INFO  cic.cs.unb.ca.ifm.Cmd    Out folder: ../../
2023-05-16 23:58:09 INFO  cic.cs.unb.ca.ifm.Cmd    CICFlowMeter received 1 pcap file
2023-05-16 23:58:11 DEBUG cic.cs.unb.ca.jnetpcap.PacketReader    Read All packets on /home/yunmo/Documents/gwangjin_ninja/1.pcap
2023-05-16 23:58:14 INFO  cic.cs.unb.ca.ifm.Cmd    You select: /home/yunmo/Documents/gwangjin_ninja/1.pcap
2023-05-16 23:58:14 INFO  cic.cs.unb.ca.ifm.Cmd    Out folder: ../../
2023-05-16 23:58:15 INFO  cic.cs.unb.ca.ifm.Cmd    CICFlowMeter received 1 pcap file
2023-05-16 23:58:15 ERROR cic.cs.unb.ca.jnetpcap.PacketReader    Error while opening file for capture: truncated dump file; tried to read 4 file header bytes, only got 0
