2023-05-10 10:31:17 INFO  cic.cs.unb.ca.ifm.Cmd    You select: /home/yunmo/Documents/gwangjin_ninja/1.pcap
2023-05-10 10:31:17 INFO  cic.cs.unb.ca.ifm.Cmd    Out folder: ../../
2023-05-10 10:31:21 INFO  cic.cs.unb.ca.ifm.Cmd    CICFlowMeter received 1 pcap file
2023-05-10 10:31:29 DEBUG cic.cs.unb.ca.jnetpcap.PacketReader    Read All packets on /home/yunmo/Documents/gwangjin_ninja/1.pcap
2023-05-10 10:31:29 INFO  cic.cs.unb.ca.ifm.Cmd    You select: /home/yunmo/Documents/gwangjin_ninja/1.pcap
2023-05-10 10:31:29 INFO  cic.cs.unb.ca.ifm.Cmd    Out folder: ../../
2023-05-10 10:31:33 INFO  cic.cs.unb.ca.ifm.Cmd    CICFlowMeter received 1 pcap file
2023-05-10 10:31:34 INFO  cic.cs.unb.ca.ifm.Cmd    You select: /home/yunmo/Documents/gwangjin_ninja/1.pcap
2023-05-10 10:31:34 INFO  cic.cs.unb.ca.ifm.Cmd    Out folder: ../../
2023-05-10 10:31:38 INFO  cic.cs.unb.ca.ifm.Cmd    CICFlowMeter received 1 pcap file
2023-05-10 10:31:39 DEBUG cic.cs.unb.ca.jnetpcap.PacketReader    Read All packets on /home/yunmo/Documents/gwangjin_ninja/1.pcap
2023-05-10 10:31:42 DEBUG cic.cs.unb.ca.jnetpcap.PacketReader    Read All packets on /home/yunmo/Documents/gwangjin_ninja/1.pcap
2023-05-10 11:45:20 INFO  cic.cs.unb.ca.ifm.Cmd    You select: /home/yunmo/Documents/gwangjin_ninja/1.pcap
2023-05-10 11:45:20 INFO  cic.cs.unb.ca.ifm.Cmd    Out folder: ../../
2023-05-10 11:45:22 INFO  cic.cs.unb.ca.ifm.Cmd    CICFlowMeter received 1 pcap file
2023-05-10 11:45:26 DEBUG cic.cs.unb.ca.jnetpcap.PacketReader    Read All packets on /home/yunmo/Documents/gwangjin_ninja/1.pcap
2023-05-10 11:45:29 INFO  cic.cs.unb.ca.ifm.Cmd    You select: /home/yunmo/Documents/gwangjin_ninja/1.pcap
2023-05-10 11:45:29 INFO  cic.cs.unb.ca.ifm.Cmd    Out folder: ../../
2023-05-10 11:45:30 INFO  cic.cs.unb.ca.ifm.Cmd    CICFlowMeter received 1 pcap file
2023-05-10 11:45:33 DEBUG cic.cs.unb.ca.jnetpcap.PacketReader    Read All packets on /home/yunmo/Documents/gwangjin_ninja/1.pcap
2023-05-10 12:07:26 INFO  cic.cs.unb.ca.ifm.Cmd    You select: /home/yunmo/Documents/gwangjin_ninja/1.pcap
2023-05-10 12:07:26 INFO  cic.cs.unb.ca.ifm.Cmd    Out folder: ../../
2023-05-10 12:07:27 INFO  cic.cs.unb.ca.ifm.Cmd    CICFlowMeter received 1 pcap file
2023-05-10 12:07:29 DEBUG cic.cs.unb.ca.jnetpcap.PacketReader    Read All packets on /home/yunmo/Documents/gwangjin_ninja/1.pcap
2023-05-10 12:30:25 INFO  cic.cs.unb.ca.ifm.Cmd    You select: /home/yunmo/Documents/gwangjin_ninja/1.pcap
2023-05-10 12:30:25 INFO  cic.cs.unb.ca.ifm.Cmd    Out folder: ../../
2023-05-10 12:30:26 INFO  cic.cs.unb.ca.ifm.Cmd    CICFlowMeter received 1 pcap file
2023-05-10 12:30:27 DEBUG cic.cs.unb.ca.jnetpcap.PacketReader    Read All packets on /home/yunmo/Documents/gwangjin_ninja/1.pcap
2023-05-10 12:32:40 INFO  cic.cs.unb.ca.ifm.Cmd    You select: /home/yunmo/Documents/gwangjin_ninja/1.pcap
2023-05-10 12:32:40 INFO  cic.cs.unb.ca.ifm.Cmd    Out folder: ../../
2023-05-10 12:32:41 INFO  cic.cs.unb.ca.ifm.Cmd    CICFlowMeter received 1 pcap file
2023-05-10 12:32:42 DEBUG cic.cs.unb.ca.jnetpcap.PacketReader    Read All packets on /home/yunmo/Documents/gwangjin_ninja/1.pcap
2023-05-10 12:34:11 INFO  cic.cs.unb.ca.ifm.Cmd    You select: /home/yunmo/Documents/gwangjin_ninja/1.pcap
2023-05-10 12:34:11 INFO  cic.cs.unb.ca.ifm.Cmd    Out folder: ../../
2023-05-10 12:34:12 INFO  cic.cs.unb.ca.ifm.Cmd    CICFlowMeter received 1 pcap file
2023-05-10 12:34:13 DEBUG cic.cs.unb.ca.jnetpcap.PacketReader    Read All packets on /home/yunmo/Documents/gwangjin_ninja/1.pcap
2023-05-10 13:42:14 INFO  cic.cs.unb.ca.ifm.Cmd    You select: /home/yunmo/Documents/gwangjin_ninja/1.pcap
2023-05-10 13:42:14 INFO  cic.cs.unb.ca.ifm.Cmd    Out folder: ../../
2023-05-10 13:42:16 INFO  cic.cs.unb.ca.ifm.Cmd    CICFlowMeter received 1 pcap file
2023-05-10 13:42:16 ERROR cic.cs.unb.ca.jnetpcap.PacketReader    Error while opening file for capture: truncated dump file; tried to read 4 file header bytes, only got 0
2023-05-10 13:42:21 INFO  cic.cs.unb.ca.ifm.Cmd    You select: /home/yunmo/Documents/gwangjin_ninja/1.pcap
2023-05-10 13:42:21 INFO  cic.cs.unb.ca.ifm.Cmd    Out folder: ../../
2023-05-10 13:42:23 INFO  cic.cs.unb.ca.ifm.Cmd    CICFlowMeter received 1 pcap file
2023-05-10 13:42:26 DEBUG cic.cs.unb.ca.jnetpcap.PacketReader    Read All packets on /home/yunmo/Documents/gwangjin_ninja/1.pcap
2023-05-10 13:42:29 INFO  cic.cs.unb.ca.ifm.Cmd    You select: /home/yunmo/Documents/gwangjin_ninja/1.pcap
2023-05-10 13:42:29 INFO  cic.cs.unb.ca.ifm.Cmd    Out folder: ../../
2023-05-10 13:42:30 INFO  cic.cs.unb.ca.ifm.Cmd    CICFlowMeter received 1 pcap file
2023-05-10 13:42:33 DEBUG cic.cs.unb.ca.jnetpcap.PacketReader    Read All packets on /home/yunmo/Documents/gwangjin_ninja/1.pcap
2023-05-10 13:43:23 INFO  cic.cs.unb.ca.ifm.Cmd    You select: /home/yunmo/Documents/gwangjin_ninja/1.pcap
2023-05-10 13:43:23 INFO  cic.cs.unb.ca.ifm.Cmd    Out folder: ../../
2023-05-10 13:43:24 INFO  cic.cs.unb.ca.ifm.Cmd    CICFlowMeter received 1 pcap file
2023-05-10 13:43:28 DEBUG cic.cs.unb.ca.jnetpcap.PacketReader    Read All packets on /home/yunmo/Documents/gwangjin_ninja/1.pcap
2023-05-10 13:43:30 INFO  cic.cs.unb.ca.ifm.Cmd    You select: /home/yunmo/Documents/gwangjin_ninja/1.pcap
2023-05-10 13:43:30 INFO  cic.cs.unb.ca.ifm.Cmd    Out folder: ../../
2023-05-10 13:43:31 INFO  cic.cs.unb.ca.ifm.Cmd    CICFlowMeter received 1 pcap file
2023-05-10 13:43:34 DEBUG cic.cs.unb.ca.jnetpcap.PacketReader    Read All packets on /home/yunmo/Documents/gwangjin_ninja/1.pcap
2023-05-10 13:48:40 INFO  cic.cs.unb.ca.ifm.Cmd    You select: /home/yunmo/Documents/gwangjin_ninja/1.pcap
2023-05-10 13:48:40 INFO  cic.cs.unb.ca.ifm.Cmd    Out folder: ../../
2023-05-10 13:48:42 INFO  cic.cs.unb.ca.ifm.Cmd    CICFlowMeter received 1 pcap file
2023-05-10 13:48:45 DEBUG cic.cs.unb.ca.jnetpcap.PacketReader    Read All packets on /home/yunmo/Documents/gwangjin_ninja/1.pcap
2023-05-10 13:48:47 INFO  cic.cs.unb.ca.ifm.Cmd    You select: /home/yunmo/Documents/gwangjin_ninja/1.pcap
2023-05-10 13:48:47 INFO  cic.cs.unb.ca.ifm.Cmd    Out folder: ../../
2023-05-10 13:48:48 INFO  cic.cs.unb.ca.ifm.Cmd    CICFlowMeter received 1 pcap file
2023-05-10 13:48:51 DEBUG cic.cs.unb.ca.jnetpcap.PacketReader    Read All packets on /home/yunmo/Documents/gwangjin_ninja/1.pcap
2023-05-10 16:23:55 INFO  cic.cs.unb.ca.ifm.Cmd    You select: /home/yunmo/Documents/gwangjin_ninja/1.pcap
2023-05-10 16:23:55 INFO  cic.cs.unb.ca.ifm.Cmd    Out folder: ../../
2023-05-10 16:23:57 INFO  cic.cs.unb.ca.ifm.Cmd    CICFlowMeter received 1 pcap file
2023-05-10 16:23:59 DEBUG cic.cs.unb.ca.jnetpcap.PacketReader    Read All packets on /home/yunmo/Documents/gwangjin_ninja/1.pcap
2023-05-10 16:24:00 INFO  cic.cs.unb.ca.ifm.Cmd    You select: /home/yunmo/Documents/gwangjin_ninja/1.pcap
2023-05-10 16:24:00 INFO  cic.cs.unb.ca.ifm.Cmd    Out folder: ../../
2023-05-10 16:24:01 INFO  cic.cs.unb.ca.ifm.Cmd    CICFlowMeter received 1 pcap file
2023-05-10 16:24:02 DEBUG cic.cs.unb.ca.jnetpcap.PacketReader    Read All packets on /home/yunmo/Documents/gwangjin_ninja/1.pcap
2023-05-10 16:25:02 INFO  cic.cs.unb.ca.ifm.Cmd    You select: /home/yunmo/Documents/gwangjin_ninja/1.pcap
2023-05-10 16:25:02 INFO  cic.cs.unb.ca.ifm.Cmd    Out folder: ../../
2023-05-10 16:25:03 INFO  cic.cs.unb.ca.ifm.Cmd    CICFlowMeter received 1 pcap file
2023-05-10 16:25:04 DEBUG cic.cs.unb.ca.jnetpcap.PacketReader    Read All packets on /home/yunmo/Documents/gwangjin_ninja/1.pcap
2023-05-10 16:26:27 INFO  cic.cs.unb.ca.ifm.Cmd    You select: /home/yunmo/Documents/gwangjin_ninja/1.pcap
2023-05-10 16:26:27 INFO  cic.cs.unb.ca.ifm.Cmd    Out folder: ../../
2023-05-10 16:26:28 INFO  cic.cs.unb.ca.ifm.Cmd    CICFlowMeter received 1 pcap file
2023-05-10 16:26:28 ERROR cic.cs.unb.ca.jnetpcap.PacketReader    Error while opening file for capture: truncated dump file; tried to read 4 file header bytes, only got 0
2023-05-10 16:26:33 INFO  cic.cs.unb.ca.ifm.Cmd    You select: /home/yunmo/Documents/gwangjin_ninja/1.pcap
2023-05-10 16:26:33 INFO  cic.cs.unb.ca.ifm.Cmd    Out folder: ../../
2023-05-10 16:26:34 INFO  cic.cs.unb.ca.ifm.Cmd    CICFlowMeter received 1 pcap file
2023-05-10 16:26:35 ERROR cic.cs.unb.ca.jnetpcap.PacketReader    Error while opening file for capture: truncated dump file; tried to read 4 file header bytes, only got 0
2023-05-10 16:26:40 INFO  cic.cs.unb.ca.ifm.Cmd    You select: /home/yunmo/Documents/gwangjin_ninja/1.pcap
2023-05-10 16:26:40 INFO  cic.cs.unb.ca.ifm.Cmd    Out folder: ../../
2023-05-10 16:26:41 INFO  cic.cs.unb.ca.ifm.Cmd    CICFlowMeter received 1 pcap file
2023-05-10 16:26:43 DEBUG cic.cs.unb.ca.jnetpcap.PacketReader    Read All packets on /home/yunmo/Documents/gwangjin_ninja/1.pcap
2023-05-10 16:30:56 INFO  cic.cs.unb.ca.ifm.Cmd    You select: /home/yunmo/Documents/gwangjin_ninja/1.pcap
2023-05-10 16:30:56 INFO  cic.cs.unb.ca.ifm.Cmd    Out folder: ../../
2023-05-10 16:30:57 INFO  cic.cs.unb.ca.ifm.Cmd    CICFlowMeter received 1 pcap file
2023-05-10 16:30:57 ERROR cic.cs.unb.ca.jnetpcap.PacketReader    Error while opening file for capture: truncated dump file; tried to read 4 file header bytes, only got 0
2023-05-10 16:31:02 INFO  cic.cs.unb.ca.ifm.Cmd    You select: /home/yunmo/Documents/gwangjin_ninja/1.pcap
2023-05-10 16:31:02 INFO  cic.cs.unb.ca.ifm.Cmd    Out folder: ../../
2023-05-10 16:31:03 INFO  cic.cs.unb.ca.ifm.Cmd    CICFlowMeter received 1 pcap file
2023-05-10 16:31:04 DEBUG cic.cs.unb.ca.jnetpcap.PacketReader    Read All packets on /home/yunmo/Documents/gwangjin_ninja/1.pcap
2023-05-10 16:31:08 INFO  cic.cs.unb.ca.ifm.Cmd    You select: /home/yunmo/Documents/gwangjin_ninja/1.pcap
2023-05-10 16:31:08 INFO  cic.cs.unb.ca.ifm.Cmd    Out folder: ../../
2023-05-10 16:31:09 INFO  cic.cs.unb.ca.ifm.Cmd    CICFlowMeter received 1 pcap file
2023-05-10 16:31:10 DEBUG cic.cs.unb.ca.jnetpcap.PacketReader    Read All packets on /home/yunmo/Documents/gwangjin_ninja/1.pcap
2023-05-10 16:31:14 INFO  cic.cs.unb.ca.ifm.Cmd    You select: /home/yunmo/Documents/gwangjin_ninja/1.pcap
2023-05-10 16:31:14 INFO  cic.cs.unb.ca.ifm.Cmd    Out folder: ../../
2023-05-10 16:31:15 INFO  cic.cs.unb.ca.ifm.Cmd    CICFlowMeter received 1 pcap file
2023-05-10 16:31:16 DEBUG cic.cs.unb.ca.jnetpcap.PacketReader    Read All packets on /home/yunmo/Documents/gwangjin_ninja/1.pcap
2023-05-10 16:31:20 INFO  cic.cs.unb.ca.ifm.Cmd    You select: /home/yunmo/Documents/gwangjin_ninja/1.pcap
2023-05-10 16:31:20 INFO  cic.cs.unb.ca.ifm.Cmd    Out folder: ../../
2023-05-10 16:31:21 INFO  cic.cs.unb.ca.ifm.Cmd    CICFlowMeter received 1 pcap file
2023-05-10 16:31:22 DEBUG cic.cs.unb.ca.jnetpcap.PacketReader    Read All packets on /home/yunmo/Documents/gwangjin_ninja/1.pcap
2023-05-10 16:31:26 INFO  cic.cs.unb.ca.ifm.Cmd    You select: /home/yunmo/Documents/gwangjin_ninja/1.pcap
2023-05-10 16:31:26 INFO  cic.cs.unb.ca.ifm.Cmd    Out folder: ../../
2023-05-10 16:31:27 INFO  cic.cs.unb.ca.ifm.Cmd    CICFlowMeter received 1 pcap file
2023-05-10 16:31:27 ERROR cic.cs.unb.ca.jnetpcap.PacketReader    Error while opening file for capture: truncated dump file; tried to read 4 file header bytes, only got 0
2023-05-10 16:31:32 INFO  cic.cs.unb.ca.ifm.Cmd    You select: /home/yunmo/Documents/gwangjin_ninja/1.pcap
2023-05-10 16:31:32 INFO  cic.cs.unb.ca.ifm.Cmd    Out folder: ../../
2023-05-10 16:31:33 INFO  cic.cs.unb.ca.ifm.Cmd    CICFlowMeter received 1 pcap file
2023-05-10 16:31:33 ERROR cic.cs.unb.ca.jnetpcap.PacketReader    Error while opening file for capture: truncated dump file; tried to read 4 file header bytes, only got 0
2023-05-10 16:31:38 INFO  cic.cs.unb.ca.ifm.Cmd    You select: /home/yunmo/Documents/gwangjin_ninja/1.pcap
2023-05-10 16:31:38 INFO  cic.cs.unb.ca.ifm.Cmd    Out folder: ../../
2023-05-10 16:31:39 INFO  cic.cs.unb.ca.ifm.Cmd    CICFlowMeter received 1 pcap file
2023-05-10 16:31:39 ERROR cic.cs.unb.ca.jnetpcap.PacketReader    Error while opening file for capture: truncated dump file; tried to read 4 file header bytes, only got 0
2023-05-10 16:31:44 INFO  cic.cs.unb.ca.ifm.Cmd    You select: /home/yunmo/Documents/gwangjin_ninja/1.pcap
2023-05-10 16:31:44 INFO  cic.cs.unb.ca.ifm.Cmd    Out folder: ../../
2023-05-10 16:31:45 INFO  cic.cs.unb.ca.ifm.Cmd    CICFlowMeter received 1 pcap file
2023-05-10 16:31:45 ERROR cic.cs.unb.ca.jnetpcap.PacketReader    Error while opening file for capture: truncated dump file; tried to read 4 file header bytes, only got 0
2023-05-10 16:31:50 INFO  cic.cs.unb.ca.ifm.Cmd    You select: /home/yunmo/Documents/gwangjin_ninja/1.pcap
2023-05-10 16:31:50 INFO  cic.cs.unb.ca.ifm.Cmd    Out folder: ../../
2023-05-10 16:31:51 INFO  cic.cs.unb.ca.ifm.Cmd    CICFlowMeter received 1 pcap file
2023-05-10 16:31:52 DEBUG cic.cs.unb.ca.jnetpcap.PacketReader    Read All packets on /home/yunmo/Documents/gwangjin_ninja/1.pcap
2023-05-10 16:31:56 INFO  cic.cs.unb.ca.ifm.Cmd    You select: /home/yunmo/Documents/gwangjin_ninja/1.pcap
2023-05-10 16:31:56 INFO  cic.cs.unb.ca.ifm.Cmd    Out folder: ../../
2023-05-10 16:31:57 INFO  cic.cs.unb.ca.ifm.Cmd    CICFlowMeter received 1 pcap file
2023-05-10 16:31:58 DEBUG cic.cs.unb.ca.jnetpcap.PacketReader    Read All packets on /home/yunmo/Documents/gwangjin_ninja/1.pcap
2023-05-10 18:01:25 INFO  cic.cs.unb.ca.ifm.Cmd    You select: /home/yunmo/Documents/gwangjin_ninja/1.pcap
2023-05-10 18:01:25 INFO  cic.cs.unb.ca.ifm.Cmd    Out folder: ../../
2023-05-10 18:01:26 INFO  cic.cs.unb.ca.ifm.Cmd    CICFlowMeter received 1 pcap file
2023-05-10 18:01:26 ERROR cic.cs.unb.ca.jnetpcap.PacketReader    Error while opening file for capture: truncated dump file; tried to read 4 file header bytes, only got 0
2023-05-10 18:01:30 INFO  cic.cs.unb.ca.ifm.Cmd    You select: /home/yunmo/Documents/gwangjin_ninja/1.pcap
2023-05-10 18:01:30 INFO  cic.cs.unb.ca.ifm.Cmd    Out folder: ../../
2023-05-10 18:01:31 INFO  cic.cs.unb.ca.ifm.Cmd    CICFlowMeter received 1 pcap file
2023-05-10 18:01:32 ERROR cic.cs.unb.ca.jnetpcap.PacketReader    Error while opening file for capture: truncated dump file; tried to read 4 file header bytes, only got 0
2023-05-10 18:01:36 INFO  cic.cs.unb.ca.ifm.Cmd    You select: /home/yunmo/Documents/gwangjin_ninja/1.pcap
2023-05-10 18:01:36 INFO  cic.cs.unb.ca.ifm.Cmd    Out folder: ../../
2023-05-10 18:01:37 INFO  cic.cs.unb.ca.ifm.Cmd    CICFlowMeter received 1 pcap file
2023-05-10 18:01:38 ERROR cic.cs.unb.ca.jnetpcap.PacketReader    Error while opening file for capture: truncated dump file; tried to read 4 file header bytes, only got 0
2023-05-10 18:01:43 INFO  cic.cs.unb.ca.ifm.Cmd    You select: /home/yunmo/Documents/gwangjin_ninja/1.pcap
2023-05-10 18:01:43 INFO  cic.cs.unb.ca.ifm.Cmd    Out folder: ../../
2023-05-10 18:01:43 INFO  cic.cs.unb.ca.ifm.Cmd    CICFlowMeter received 1 pcap file
2023-05-10 18:01:45 DEBUG cic.cs.unb.ca.jnetpcap.PacketReader    Read All packets on /home/yunmo/Documents/gwangjin_ninja/1.pcap
2023-05-10 18:01:49 INFO  cic.cs.unb.ca.ifm.Cmd    You select: /home/yunmo/Documents/gwangjin_ninja/1.pcap
2023-05-10 18:01:49 INFO  cic.cs.unb.ca.ifm.Cmd    Out folder: ../../
2023-05-10 18:01:50 INFO  cic.cs.unb.ca.ifm.Cmd    CICFlowMeter received 1 pcap file
2023-05-10 18:01:51 DEBUG cic.cs.unb.ca.jnetpcap.PacketReader    Read All packets on /home/yunmo/Documents/gwangjin_ninja/1.pcap
2023-05-10 18:01:55 INFO  cic.cs.unb.ca.ifm.Cmd    You select: /home/yunmo/Documents/gwangjin_ninja/1.pcap
2023-05-10 18:01:55 INFO  cic.cs.unb.ca.ifm.Cmd    Out folder: ../../
2023-05-10 18:01:56 INFO  cic.cs.unb.ca.ifm.Cmd    CICFlowMeter received 1 pcap file
2023-05-10 18:01:57 DEBUG cic.cs.unb.ca.jnetpcap.PacketReader    Read All packets on /home/yunmo/Documents/gwangjin_ninja/1.pcap
2023-05-10 20:06:39 INFO  cic.cs.unb.ca.ifm.Cmd    You select: /home/yunmo/Documents/gwangjin_ninja/1.pcap
2023-05-10 20:06:39 INFO  cic.cs.unb.ca.ifm.Cmd    Out folder: ../../
2023-05-10 20:06:40 INFO  cic.cs.unb.ca.ifm.Cmd    CICFlowMeter received 1 pcap file
2023-05-10 20:06:40 ERROR cic.cs.unb.ca.jnetpcap.PacketReader    Error while opening file for capture: truncated dump file; tried to read 4 file header bytes, only got 0
2023-05-10 20:06:45 INFO  cic.cs.unb.ca.ifm.Cmd    You select: /home/yunmo/Documents/gwangjin_ninja/1.pcap
2023-05-10 20:06:45 INFO  cic.cs.unb.ca.ifm.Cmd    Out folder: ../../
2023-05-10 20:06:45 INFO  cic.cs.unb.ca.ifm.Cmd    CICFlowMeter received 1 pcap file
2023-05-10 20:06:46 DEBUG cic.cs.unb.ca.jnetpcap.PacketReader    Read All packets on /home/yunmo/Documents/gwangjin_ninja/1.pcap
2023-05-10 20:06:51 INFO  cic.cs.unb.ca.ifm.Cmd    You select: /home/yunmo/Documents/gwangjin_ninja/1.pcap
2023-05-10 20:06:51 INFO  cic.cs.unb.ca.ifm.Cmd    Out folder: ../../
2023-05-10 20:06:52 INFO  cic.cs.unb.ca.ifm.Cmd    CICFlowMeter received 1 pcap file
2023-05-10 20:06:54 DEBUG cic.cs.unb.ca.jnetpcap.PacketReader    Read All packets on /home/yunmo/Documents/gwangjin_ninja/1.pcap
2023-05-10 20:06:59 INFO  cic.cs.unb.ca.ifm.Cmd    You select: /home/yunmo/Documents/gwangjin_ninja/1.pcap
2023-05-10 20:06:59 INFO  cic.cs.unb.ca.ifm.Cmd    Out folder: ../../
2023-05-10 20:07:01 INFO  cic.cs.unb.ca.ifm.Cmd    CICFlowMeter received 1 pcap file
2023-05-10 20:07:04 DEBUG cic.cs.unb.ca.jnetpcap.PacketReader    Read All packets on /home/yunmo/Documents/gwangjin_ninja/1.pcap
2023-05-10 20:07:06 INFO  cic.cs.unb.ca.ifm.Cmd    You select: /home/yunmo/Documents/gwangjin_ninja/1.pcap
2023-05-10 20:07:06 INFO  cic.cs.unb.ca.ifm.Cmd    Out folder: ../../
2023-05-10 20:07:08 INFO  cic.cs.unb.ca.ifm.Cmd    CICFlowMeter received 1 pcap file
2023-05-10 20:07:11 DEBUG cic.cs.unb.ca.jnetpcap.PacketReader    Read All packets on /home/yunmo/Documents/gwangjin_ninja/1.pcap
2023-05-10 20:07:12 INFO  cic.cs.unb.ca.ifm.Cmd    You select: /home/yunmo/Documents/gwangjin_ninja/1.pcap
2023-05-10 20:07:12 INFO  cic.cs.unb.ca.ifm.Cmd    Out folder: ../../
2023-05-10 20:07:13 INFO  cic.cs.unb.ca.ifm.Cmd    CICFlowMeter received 1 pcap file
2023-05-10 20:07:15 DEBUG cic.cs.unb.ca.jnetpcap.PacketReader    Read All packets on /home/yunmo/Documents/gwangjin_ninja/1.pcap
2023-05-10 20:07:19 INFO  cic.cs.unb.ca.ifm.Cmd    You select: /home/yunmo/Documents/gwangjin_ninja/1.pcap
2023-05-10 20:07:19 INFO  cic.cs.unb.ca.ifm.Cmd    Out folder: ../../
2023-05-10 20:07:21 INFO  cic.cs.unb.ca.ifm.Cmd    CICFlowMeter received 1 pcap file
2023-05-10 20:07:26 DEBUG cic.cs.unb.ca.jnetpcap.PacketReader    Read All packets on /home/yunmo/Documents/gwangjin_ninja/1.pcap
2023-05-10 20:07:26 INFO  cic.cs.unb.ca.ifm.Cmd    You select: /home/yunmo/Documents/gwangjin_ninja/1.pcap
2023-05-10 20:07:26 INFO  cic.cs.unb.ca.ifm.Cmd    Out folder: ../../
2023-05-10 20:07:29 INFO  cic.cs.unb.ca.ifm.Cmd    CICFlowMeter received 1 pcap file
2023-05-10 20:07:32 INFO  cic.cs.unb.ca.ifm.Cmd    You select: /home/yunmo/Documents/gwangjin_ninja/1.pcap
2023-05-10 20:07:32 INFO  cic.cs.unb.ca.ifm.Cmd    Out folder: ../../
2023-05-10 20:07:33 DEBUG cic.cs.unb.ca.jnetpcap.PacketReader    Read All packets on /home/yunmo/Documents/gwangjin_ninja/1.pcap
2023-05-10 20:07:36 INFO  cic.cs.unb.ca.ifm.Cmd    CICFlowMeter received 1 pcap file
2023-05-10 20:07:37 INFO  cic.cs.unb.ca.ifm.Cmd    You select: /home/yunmo/Documents/gwangjin_ninja/1.pcap
2023-05-10 20:07:37 INFO  cic.cs.unb.ca.ifm.Cmd    Out folder: ../../
2023-05-10 20:07:39 DEBUG cic.cs.unb.ca.jnetpcap.PacketReader    Read All packets on /home/yunmo/Documents/gwangjin_ninja/1.pcap
2023-05-10 20:30:55 INFO  cic.cs.unb.ca.ifm.Cmd    You select: /home/yunmo/Documents/gwangjin_ninja/1.pcap
2023-05-10 20:30:55 INFO  cic.cs.unb.ca.ifm.Cmd    Out folder: ../../
2023-05-10 20:30:56 INFO  cic.cs.unb.ca.ifm.Cmd    CICFlowMeter received 1 pcap file
2023-05-10 20:30:57 ERROR cic.cs.unb.ca.jnetpcap.PacketReader    Error while opening file for capture: truncated dump file; tried to read 4 file header bytes, only got 0
2023-05-10 20:31:02 INFO  cic.cs.unb.ca.ifm.Cmd    You select: /home/yunmo/Documents/gwangjin_ninja/1.pcap
2023-05-10 20:31:02 INFO  cic.cs.unb.ca.ifm.Cmd    Out folder: ../../
2023-05-10 20:31:03 INFO  cic.cs.unb.ca.ifm.Cmd    CICFlowMeter received 1 pcap file
2023-05-10 20:31:03 ERROR cic.cs.unb.ca.jnetpcap.PacketReader    Error while opening file for capture: truncated dump file; tried to read 4 file header bytes, only got 0
2023-05-10 20:31:07 INFO  cic.cs.unb.ca.ifm.Cmd    You select: /home/yunmo/Documents/gwangjin_ninja/1.pcap
2023-05-10 20:31:07 INFO  cic.cs.unb.ca.ifm.Cmd    Out folder: ../../
2023-05-10 20:31:08 INFO  cic.cs.unb.ca.ifm.Cmd    CICFlowMeter received 1 pcap file
2023-05-10 20:31:08 ERROR cic.cs.unb.ca.jnetpcap.PacketReader    Error while opening file for capture: truncated dump file; tried to read 4 file header bytes, only got 0
2023-05-10 20:31:13 INFO  cic.cs.unb.ca.ifm.Cmd    You select: /home/yunmo/Documents/gwangjin_ninja/1.pcap
2023-05-10 20:31:13 INFO  cic.cs.unb.ca.ifm.Cmd    Out folder: ../../
2023-05-10 20:31:14 INFO  cic.cs.unb.ca.ifm.Cmd    CICFlowMeter received 1 pcap file
2023-05-10 20:31:14 ERROR cic.cs.unb.ca.jnetpcap.PacketReader    Error while opening file for capture: truncated dump file; tried to read 4 file header bytes, only got 0
2023-05-10 20:31:19 INFO  cic.cs.unb.ca.ifm.Cmd    You select: /home/yunmo/Documents/gwangjin_ninja/1.pcap
2023-05-10 20:31:19 INFO  cic.cs.unb.ca.ifm.Cmd    Out folder: ../../
2023-05-10 20:31:20 INFO  cic.cs.unb.ca.ifm.Cmd    CICFlowMeter received 1 pcap file
2023-05-10 20:31:20 ERROR cic.cs.unb.ca.jnetpcap.PacketReader    Error while opening file for capture: truncated dump file; tried to read 4 file header bytes, only got 0
2023-05-10 20:31:26 INFO  cic.cs.unb.ca.ifm.Cmd    You select: /home/yunmo/Documents/gwangjin_ninja/1.pcap
2023-05-10 20:31:26 INFO  cic.cs.unb.ca.ifm.Cmd    Out folder: ../../
2023-05-10 20:31:27 INFO  cic.cs.unb.ca.ifm.Cmd    CICFlowMeter received 1 pcap file
2023-05-10 20:31:27 ERROR cic.cs.unb.ca.jnetpcap.PacketReader    Error while opening file for capture: truncated dump file; tried to read 4 file header bytes, only got 0
2023-05-10 20:31:32 INFO  cic.cs.unb.ca.ifm.Cmd    You select: /home/yunmo/Documents/gwangjin_ninja/1.pcap
2023-05-10 20:31:32 INFO  cic.cs.unb.ca.ifm.Cmd    Out folder: ../../
2023-05-10 20:31:33 INFO  cic.cs.unb.ca.ifm.Cmd    CICFlowMeter received 1 pcap file
2023-05-10 20:31:35 DEBUG cic.cs.unb.ca.jnetpcap.PacketReader    Read All packets on /home/yunmo/Documents/gwangjin_ninja/1.pcap
2023-05-10 20:31:38 INFO  cic.cs.unb.ca.ifm.Cmd    You select: /home/yunmo/Documents/gwangjin_ninja/1.pcap
2023-05-10 20:31:38 INFO  cic.cs.unb.ca.ifm.Cmd    Out folder: ../../
2023-05-10 20:31:39 INFO  cic.cs.unb.ca.ifm.Cmd    CICFlowMeter received 1 pcap file
2023-05-10 20:31:40 DEBUG cic.cs.unb.ca.jnetpcap.PacketReader    Read All packets on /home/yunmo/Documents/gwangjin_ninja/1.pcap
2023-05-10 20:35:11 INFO  cic.cs.unb.ca.ifm.Cmd    You select: /home/yunmo/Documents/gwangjin_ninja/1.pcap
2023-05-10 20:35:11 INFO  cic.cs.unb.ca.ifm.Cmd    Out folder: ../../
2023-05-10 20:35:12 INFO  cic.cs.unb.ca.ifm.Cmd    CICFlowMeter received 1 pcap file
2023-05-10 20:35:14 DEBUG cic.cs.unb.ca.jnetpcap.PacketReader    Read All packets on /home/yunmo/Documents/gwangjin_ninja/1.pcap
2023-05-10 20:35:17 INFO  cic.cs.unb.ca.ifm.Cmd    You select: /home/yunmo/Documents/gwangjin_ninja/1.pcap
2023-05-10 20:35:17 INFO  cic.cs.unb.ca.ifm.Cmd    Out folder: ../../
2023-05-10 20:35:18 INFO  cic.cs.unb.ca.ifm.Cmd    CICFlowMeter received 1 pcap file
2023-05-10 20:35:19 DEBUG cic.cs.unb.ca.jnetpcap.PacketReader    Read All packets on /home/yunmo/Documents/gwangjin_ninja/1.pcap
2023-05-10 20:35:23 INFO  cic.cs.unb.ca.ifm.Cmd    You select: /home/yunmo/Documents/gwangjin_ninja/1.pcap
2023-05-10 20:35:23 INFO  cic.cs.unb.ca.ifm.Cmd    Out folder: ../../
2023-05-10 20:35:24 INFO  cic.cs.unb.ca.ifm.Cmd    CICFlowMeter received 1 pcap file
2023-05-10 20:35:25 DEBUG cic.cs.unb.ca.jnetpcap.PacketReader    Read All packets on /home/yunmo/Documents/gwangjin_ninja/1.pcap
2023-05-10 20:49:15 INFO  cic.cs.unb.ca.ifm.Cmd    You select: /home/yunmo/Documents/gwangjin_ninja/1.pcap
2023-05-10 20:49:15 INFO  cic.cs.unb.ca.ifm.Cmd    Out folder: ../../
2023-05-10 20:49:15 INFO  cic.cs.unb.ca.ifm.Cmd    CICFlowMeter received 1 pcap file
2023-05-10 20:49:16 ERROR cic.cs.unb.ca.jnetpcap.PacketReader    Error while opening file for capture: truncated dump file; tried to read 4 file header bytes, only got 0
2023-05-10 20:49:20 INFO  cic.cs.unb.ca.ifm.Cmd    You select: /home/yunmo/Documents/gwangjin_ninja/1.pcap
2023-05-10 20:49:20 INFO  cic.cs.unb.ca.ifm.Cmd    Out folder: ../../
2023-05-10 20:49:21 INFO  cic.cs.unb.ca.ifm.Cmd    CICFlowMeter received 1 pcap file
2023-05-10 20:49:22 ERROR cic.cs.unb.ca.jnetpcap.PacketReader    Error while opening file for capture: truncated dump file; tried to read 4 file header bytes, only got 0
2023-05-10 20:49:27 INFO  cic.cs.unb.ca.ifm.Cmd    You select: /home/yunmo/Documents/gwangjin_ninja/1.pcap
2023-05-10 20:49:27 INFO  cic.cs.unb.ca.ifm.Cmd    Out folder: ../../
2023-05-10 20:49:27 INFO  cic.cs.unb.ca.ifm.Cmd    CICFlowMeter received 1 pcap file
2023-05-10 20:49:28 ERROR cic.cs.unb.ca.jnetpcap.PacketReader    Error while opening file for capture: truncated dump file; tried to read 4 file header bytes, only got 0
2023-05-10 20:49:33 INFO  cic.cs.unb.ca.ifm.Cmd    You select: /home/yunmo/Documents/gwangjin_ninja/1.pcap
2023-05-10 20:49:33 INFO  cic.cs.unb.ca.ifm.Cmd    Out folder: ../../
2023-05-10 20:49:33 INFO  cic.cs.unb.ca.ifm.Cmd    CICFlowMeter received 1 pcap file
2023-05-10 20:49:35 DEBUG cic.cs.unb.ca.jnetpcap.PacketReader    Read All packets on /home/yunmo/Documents/gwangjin_ninja/1.pcap
2023-05-10 20:49:38 INFO  cic.cs.unb.ca.ifm.Cmd    You select: /home/yunmo/Documents/gwangjin_ninja/1.pcap
2023-05-10 20:49:38 INFO  cic.cs.unb.ca.ifm.Cmd    Out folder: ../../
2023-05-10 20:49:39 INFO  cic.cs.unb.ca.ifm.Cmd    CICFlowMeter received 1 pcap file
2023-05-10 20:49:40 DEBUG cic.cs.unb.ca.jnetpcap.PacketReader    Read All packets on /home/yunmo/Documents/gwangjin_ninja/1.pcap
2023-05-10 20:49:45 INFO  cic.cs.unb.ca.ifm.Cmd    You select: /home/yunmo/Documents/gwangjin_ninja/1.pcap
2023-05-10 20:49:45 INFO  cic.cs.unb.ca.ifm.Cmd    Out folder: ../../
2023-05-10 20:49:45 INFO  cic.cs.unb.ca.ifm.Cmd    CICFlowMeter received 1 pcap file
2023-05-10 20:49:47 DEBUG cic.cs.unb.ca.jnetpcap.PacketReader    Read All packets on /home/yunmo/Documents/gwangjin_ninja/1.pcap
2023-05-10 20:49:50 INFO  cic.cs.unb.ca.ifm.Cmd    You select: /home/yunmo/Documents/gwangjin_ninja/1.pcap
2023-05-10 20:49:50 INFO  cic.cs.unb.ca.ifm.Cmd    Out folder: ../../
2023-05-10 20:49:51 INFO  cic.cs.unb.ca.ifm.Cmd    CICFlowMeter received 1 pcap file
2023-05-10 20:49:52 DEBUG cic.cs.unb.ca.jnetpcap.PacketReader    Read All packets on /home/yunmo/Documents/gwangjin_ninja/1.pcap
2023-05-10 20:49:57 INFO  cic.cs.unb.ca.ifm.Cmd    You select: /home/yunmo/Documents/gwangjin_ninja/1.pcap
2023-05-10 20:49:57 INFO  cic.cs.unb.ca.ifm.Cmd    Out folder: ../../
2023-05-10 20:49:57 INFO  cic.cs.unb.ca.ifm.Cmd    CICFlowMeter received 1 pcap file
2023-05-10 20:49:58 ERROR cic.cs.unb.ca.jnetpcap.PacketReader    Error while opening file for capture: truncated dump file; tried to read 4 file header bytes, only got 0
2023-05-10 20:50:03 INFO  cic.cs.unb.ca.ifm.Cmd    You select: /home/yunmo/Documents/gwangjin_ninja/1.pcap
2023-05-10 20:50:03 INFO  cic.cs.unb.ca.ifm.Cmd    Out folder: ../../
2023-05-10 20:50:03 INFO  cic.cs.unb.ca.ifm.Cmd    CICFlowMeter received 1 pcap file
2023-05-10 20:50:04 ERROR cic.cs.unb.ca.jnetpcap.PacketReader    Error while opening file for capture: truncated dump file; tried to read 4 file header bytes, only got 0
2023-05-10 20:50:09 INFO  cic.cs.unb.ca.ifm.Cmd    You select: /home/yunmo/Documents/gwangjin_ninja/1.pcap
2023-05-10 20:50:09 INFO  cic.cs.unb.ca.ifm.Cmd    Out folder: ../../
2023-05-10 20:50:09 INFO  cic.cs.unb.ca.ifm.Cmd    CICFlowMeter received 1 pcap file
2023-05-10 20:50:10 ERROR cic.cs.unb.ca.jnetpcap.PacketReader    Error while opening file for capture: truncated dump file; tried to read 4 file header bytes, only got 0
2023-05-10 20:50:15 INFO  cic.cs.unb.ca.ifm.Cmd    You select: /home/yunmo/Documents/gwangjin_ninja/1.pcap
2023-05-10 20:50:15 INFO  cic.cs.unb.ca.ifm.Cmd    Out folder: ../../
2023-05-10 20:50:15 INFO  cic.cs.unb.ca.ifm.Cmd    CICFlowMeter received 1 pcap file
2023-05-10 20:50:17 DEBUG cic.cs.unb.ca.jnetpcap.PacketReader    Read All packets on /home/yunmo/Documents/gwangjin_ninja/1.pcap
2023-05-10 20:50:20 INFO  cic.cs.unb.ca.ifm.Cmd    You select: /home/yunmo/Documents/gwangjin_ninja/1.pcap
2023-05-10 20:50:20 INFO  cic.cs.unb.ca.ifm.Cmd    Out folder: ../../
2023-05-10 20:50:21 INFO  cic.cs.unb.ca.ifm.Cmd    CICFlowMeter received 1 pcap file
2023-05-10 20:50:21 ERROR cic.cs.unb.ca.jnetpcap.PacketReader    Error while opening file for capture: truncated dump file; tried to read 4 file header bytes, only got 0
2023-05-10 20:50:26 INFO  cic.cs.unb.ca.ifm.Cmd    You select: /home/yunmo/Documents/gwangjin_ninja/1.pcap
2023-05-10 20:50:26 INFO  cic.cs.unb.ca.ifm.Cmd    Out folder: ../../
2023-05-10 20:50:27 INFO  cic.cs.unb.ca.ifm.Cmd    CICFlowMeter received 1 pcap file
2023-05-10 20:50:28 ERROR cic.cs.unb.ca.jnetpcap.PacketReader    Error while opening file for capture: truncated dump file; tried to read 4 file header bytes, only got 0
2023-05-10 20:50:33 INFO  cic.cs.unb.ca.ifm.Cmd    You select: /home/yunmo/Documents/gwangjin_ninja/1.pcap
2023-05-10 20:50:33 INFO  cic.cs.unb.ca.ifm.Cmd    Out folder: ../../
2023-05-10 20:50:33 INFO  cic.cs.unb.ca.ifm.Cmd    CICFlowMeter received 1 pcap file
2023-05-10 20:50:35 DEBUG cic.cs.unb.ca.jnetpcap.PacketReader    Read All packets on /home/yunmo/Documents/gwangjin_ninja/1.pcap
2023-05-10 20:50:39 INFO  cic.cs.unb.ca.ifm.Cmd    You select: /home/yunmo/Documents/gwangjin_ninja/1.pcap
2023-05-10 20:50:39 INFO  cic.cs.unb.ca.ifm.Cmd    Out folder: ../../
2023-05-10 20:50:40 INFO  cic.cs.unb.ca.ifm.Cmd    CICFlowMeter received 1 pcap file
2023-05-10 20:50:41 DEBUG cic.cs.unb.ca.jnetpcap.PacketReader    Read All packets on /home/yunmo/Documents/gwangjin_ninja/1.pcap
2023-05-10 20:50:45 INFO  cic.cs.unb.ca.ifm.Cmd    You select: /home/yunmo/Documents/gwangjin_ninja/1.pcap
2023-05-10 20:50:45 INFO  cic.cs.unb.ca.ifm.Cmd    Out folder: ../../
2023-05-10 20:50:46 INFO  cic.cs.unb.ca.ifm.Cmd    CICFlowMeter received 1 pcap file
2023-05-10 20:50:47 DEBUG cic.cs.unb.ca.jnetpcap.PacketReader    Read All packets on /home/yunmo/Documents/gwangjin_ninja/1.pcap
2023-05-10 20:50:51 INFO  cic.cs.unb.ca.ifm.Cmd    You select: /home/yunmo/Documents/gwangjin_ninja/1.pcap
2023-05-10 20:50:51 INFO  cic.cs.unb.ca.ifm.Cmd    Out folder: ../../
2023-05-10 20:50:52 INFO  cic.cs.unb.ca.ifm.Cmd    CICFlowMeter received 1 pcap file
2023-05-10 20:50:53 DEBUG cic.cs.unb.ca.jnetpcap.PacketReader    Read All packets on /home/yunmo/Documents/gwangjin_ninja/1.pcap
2023-05-10 20:50:57 INFO  cic.cs.unb.ca.ifm.Cmd    You select: /home/yunmo/Documents/gwangjin_ninja/1.pcap
2023-05-10 20:50:57 INFO  cic.cs.unb.ca.ifm.Cmd    Out folder: ../../
2023-05-10 20:50:57 INFO  cic.cs.unb.ca.ifm.Cmd    CICFlowMeter received 1 pcap file
2023-05-10 20:50:59 DEBUG cic.cs.unb.ca.jnetpcap.PacketReader    Read All packets on /home/yunmo/Documents/gwangjin_ninja/1.pcap
2023-05-10 20:51:03 INFO  cic.cs.unb.ca.ifm.Cmd    You select: /home/yunmo/Documents/gwangjin_ninja/1.pcap
2023-05-10 20:51:03 INFO  cic.cs.unb.ca.ifm.Cmd    Out folder: ../../
2023-05-10 20:51:03 INFO  cic.cs.unb.ca.ifm.Cmd    CICFlowMeter received 1 pcap file
2023-05-10 20:51:04 ERROR cic.cs.unb.ca.jnetpcap.PacketReader    Error while opening file for capture: truncated dump file; tried to read 4 file header bytes, only got 0
2023-05-10 20:51:09 INFO  cic.cs.unb.ca.ifm.Cmd    You select: /home/yunmo/Documents/gwangjin_ninja/1.pcap
2023-05-10 20:51:09 INFO  cic.cs.unb.ca.ifm.Cmd    Out folder: ../../
2023-05-10 20:51:09 INFO  cic.cs.unb.ca.ifm.Cmd    CICFlowMeter received 1 pcap file
2023-05-10 20:51:10 ERROR cic.cs.unb.ca.jnetpcap.PacketReader    Error while opening file for capture: truncated dump file; tried to read 4 file header bytes, only got 0
2023-05-10 20:51:15 INFO  cic.cs.unb.ca.ifm.Cmd    You select: /home/yunmo/Documents/gwangjin_ninja/1.pcap
2023-05-10 20:51:15 INFO  cic.cs.unb.ca.ifm.Cmd    Out folder: ../../
2023-05-10 20:51:16 INFO  cic.cs.unb.ca.ifm.Cmd    CICFlowMeter received 1 pcap file
2023-05-10 20:51:17 DEBUG cic.cs.unb.ca.jnetpcap.PacketReader    Read All packets on /home/yunmo/Documents/gwangjin_ninja/1.pcap
2023-05-10 20:51:21 INFO  cic.cs.unb.ca.ifm.Cmd    You select: /home/yunmo/Documents/gwangjin_ninja/1.pcap
2023-05-10 20:51:21 INFO  cic.cs.unb.ca.ifm.Cmd    Out folder: ../../
2023-05-10 20:51:21 INFO  cic.cs.unb.ca.ifm.Cmd    CICFlowMeter received 1 pcap file
2023-05-10 20:51:22 ERROR cic.cs.unb.ca.jnetpcap.PacketReader    Error while opening file for capture: truncated dump file; tried to read 4 file header bytes, only got 0
2023-05-10 20:51:27 INFO  cic.cs.unb.ca.ifm.Cmd    You select: /home/yunmo/Documents/gwangjin_ninja/1.pcap
2023-05-10 20:51:27 INFO  cic.cs.unb.ca.ifm.Cmd    Out folder: ../../
2023-05-10 20:51:28 INFO  cic.cs.unb.ca.ifm.Cmd    CICFlowMeter received 1 pcap file
2023-05-10 20:51:29 DEBUG cic.cs.unb.ca.jnetpcap.PacketReader    Read All packets on /home/yunmo/Documents/gwangjin_ninja/1.pcap
2023-05-10 20:51:33 INFO  cic.cs.unb.ca.ifm.Cmd    You select: /home/yunmo/Documents/gwangjin_ninja/1.pcap
2023-05-10 20:51:33 INFO  cic.cs.unb.ca.ifm.Cmd    Out folder: ../../
2023-05-10 20:51:34 INFO  cic.cs.unb.ca.ifm.Cmd    CICFlowMeter received 1 pcap file
2023-05-10 20:51:35 DEBUG cic.cs.unb.ca.jnetpcap.PacketReader    Read All packets on /home/yunmo/Documents/gwangjin_ninja/1.pcap
2023-05-10 20:51:39 INFO  cic.cs.unb.ca.ifm.Cmd    You select: /home/yunmo/Documents/gwangjin_ninja/1.pcap
2023-05-10 20:51:39 INFO  cic.cs.unb.ca.ifm.Cmd    Out folder: ../../
2023-05-10 20:51:39 INFO  cic.cs.unb.ca.ifm.Cmd    CICFlowMeter received 1 pcap file
2023-05-10 20:51:39 ERROR cic.cs.unb.ca.jnetpcap.PacketReader    Error while opening file for capture: truncated dump file; tried to read 4 file header bytes, only got 0
2023-05-10 20:51:44 INFO  cic.cs.unb.ca.ifm.Cmd    You select: /home/yunmo/Documents/gwangjin_ninja/1.pcap
2023-05-10 20:51:44 INFO  cic.cs.unb.ca.ifm.Cmd    Out folder: ../../
2023-05-10 20:51:45 INFO  cic.cs.unb.ca.ifm.Cmd    CICFlowMeter received 1 pcap file
2023-05-10 20:51:46 DEBUG cic.cs.unb.ca.jnetpcap.PacketReader    Read All packets on /home/yunmo/Documents/gwangjin_ninja/1.pcap
2023-05-10 20:51:51 INFO  cic.cs.unb.ca.ifm.Cmd    You select: /home/yunmo/Documents/gwangjin_ninja/1.pcap
2023-05-10 20:51:51 INFO  cic.cs.unb.ca.ifm.Cmd    Out folder: ../../
2023-05-10 20:51:52 INFO  cic.cs.unb.ca.ifm.Cmd    CICFlowMeter received 1 pcap file
2023-05-10 20:51:53 DEBUG cic.cs.unb.ca.jnetpcap.PacketReader    Read All packets on /home/yunmo/Documents/gwangjin_ninja/1.pcap
2023-05-10 20:51:57 INFO  cic.cs.unb.ca.ifm.Cmd    You select: /home/yunmo/Documents/gwangjin_ninja/1.pcap
2023-05-10 20:51:57 INFO  cic.cs.unb.ca.ifm.Cmd    Out folder: ../../
2023-05-10 20:51:57 INFO  cic.cs.unb.ca.ifm.Cmd    CICFlowMeter received 1 pcap file
2023-05-10 20:51:59 DEBUG cic.cs.unb.ca.jnetpcap.PacketReader    Read All packets on /home/yunmo/Documents/gwangjin_ninja/1.pcap
2023-05-10 20:52:03 INFO  cic.cs.unb.ca.ifm.Cmd    You select: /home/yunmo/Documents/gwangjin_ninja/1.pcap
2023-05-10 20:52:03 INFO  cic.cs.unb.ca.ifm.Cmd    Out folder: ../../
2023-05-10 20:52:03 INFO  cic.cs.unb.ca.ifm.Cmd    CICFlowMeter received 1 pcap file
2023-05-10 20:52:05 DEBUG cic.cs.unb.ca.jnetpcap.PacketReader    Read All packets on /home/yunmo/Documents/gwangjin_ninja/1.pcap
2023-05-10 20:52:09 INFO  cic.cs.unb.ca.ifm.Cmd    You select: /home/yunmo/Documents/gwangjin_ninja/1.pcap
2023-05-10 20:52:09 INFO  cic.cs.unb.ca.ifm.Cmd    Out folder: ../../
2023-05-10 20:52:09 INFO  cic.cs.unb.ca.ifm.Cmd    CICFlowMeter received 1 pcap file
2023-05-10 20:52:11 DEBUG cic.cs.unb.ca.jnetpcap.PacketReader    Read All packets on /home/yunmo/Documents/gwangjin_ninja/1.pcap
2023-05-10 20:52:15 INFO  cic.cs.unb.ca.ifm.Cmd    You select: /home/yunmo/Documents/gwangjin_ninja/1.pcap
2023-05-10 20:52:15 INFO  cic.cs.unb.ca.ifm.Cmd    Out folder: ../../
2023-05-10 20:52:16 INFO  cic.cs.unb.ca.ifm.Cmd    CICFlowMeter received 1 pcap file
2023-05-10 20:52:17 DEBUG cic.cs.unb.ca.jnetpcap.PacketReader    Read All packets on /home/yunmo/Documents/gwangjin_ninja/1.pcap
2023-05-10 20:52:21 INFO  cic.cs.unb.ca.ifm.Cmd    You select: /home/yunmo/Documents/gwangjin_ninja/1.pcap
2023-05-10 20:52:21 INFO  cic.cs.unb.ca.ifm.Cmd    Out folder: ../../
2023-05-10 20:52:21 INFO  cic.cs.unb.ca.ifm.Cmd    CICFlowMeter received 1 pcap file
2023-05-10 20:52:22 ERROR cic.cs.unb.ca.jnetpcap.PacketReader    Error while opening file for capture: truncated dump file; tried to read 4 file header bytes, only got 0
2023-05-10 20:52:27 INFO  cic.cs.unb.ca.ifm.Cmd    You select: /home/yunmo/Documents/gwangjin_ninja/1.pcap
2023-05-10 20:52:27 INFO  cic.cs.unb.ca.ifm.Cmd    Out folder: ../../
2023-05-10 20:52:27 INFO  cic.cs.unb.ca.ifm.Cmd    CICFlowMeter received 1 pcap file
2023-05-10 20:52:29 DEBUG cic.cs.unb.ca.jnetpcap.PacketReader    Read All packets on /home/yunmo/Documents/gwangjin_ninja/1.pcap
2023-05-10 20:52:33 INFO  cic.cs.unb.ca.ifm.Cmd    You select: /home/yunmo/Documents/gwangjin_ninja/1.pcap
2023-05-10 20:52:33 INFO  cic.cs.unb.ca.ifm.Cmd    Out folder: ../../
