2/6/2023 -- 15:01:11 - <Notice> - This is Suricata version 6.0.4 RELEASE running in SYSTEM mode
2/6/2023 -- 15:01:11 - <Info> - CPUs/cores online: 16
2/6/2023 -- 15:01:11 - <Info> - NFQ running in route mode with next queue 1
2/6/2023 -- 15:01:11 - <Info> - fast output device (regular) initialized: fast.log
2/6/2023 -- 15:01:11 - <Info> - eve-log output device (regular) initialized: eve.json
2/6/2023 -- 15:01:11 - <Info> - stats output device (regular) initialized: stats.log
2/6/2023 -- 15:01:11 - <Info> - Running in live mode, activating unix socket
2/6/2023 -- 15:01:11 - <Info> - 1 rule files processed. 1 rules successfully loaded, 0 rules failed
2/6/2023 -- 15:01:11 - <Info> - Threshold config parsed: 0 rule(s) found
2/6/2023 -- 15:01:11 - <Info> - 1 signatures processed. 1 are IP-only rules, 0 are inspecting packet payload, 0 inspect application layer, 0 are decoder event only
2/6/2023 -- 15:01:11 - <Info> - binding this thread 0 to queue '0'
2/6/2023 -- 15:01:11 - <Info> - setting queue length to 4096
2/6/2023 -- 15:01:11 - <Info> - setting nfnl bufsize to 6144000
2/6/2023 -- 15:01:12 - <Info> - Running in live mode, activating unix socket
2/6/2023 -- 15:01:12 - <Info> - Using unix socket file '/var/suricata-command.socket'
2/6/2023 -- 15:01:12 - <Notice> - all 18 packet processing threads, 4 management threads initialized, engine started.
2/6/2023 -- 15:05:03 - <Notice> - Signal Received.  Stopping engine.
2/6/2023 -- 15:05:03 - <Info> - time elapsed 231.990s
2/6/2023 -- 15:05:03 - <Notice> - (RX-NFQ#0) Treated: Pkts 36, Bytes 1924, Errors 0
2/6/2023 -- 15:05:03 - <Notice> - (RX-NFQ#0) Verdict: Accepted 36, Dropped 0, Replaced 0
2/6/2023 -- 15:05:04 - <Info> - Alerts: 0
2/6/2023 -- 15:05:04 - <Info> - cleaning up signature grouping structure... complete
2/6/2023 -- 15:10:14 - <Notice> - This is Suricata version 6.0.4 RELEASE running in SYSTEM mode
2/6/2023 -- 15:10:14 - <Info> - CPUs/cores online: 16
2/6/2023 -- 15:10:14 - <Info> - NFQ running in route mode with next queue 1
2/6/2023 -- 15:10:14 - <Info> - fast output device (regular) initialized: fast.log
2/6/2023 -- 15:10:14 - <Info> - eve-log output device (regular) initialized: eve.json
2/6/2023 -- 15:10:14 - <Info> - stats output device (regular) initialized: stats.log
2/6/2023 -- 15:10:14 - <Info> - Running in live mode, activating unix socket
2/6/2023 -- 15:10:14 - <Info> - 1 rule files processed. 1 rules successfully loaded, 0 rules failed
2/6/2023 -- 15:10:14 - <Info> - Threshold config parsed: 0 rule(s) found
2/6/2023 -- 15:10:14 - <Info> - 1 signatures processed. 1 are IP-only rules, 0 are inspecting packet payload, 0 inspect application layer, 0 are decoder event only
2/6/2023 -- 15:10:14 - <Info> - binding this thread 0 to queue '0'
2/6/2023 -- 15:10:14 - <Info> - setting queue length to 4096
2/6/2023 -- 15:10:14 - <Info> - setting nfnl bufsize to 6144000
2/6/2023 -- 15:10:14 - <Info> - Running in live mode, activating unix socket
2/6/2023 -- 15:10:14 - <Info> - Using unix socket file '/var/suricata-command.socket'
2/6/2023 -- 15:10:14 - <Notice> - all 18 packet processing threads, 4 management threads initialized, engine started.
2/6/2023 -- 15:38:07 - <Notice> - Signal Received.  Stopping engine.
2/6/2023 -- 15:38:07 - <Info> - time elapsed 1673.347s
2/6/2023 -- 15:38:07 - <Notice> - (RX-NFQ#0) Treated: Pkts 191, Bytes 16587, Errors 0
2/6/2023 -- 15:38:07 - <Notice> - (RX-NFQ#0) Verdict: Accepted 186, Dropped 5, Replaced 0
2/6/2023 -- 15:38:08 - <Info> - Alerts: 1
2/6/2023 -- 15:38:08 - <Info> - cleaning up signature grouping structure... complete
